[ 2018-09-17T10:00:31+08:00 ] 127.0.0.1 /Admin/Article/index/cate_id/62.html
INFO: [ app_init ] --START--
INFO: Run Behavior\BuildLiteBehavior [ RunTime:0.000000s ]
INFO: Run Common\Behavior\InitHookBehavior [ RunTime:0.005000s ]
INFO: [ app_init ] --END-- [ RunTime:0.006000s ]
INFO: [ app_begin ] --START--
INFO: Run Behavior\ReadHtmlCacheBehavior [ RunTime:0.001000s ]
INFO: [ app_begin ] --END-- [ RunTime:0.001000s ]

[ 2018-09-17T10:00:31+08:00 ] 127.0.0.1 /index.php?s=/Admin/Public/login.html
INFO: [ app_init ] --START--
INFO: Run Behavior\BuildLiteBehavior [ RunTime:0.000000s ]
INFO: Run Common\Behavior\InitHookBehavior [ RunTime:0.003000s ]
INFO: [ app_init ] --END-- [ RunTime:0.004000s ]
INFO: [ app_begin ] --START--
INFO: Run Behavior\ReadHtmlCacheBehavior [ RunTime:0.001000s ]
INFO: [ app_begin ] --END-- [ RunTime:0.001000s ]
INFO: [ view_parse ] --START--
INFO: [ template_filter ] --START--
INFO: Run Behavior\ContentReplaceBehavior [ RunTime:0.000000s ]
INFO: [ template_filter ] --END-- [ RunTime:0.000000s ]
INFO: Run Behavior\ParseTemplateBehavior [ RunTime:0.016000s ]
INFO: [ view_parse ] --END-- [ RunTime:0.016000s ]
INFO: [ view_filter ] --START--
INFO: Run Behavior\WriteHtmlCacheBehavior [ RunTime:0.001000s ]
INFO: [ view_filter ] --END-- [ RunTime:0.001000s ]
INFO: [ app_end ] --START--
INFO: Run Behavior\ShowPageTraceBehavior [ RunTime:0.001000s ]
INFO: [ app_end ] --END-- [ RunTime:0.001000s ]

[ 2018-09-17T10:00:31+08:00 ] 127.0.0.1 /index.php?s=/Admin/Public/verify.html
INFO: [ app_init ] --START--
INFO: Run Behavior\BuildLiteBehavior [ RunTime:0.000000s ]
INFO: Run Common\Behavior\InitHookBehavior [ RunTime:0.003000s ]
INFO: [ app_init ] --END-- [ RunTime:0.003000s ]
INFO: [ app_begin ] --START--
INFO: Run Behavior\ReadHtmlCacheBehavior [ RunTime:0.001000s ]
INFO: [ app_begin ] --END-- [ RunTime:0.001000s ]
INFO: [ app_end ] --START--
INFO: Run Behavior\ShowPageTraceBehavior [ RunTime:0.003000s ]
INFO: [ app_end ] --END-- [ RunTime:0.003000s ]

[ 2018-09-17T10:00:39+08:00 ] 127.0.0.1 /index.php?s=/Admin/Public/login.html
INFO: [ app_init ] --START--
INFO: Run Behavior\BuildLiteBehavior [ RunTime:0.000000s ]
INFO: Run Common\Behavior\InitHookBehavior [ RunTime:0.004000s ]
INFO: [ app_init ] --END-- [ RunTime:0.004000s ]
INFO: [ app_begin ] --START--
INFO: Run Behavior\ReadHtmlCacheBehavior [ RunTime:0.001000s ]
INFO: [ app_begin ] --END-- [ RunTime:0.001000s ]
SQL: SHOW COLUMNS FROM `one_member` [ RunTime:0.0300s ]
SQL: SELECT `uid`,`nickname`,`sex`,`birthday`,`qq`,`score`,`login`,`reg_ip`,`reg_time`,`last_login_ip`,`last_login_time`,`status` FROM `one_member` WHERE `uid` = 1 LIMIT 1   [ RunTime:0.0000s ]
SQL: SHOW COLUMNS FROM `one_action` [ RunTime:0.0210s ]
SQL: SELECT * FROM `one_action` WHERE `name` = 'user_login' LIMIT 1   [ RunTime:0.0010s ]
SQL: SHOW COLUMNS FROM `one_action_log` [ RunTime:0.0160s ]
SQL: INSERT INTO `one_action_log` (`action_id`,`user_id`,`action_ip`,`model`,`record_id`,`create_time`,`remark`) VALUES ('1','1','2130706433','member','1','1537149639','admin在2018-09-17 10:00登录了后台') [ RunTime:0.0120s ]
SQL: SELECT * FROM `one_action` WHERE `name` = 'user_login' LIMIT 1   [ RunTime:0.0000s ]
NOTIC: [8] Undefined offset: 1 D:\project\l.yasin.cn\yasin\onethink\wwwroot\Application\Common\Common\function.php 第 680 行.
NOTIC: [2] array_key_exists() expects parameter 2 to be array, null given D:\project\l.yasin.cn\yasin\onethink\wwwroot\Application\Common\Common\function.php 第 680 行.
SQL: SELECT COUNT(*) AS tp_count FROM `one_action_log` WHERE `action_id` = 1 AND `user_id` = 1 AND `create_time` > 1537063239 LIMIT 1   [ RunTime:0.1050s ]
SQL: SHOW COLUMNS FROM `one_member` [ RunTime:0.0200s ]
SQL: UPDATE `one_member` SET `score`=score+10 WHERE ( uid=1 AND status>-1 ) [ RunTime:0.0000s ]
SQL: UPDATE `one_member` SET `login`=`login`+1,`last_login_time`='1537149639',`last_login_ip`='2130706433' WHERE `uid` = 1 [ RunTime:0.0000s ]

[ 2018-09-17T10:00:39+08:00 ] 127.0.0.1 /index.php?s=/Admin/Index/index.html
INFO: [ app_init ] --START--
INFO: Run Behavior\BuildLiteBehavior [ RunTime:0.000000s ]
INFO: Run Common\Behavior\InitHookBehavior [ RunTime:0.003000s ]
INFO: [ app_init ] --END-- [ RunTime:0.004000s ]
INFO: [ app_begin ] --START--
INFO: Run Behavior\ReadHtmlCacheBehavior [ RunTime:0.001000s ]
INFO: [ app_begin ] --END-- [ RunTime:0.001000s ]
SQL: SHOW COLUMNS FROM `one_menu` [ RunTime:0.0200s ]
SQL: SELECT `id`,`title`,`url` FROM `one_menu` WHERE `pid` = 0 AND `hide` = 0 ORDER BY `sort` asc  [ RunTime:0.0010s ]
SQL: SELECT `pid` FROM `one_menu` WHERE ( pid !=0 AND url like '%Index/index%' ) LIMIT 1   [ RunTime:0.0010s ]
INFO: [ view_parse ] --START--
INFO: [ template_filter ] --START--
INFO: Run Behavior\ContentReplaceBehavior [ RunTime:0.000000s ]
INFO: [ template_filter ] --END-- [ RunTime:0.000000s ]
INFO: [ AdminIndex ] --START--
SQL: SHOW COLUMNS FROM `one_addons` [ RunTime:0.0210s ]
SQL: SELECT `config` FROM `one_addons` WHERE `name` = 'SiteStat' AND `status` = 1 LIMIT 1   [ RunTime:0.0010s ]
SQL: SHOW COLUMNS FROM `one_member` [ RunTime:0.0060s ]
SQL: SELECT COUNT(*) AS tp_count FROM `one_member` LIMIT 1   [ RunTime:0.0000s ]
SQL: SHOW COLUMNS FROM `one_action_log` [ RunTime:0.0070s ]
SQL: SELECT COUNT(*) AS tp_count FROM `one_action_log` LIMIT 1   [ RunTime:0.0010s ]
SQL: SHOW COLUMNS FROM `one_document` [ RunTime:0.0060s ]
SQL: SELECT COUNT(*) AS tp_count FROM `one_document` LIMIT 1   [ RunTime:0.0000s ]
SQL: SHOW COLUMNS FROM `one_category` [ RunTime:0.0070s ]
SQL: SELECT COUNT(*) AS tp_count FROM `one_category` LIMIT 1   [ RunTime:0.0000s ]
SQL: SHOW COLUMNS FROM `one_model` [ RunTime:0.0070s ]
SQL: SELECT COUNT(*) AS tp_count FROM `one_model` LIMIT 1   [ RunTime:0.0000s ]
INFO: [ view_parse ] --START--
INFO: [ template_filter ] --START--
INFO: Run Behavior\ContentReplaceBehavior [ RunTime:0.000000s ]
INFO: [ template_filter ] --END-- [ RunTime:-0.090000s ]
INFO: Run Behavior\ParseTemplateBehavior [ RunTime:0.020000s ]
INFO: [ view_parse ] --END-- [ RunTime:0.020000s ]
INFO: [ view_filter ] --START--
INFO: Run Behavior\WriteHtmlCacheBehavior [ RunTime:0.001000s ]
INFO: [ view_filter ] --END-- [ RunTime:0.001000s ]
INFO: Run Addons\SiteStat\SiteStatAddon [ RunTime:0.091000s ]
INFO: [ AdminIndex ] --END-- [ RunTime:0.091000s ]
INFO: Run Behavior\ParseTemplateBehavior [ RunTime:0.021000s ]
INFO: [ view_parse ] --END-- [ RunTime:0.020000s ]
INFO: [ view_filter ] --START--
INFO: Run Behavior\WriteHtmlCacheBehavior [ RunTime:0.000000s ]
INFO: [ view_filter ] --END-- [ RunTime:0.000000s ]
INFO: [ app_end ] --START--
INFO: Run Behavior\ShowPageTraceBehavior [ RunTime:0.001000s ]
INFO: [ app_end ] --END-- [ RunTime:0.001000s ]

[ 2018-09-17T10:00:41+08:00 ] 127.0.0.1 /index.php?s=/Admin/Article/index.html
INFO: [ app_init ] --START--
INFO: Run Behavior\BuildLiteBehavior [ RunTime:0.000000s ]
INFO: Run Common\Behavior\InitHookBehavior [ RunTime:0.003000s ]
INFO: [ app_init ] --END-- [ RunTime:0.003000s ]
INFO: [ app_begin ] --START--
INFO: Run Behavior\ReadHtmlCacheBehavior [ RunTime:0.001000s ]
INFO: [ app_begin ] --END-- [ RunTime:0.001000s ]
SQL: SHOW COLUMNS FROM `one_menu` [ RunTime:0.0060s ]
SQL: SELECT `id`,`title`,`url` FROM `one_menu` WHERE `pid` = 0 AND `hide` = 0 ORDER BY `sort` asc  [ RunTime:0.0000s ]
SQL: SELECT `pid` FROM `one_menu` WHERE ( pid !=0 AND url like '%Article/index%' ) LIMIT 1   [ RunTime:0.0000s ]
SQL: SELECT * FROM `one_menu` WHERE `id` = 2 LIMIT 1   [ RunTime:0.0010s ]
SQL: SELECT DISTINCT  `group` FROM `one_menu` WHERE `group` <> '' AND `pid` = 2  [ RunTime:0.0010s ]
SQL: SELECT `id`,`url` FROM `one_menu` WHERE `pid` = 2 AND `hide` = 0  [ RunTime:0.0000s ]
SQL: SELECT `id`,`pid`,`title`,`url`,`tip` FROM `one_menu` WHERE `group` = '内容' AND `pid` = 2 AND `hide` = 0 ORDER BY `sort` asc  [ RunTime:0.0000s ]
SQL: SHOW COLUMNS FROM `one_auth_group_access` [ RunTime:0.0070s ]
SQL: SELECT `extend_id` FROM one_auth_group_access g INNER JOIN one_auth_extend c on g.group_id=c.group_id  WHERE ( g.uid='1' and c.type='1' and !isnull(extend_id) )  [ RunTime:0.0010s ]
SQL: SHOW COLUMNS FROM `one_category` [ RunTime:0.0060s ]
SQL: SELECT `id`,`title`,`pid`,`allow_publish` FROM `one_category` WHERE `status` = 1 ORDER BY `pid`,`sort`  [ RunTime:0.0000s ]
SQL: SHOW COLUMNS FROM `one_model` [ RunTime:0.0060s ]
SQL: SELECT * FROM `one_model` WHERE `name` = 'document' LIMIT 1   [ RunTime:0.0010s ]
SQL: SHOW COLUMNS FROM `one_document` [ RunTime:0.0060s ]
SQL: SELECT COUNT(*) AS tp_count FROM one_document DOCUMENT WHERE `status` IN ('0','1','2') AND `pid` = 0 LIMIT 1   [ RunTime:0.0010s ]
NOTIC: [2] Missing argument 4 for Think\Page::__construct(), called in D:\project\l.yasin.cn\yasin\onethink\wwwroot\Application\Admin\Controller\AdminController.class.php on line 418 and defined D:\project\l.yasin.cn\yasin\onethink\wwwroot\ThinkPHP\Library\Think\Page.class.php 第 42 行.
SQL: SELECT `id`,`title`,`type`,`update_time`,`status`,`view`,`category_id`,`model_id`,`pid` FROM one_document DOCUMENT WHERE `status` IN ('0','1','2') AND `pid` = 0 ORDER BY `level` DESC,DOCUMENT.id DESC LIMIT 0,10   [ RunTime:0.0000s ]
SQL: SELECT `extend` FROM `one_model` WHERE `id` = 1 LIMIT 1   [ RunTime:0.0010s ]
SQL: SHOW COLUMNS FROM `one_attribute` [ RunTime:0.0070s ]
SQL: SELECT `id`,`name`,`type`,`extra` FROM `one_attribute` WHERE `model_id` = 1  [ RunTime:0.0010s ]
NOTIC: [8] Undefined variable: groups D:\project\l.yasin.cn\yasin\onethink\wwwroot\Application\Admin\Controller\ArticleController.class.php 第 234 行.
INFO: [ view_parse ] --START--
INFO: [ template_filter ] --START--
INFO: Run Behavior\ContentReplaceBehavior [ RunTime:0.001000s ]
INFO: [ template_filter ] --END-- [ RunTime:0.001000s ]
NOTIC: [8] Undefined index: _child D:\project\l.yasin.cn\yasin\onethink\wwwroot\Runtime\Cache\Admin\7a4184ffe8f804b12b2e7f8851dd8f7d.php 第 77 行.
NOTIC: [8] Undefined index: current D:\project\l.yasin.cn\yasin\onethink\wwwroot\Runtime\Cache\Admin\7a4184ffe8f804b12b2e7f8851dd8f7d.php 第 77 行.
NOTIC: [8] Undefined index: current D:\project\l.yasin.cn\yasin\onethink\wwwroot\Runtime\Cache\Admin\7a4184ffe8f804b12b2e7f8851dd8f7d.php 第 77 行.
NOTIC: [8] Undefined index: current D:\project\l.yasin.cn\yasin\onethink\wwwroot\Runtime\Cache\Admin\7a4184ffe8f804b12b2e7f8851dd8f7d.php 第 77 行.
NOTIC: [8] Undefined index: current D:\project\l.yasin.cn\yasin\onethink\wwwroot\Runtime\Cache\Admin\7a4184ffe8f804b12b2e7f8851dd8f7d.php 第 77 行.
NOTIC: [8] Undefined index: current D:\project\l.yasin.cn\yasin\onethink\wwwroot\Runtime\Cache\Admin\7a4184ffe8f804b12b2e7f8851dd8f7d.php 第 77 行.
NOTIC: [8] Undefined index: current D:\project\l.yasin.cn\yasin\onethink\wwwroot\Runtime\Cache\Admin\7a4184ffe8f804b12b2e7f8851dd8f7d.php 第 77 行.
INFO: Run Behavior\ParseTemplateBehavior [ RunTime:0.030000s ]
INFO: [ view_parse ] --END-- [ RunTime:0.030000s ]
INFO: [ view_filter ] --START--
INFO: Run Behavior\WriteHtmlCacheBehavior [ RunTime:0.001000s ]
INFO: [ view_filter ] --END-- [ RunTime:0.001000s ]
INFO: [ app_end ] --START--
INFO: Run Behavior\ShowPageTraceBehavior [ RunTime:0.002000s ]
INFO: [ app_end ] --END-- [ RunTime:0.002000s ]

[ 2018-09-17T10:00:42+08:00 ] 127.0.0.1 /index.php?s=/Admin/User/index.html
INFO: [ app_init ] --START--
INFO: Run Behavior\BuildLiteBehavior [ RunTime:0.000000s ]
INFO: Run Common\Behavior\InitHookBehavior [ RunTime:0.005000s ]
INFO: [ app_init ] --END-- [ RunTime:0.006000s ]
INFO: [ app_begin ] --START--
INFO: Run Behavior\ReadHtmlCacheBehavior [ RunTime:0.001000s ]
INFO: [ app_begin ] --END-- [ RunTime:0.001000s ]
SQL: SHOW COLUMNS FROM `one_menu` [ RunTime:0.0100s ]
SQL: SELECT `id`,`title`,`url` FROM `one_menu` WHERE `pid` = 0 AND `hide` = 0 ORDER BY `sort` asc  [ RunTime:0.0010s ]
SQL: SELECT `pid` FROM `one_menu` WHERE ( pid !=0 AND url like '%User/index%' ) LIMIT 1   [ RunTime:0.0000s ]
SQL: SELECT * FROM `one_menu` WHERE `id` = 16 LIMIT 1   [ RunTime:0.0010s ]
SQL: SELECT DISTINCT  `group` FROM `one_menu` WHERE `group` <> '' AND `pid` = 16  [ RunTime:0.0010s ]
SQL: SELECT `id`,`url` FROM `one_menu` WHERE `pid` = 16 AND `hide` = 0  [ RunTime:0.0010s ]
SQL: SELECT `id`,`pid`,`title`,`url`,`tip` FROM `one_menu` WHERE `group` = '用户管理' AND `pid` = 16 AND `hide` = 0 ORDER BY `sort` asc  [ RunTime:0.0000s ]
SQL: SELECT `id`,`pid`,`title`,`url`,`tip` FROM `one_menu` WHERE `group` = '行为管理' AND `pid` = 16 AND `hide` = 0 ORDER BY `sort` asc  [ RunTime:0.0000s ]
SQL: SHOW COLUMNS FROM `one_member` [ RunTime:0.0100s ]
SQL: SELECT COUNT(*) AS tp_count FROM `one_member` WHERE `status` >= 0 AND `nickname` LIKE '%%' LIMIT 1   [ RunTime:0.0010s ]
NOTIC: [2] Missing argument 4 for Think\Page::__construct(), called in D:\project\l.yasin.cn\yasin\onethink\wwwroot\Application\Admin\Controller\AdminController.class.php on line 418 and defined D:\project\l.yasin.cn\yasin\onethink\wwwroot\ThinkPHP\Library\Think\Page.class.php 第 42 行.
SQL: SELECT `uid`,`nickname`,`sex`,`birthday`,`qq`,`score`,`login`,`reg_ip`,`reg_time`,`last_login_ip`,`last_login_time`,`status` FROM `one_member` WHERE `status` >= 0 AND `nickname` LIKE '%%' ORDER BY `uid` desc LIMIT 0,10   [ RunTime:0.0010s ]
INFO: [ view_parse ] --START--
INFO: [ template_filter ] --START--
INFO: Run Behavior\ContentReplaceBehavior [ RunTime:0.000000s ]
INFO: [ template_filter ] --END-- [ RunTime:0.000000s ]
INFO: Run Behavior\ParseTemplateBehavior [ RunTime:0.027000s ]
INFO: [ view_parse ] --END-- [ RunTime:0.027000s ]
INFO: [ view_filter ] --START--
INFO: Run Behavior\WriteHtmlCacheBehavior [ RunTime:0.001000s ]
INFO: [ view_filter ] --END-- [ RunTime:0.001000s ]
INFO: [ app_end ] --START--
INFO: Run Behavior\ShowPageTraceBehavior [ RunTime:0.002000s ]
INFO: [ app_end ] --END-- [ RunTime:0.002000s ]

[ 2018-09-17T10:00:43+08:00 ] 127.0.0.1 /index.php?s=/Admin/Article/index.html
INFO: [ app_init ] --START--
INFO: Run Behavior\BuildLiteBehavior [ RunTime:0.000000s ]
INFO: Run Common\Behavior\InitHookBehavior [ RunTime:0.006000s ]
INFO: [ app_init ] --END-- [ RunTime:0.008000s ]
INFO: [ app_begin ] --START--
INFO: Run Behavior\ReadHtmlCacheBehavior [ RunTime:0.002000s ]
INFO: [ app_begin ] --END-- [ RunTime:0.003000s ]
SQL: SHOW COLUMNS FROM `one_auth_group_access` [ RunTime:0.0040s ]
SQL: SELECT `extend_id` FROM one_auth_group_access g INNER JOIN one_auth_extend c on g.group_id=c.group_id  WHERE ( g.uid='1' and c.type='1' and !isnull(extend_id) )  [ RunTime:0.0010s ]
SQL: SHOW COLUMNS FROM `one_category` [ RunTime:0.0050s ]
SQL: SELECT `id`,`title`,`pid`,`allow_publish` FROM `one_category` WHERE `status` = 1 ORDER BY `pid`,`sort`  [ RunTime:0.0010s ]
SQL: SHOW COLUMNS FROM `one_model` [ RunTime:0.0050s ]
SQL: SELECT * FROM `one_model` WHERE `name` = 'document' LIMIT 1   [ RunTime:0.0010s ]
SQL: SHOW COLUMNS FROM `one_document` [ RunTime:0.0080s ]
SQL: SELECT COUNT(*) AS tp_count FROM one_document DOCUMENT WHERE `status` IN ('0','1','2') AND `pid` = 0 LIMIT 1   [ RunTime:0.0000s ]
NOTIC: [2] Missing argument 4 for Think\Page::__construct(), called in D:\project\l.yasin.cn\yasin\onethink\wwwroot\Application\Admin\Controller\AdminController.class.php on line 418 and defined D:\project\l.yasin.cn\yasin\onethink\wwwroot\ThinkPHP\Library\Think\Page.class.php 第 42 行.
SQL: SELECT `id`,`title`,`type`,`update_time`,`status`,`view`,`category_id`,`model_id`,`pid` FROM one_document DOCUMENT WHERE `status` IN ('0','1','2') AND `pid` = 0 ORDER BY `level` DESC,DOCUMENT.id DESC LIMIT 0,10   [ RunTime:0.0000s ]
SQL: SELECT `extend` FROM `one_model` WHERE `id` = 1 LIMIT 1   [ RunTime:0.0000s ]
SQL: SHOW COLUMNS FROM `one_attribute` [ RunTime:0.0110s ]
SQL: SELECT `id`,`name`,`type`,`extra` FROM `one_attribute` WHERE `model_id` = 1  [ RunTime:0.0010s ]
NOTIC: [8] Undefined variable: groups D:\project\l.yasin.cn\yasin\onethink\wwwroot\Application\Admin\Controller\ArticleController.class.php 第 234 行.
INFO: [ view_parse ] --START--
INFO: [ template_filter ] --START--
INFO: Run Behavior\ContentReplaceBehavior [ RunTime:0.001000s ]
INFO: [ template_filter ] --END-- [ RunTime:0.001000s ]
NOTIC: [8] Undefined index: _child D:\project\l.yasin.cn\yasin\onethink\wwwroot\Runtime\Cache\Admin\7a4184ffe8f804b12b2e7f8851dd8f7d.php 第 77 行.
NOTIC: [8] Undefined index: current D:\project\l.yasin.cn\yasin\onethink\wwwroot\Runtime\Cache\Admin\7a4184ffe8f804b12b2e7f8851dd8f7d.php 第 77 行.
NOTIC: [8] Undefined index: current D:\project\l.yasin.cn\yasin\onethink\wwwroot\Runtime\Cache\Admin\7a4184ffe8f804b12b2e7f8851dd8f7d.php 第 77 行.
NOTIC: [8] Undefined index: current D:\project\l.yasin.cn\yasin\onethink\wwwroot\Runtime\Cache\Admin\7a4184ffe8f804b12b2e7f8851dd8f7d.php 第 77 行.
NOTIC: [8] Undefined index: current D:\project\l.yasin.cn\yasin\onethink\wwwroot\Runtime\Cache\Admin\7a4184ffe8f804b12b2e7f8851dd8f7d.php 第 77 行.
NOTIC: [8] Undefined index: current D:\project\l.yasin.cn\yasin\onethink\wwwroot\Runtime\Cache\Admin\7a4184ffe8f804b12b2e7f8851dd8f7d.php 第 77 行.
NOTIC: [8] Undefined index: current D:\project\l.yasin.cn\yasin\onethink\wwwroot\Runtime\Cache\Admin\7a4184ffe8f804b12b2e7f8851dd8f7d.php 第 77 行.
INFO: Run Behavior\ParseTemplateBehavior [ RunTime:0.047000s ]
INFO: [ view_parse ] --END-- [ RunTime:0.047000s ]
INFO: [ view_filter ] --START--
INFO: Run Behavior\WriteHtmlCacheBehavior [ RunTime:0.001000s ]
INFO: [ view_filter ] --END-- [ RunTime:0.001000s ]
INFO: [ app_end ] --START--
INFO: Run Behavior\ShowPageTraceBehavior [ RunTime:0.001000s ]
INFO: [ app_end ] --END-- [ RunTime:0.001000s ]

[ 2018-09-17T10:00:47+08:00 ] 127.0.0.1 /index.php?s=/Admin/Article/index/cate_id/72.html
INFO: [ app_init ] --START--
INFO: Run Behavior\BuildLiteBehavior [ RunTime:0.000000s ]
INFO: Run Common\Behavior\InitHookBehavior [ RunTime:0.006000s ]
INFO: [ app_init ] --END-- [ RunTime:0.007000s ]
INFO: [ app_begin ] --START--
INFO: Run Behavior\ReadHtmlCacheBehavior [ RunTime:0.001000s ]
INFO: [ app_begin ] --END-- [ RunTime:0.001000s ]
SQL: SHOW COLUMNS FROM `one_auth_group_access` [ RunTime:0.0060s ]
SQL: SELECT `extend_id` FROM one_auth_group_access g INNER JOIN one_auth_extend c on g.group_id=c.group_id  WHERE ( g.uid='1' and c.type='1' and !isnull(extend_id) )  [ RunTime:0.0000s ]
SQL: SHOW COLUMNS FROM `one_category` [ RunTime:0.0060s ]
SQL: SELECT `id`,`title`,`pid`,`allow_publish` FROM `one_category` WHERE `status` = 1 ORDER BY `pid`,`sort`  [ RunTime:0.0010s ]
SQL: SELECT `id`,`title`,`pid` FROM `one_category` WHERE `status` = 1 ORDER BY `sort`  [ RunTime:0.0000s ]
SQL: SELECT * FROM `one_category` WHERE `id` = 72 LIMIT 1   [ RunTime:0.0010s ]
SQL: SHOW COLUMNS FROM `one_model` [ RunTime:0.0060s ]
SQL: SELECT * FROM `one_model` WHERE `id` = 25 LIMIT 1   [ RunTime:0.0010s ]
SQL: SELECT `list_grid` FROM `one_model` WHERE `name` = 'document' LIMIT 1   [ RunTime:0.0000s ]
SQL: SHOW COLUMNS FROM `one_document` [ RunTime:0.0060s ]
SQL: SELECT `name` FROM `one_model` WHERE `id` = 25 LIMIT 1   [ RunTime:0.0000s ]
SQL: SELECT COUNT(*) AS tp_count FROM one_document DOCUMENT INNER JOIN one_document_propagandist_video propagandist_video ON DOCUMENT.id=propagandist_video.id  WHERE `status` IN ('0','1','2') AND `category_id` = '72' AND `pid` = 0 AND `model_id` = '25' LIMIT 1   [ RunTime:0.0010s ]
NOTIC: [2] Missing argument 4 for Think\Page::__construct(), called in D:\project\l.yasin.cn\yasin\onethink\wwwroot\Application\Admin\Controller\AdminController.class.php on line 418 and defined D:\project\l.yasin.cn\yasin\onethink\wwwroot\ThinkPHP\Library\Think\Page.class.php 第 42 行.
SQL: SELECT `title`,`type`,`update_time`,`status`,`view`,`category_id`,`model_id`,`pid`,DOCUMENT.id FROM one_document DOCUMENT INNER JOIN one_document_propagandist_video propagandist_video ON DOCUMENT.id=propagandist_video.id  WHERE `status` IN ('0','1','2') AND `category_id` = '72' AND `pid` = 0 AND `model_id` = '25' ORDER BY `level` DESC,DOCUMENT.id DESC LIMIT 0,10   [ RunTime:0.0000s ]
SQL: SELECT `extend` FROM `one_model` WHERE `id` = 25 LIMIT 1   [ RunTime:0.0010s ]
SQL: SHOW COLUMNS FROM `one_attribute` [ RunTime:0.0060s ]
SQL: SELECT `id`,`name`,`type`,`extra` FROM `one_attribute` WHERE `model_id` IN ('25','1')  [ RunTime:0.0010s ]
INFO: [ view_parse ] --START--
INFO: [ template_filter ] --START--
INFO: Run Behavior\ContentReplaceBehavior [ RunTime:0.000000s ]
INFO: [ template_filter ] --END-- [ RunTime:0.000000s ]
NOTIC: [8] Undefined index: _child D:\project\l.yasin.cn\yasin\onethink\wwwroot\Runtime\Cache\Admin\7a4184ffe8f804b12b2e7f8851dd8f7d.php 第 77 行.
NOTIC: [8] Undefined index: current D:\project\l.yasin.cn\yasin\onethink\wwwroot\Runtime\Cache\Admin\7a4184ffe8f804b12b2e7f8851dd8f7d.php 第 77 行.
NOTIC: [8] Undefined index: current D:\project\l.yasin.cn\yasin\onethink\wwwroot\Runtime\Cache\Admin\7a4184ffe8f804b12b2e7f8851dd8f7d.php 第 77 行.
NOTIC: [8] Undefined index: current D:\project\l.yasin.cn\yasin\onethink\wwwroot\Runtime\Cache\Admin\7a4184ffe8f804b12b2e7f8851dd8f7d.php 第 77 行.
NOTIC: [8] Undefined index: current D:\project\l.yasin.cn\yasin\onethink\wwwroot\Runtime\Cache\Admin\7a4184ffe8f804b12b2e7f8851dd8f7d.php 第 77 行.
NOTIC: [8] Undefined index: current D:\project\l.yasin.cn\yasin\onethink\wwwroot\Runtime\Cache\Admin\7a4184ffe8f804b12b2e7f8851dd8f7d.php 第 77 行.
INFO: Run Behavior\ParseTemplateBehavior [ RunTime:0.030000s ]
INFO: [ view_parse ] --END-- [ RunTime:0.030000s ]
INFO: [ view_filter ] --START--
INFO: Run Behavior\WriteHtmlCacheBehavior [ RunTime:0.001000s ]
INFO: [ view_filter ] --END-- [ RunTime:0.001000s ]
INFO: [ app_end ] --START--
INFO: Run Behavior\ShowPageTraceBehavior [ RunTime:0.001000s ]
INFO: [ app_end ] --END-- [ RunTime:0.001000s ]

[ 2018-09-17T10:00:49+08:00 ] 127.0.0.1 /index.php?s=/Admin/Article/edit/id/80/model/25/cate_id/72.html
INFO: [ app_init ] --START--
INFO: Run Behavior\BuildLiteBehavior [ RunTime:0.000000s ]
INFO: Run Common\Behavior\InitHookBehavior [ RunTime:0.005000s ]
INFO: [ app_init ] --END-- [ RunTime:0.005000s ]
INFO: [ app_begin ] --START--
INFO: Run Behavior\ReadHtmlCacheBehavior [ RunTime:0.001000s ]
INFO: [ app_begin ] --END-- [ RunTime:0.001000s ]
SQL: SHOW COLUMNS FROM `one_auth_group_access` [ RunTime:0.0050s ]
SQL: SELECT `extend_id` FROM one_auth_group_access g INNER JOIN one_auth_extend c on g.group_id=c.group_id  WHERE ( g.uid='1' and c.type='1' and !isnull(extend_id) )  [ RunTime:0.0010s ]
SQL: SHOW COLUMNS FROM `one_category` [ RunTime:0.0050s ]
SQL: SELECT `id`,`title`,`pid`,`allow_publish` FROM `one_category` WHERE `status` = 1 ORDER BY `pid`,`sort`  [ RunTime:0.0000s ]
SQL: SELECT `id`,`title`,`pid` FROM `one_category` WHERE `status` = 1 ORDER BY `sort`  [ RunTime:0.0010s ]
SQL: SHOW COLUMNS FROM `one_document` [ RunTime:0.0060s ]
SQL: SELECT `id`,`uid`,`name`,`title`,`category_id`,`group_id`,`description`,`root`,`pid`,`model_id`,`type`,`position`,`link_id`,`cover_id`,`display`,`deadline`,`attach`,`view`,`comment`,`extend`,`level`,`create_time`,`update_time`,`status`,`view_num` FROM `one_document` WHERE `id` = 80 LIMIT 1   [ RunTime:0.0010s ]
SQL: SHOW COLUMNS FROM `one_document_propagandist_video` [ RunTime:0.0060s ]
SQL: SELECT `id`,`list_title`,`list_subtitle`,`en_title`,`video`,`video_img` FROM `one_document_propagandist_video` WHERE `id` = 80 LIMIT 1   [ RunTime:0.0010s ]
SQL: SHOW COLUMNS FROM `one_category` [ RunTime:0.0060s ]
SQL: SELECT `pid` FROM `one_category` WHERE `id` = 72 LIMIT 1   [ RunTime:0.0000s ]
SQL: SELECT `id`,`title` FROM `one_category` WHERE `pid` = 54 LIMIT 1   [ RunTime:0.0000s ]
SQL: SHOW COLUMNS FROM `one_document_hospital_details` [ RunTime:0.0060s ]
SQL: SELECT h.id,h.list_title FROM one_document_hospital_details h INNER JOIN one_document as d ON h.id=d.id  WHERE d.category_id = '55'  [ RunTime:0.0000s ]
NOTIC: [8] Undefined variable: hospitals D:\project\l.yasin.cn\yasin\onethink\wwwroot\Application\Admin\Controller\ArticleController.class.php 第 451 行.
SQL: SHOW COLUMNS FROM `one_attribute` [ RunTime:0.0050s ]
SQL: UPDATE `one_attribute` SET `extra`=NULL WHERE `id` = 169 [ RunTime:0.0000s ]
SQL: SHOW COLUMNS FROM `one_model` [ RunTime:0.0060s ]
SQL: SELECT `extend` FROM `one_model` WHERE `id` = 25 LIMIT 1   [ RunTime:0.0010s ]
SQL: SHOW COLUMNS FROM `one_attribute` [ RunTime:0.0060s ]
SQL: SELECT `id`,`name`,`title`,`field`,`type`,`value`,`remark`,`is_show`,`extra`,`model_id`,`is_must`,`status`,`update_time`,`create_time`,`validate_rule`,`validate_time`,`error_info`,`validate_type`,`auto_rule`,`auto_time`,`auto_type` FROM `one_attribute` WHERE `model_id` IN ('25','1')  [ RunTime:0.0010s ]
SQL: SELECT `field_sort`,`attribute_list`,`attribute_alias` FROM `one_model` WHERE `id` = 25 LIMIT 1   [ RunTime:0.0000s ]
NOTIC: [8] Undefined index: category_id D:\project\l.yasin.cn\yasin\onethink\wwwroot\Application\Admin\Controller\ArticleController.class.php 第 461 行.
INFO: [ view_parse ] --START--
INFO: [ template_filter ] --START--
INFO: Run Behavior\ContentReplaceBehavior [ RunTime:0.000000s ]
INFO: [ template_filter ] --END-- [ RunTime:0.000000s ]
NOTIC: [8] Undefined index: _child D:\project\l.yasin.cn\yasin\onethink\wwwroot\Runtime\Cache\Admin\761055de2f430bef08441163fbb8bda7.php 第 77 行.
NOTIC: [8] Undefined index: current D:\project\l.yasin.cn\yasin\onethink\wwwroot\Runtime\Cache\Admin\761055de2f430bef08441163fbb8bda7.php 第 77 行.
NOTIC: [8] Undefined index: current D:\project\l.yasin.cn\yasin\onethink\wwwroot\Runtime\Cache\Admin\761055de2f430bef08441163fbb8bda7.php 第 77 行.
NOTIC: [8] Undefined index: current D:\project\l.yasin.cn\yasin\onethink\wwwroot\Runtime\Cache\Admin\761055de2f430bef08441163fbb8bda7.php 第 77 行.
NOTIC: [8] Undefined index: current D:\project\l.yasin.cn\yasin\onethink\wwwroot\Runtime\Cache\Admin\761055de2f430bef08441163fbb8bda7.php 第 77 行.
NOTIC: [8] Undefined index: current D:\project\l.yasin.cn\yasin\onethink\wwwroot\Runtime\Cache\Admin\761055de2f430bef08441163fbb8bda7.php 第 77 行.
SQL: SHOW COLUMNS FROM `one_picture` [ RunTime:0.0050s ]
SQL: SELECT * FROM `one_picture` WHERE `status` = 1 AND `id` = 21 LIMIT 1   [ RunTime:0.0000s ]
NOTIC: [8] Undefined offset: 133 D:\project\l.yasin.cn\yasin\onethink\wwwroot\Runtime\Cache\Admin\761055de2f430bef08441163fbb8bda7.php 第 244 行.
SQL: SHOW COLUMNS FROM `one_file` [ RunTime:0.0060s ]
SQL: SELECT `name` FROM `one_file` WHERE `id` = 5 LIMIT 1   [ RunTime:0.0010s ]
NOTIC: [8] Undefined index: subtitle D:\project\l.yasin.cn\yasin\onethink\wwwroot\Runtime\Cache\Admin\761055de2f430bef08441163fbb8bda7.php 第 170 行.
INFO: Run Behavior\ParseTemplateBehavior [ RunTime:0.067000s ]
INFO: [ view_parse ] --END-- [ RunTime:0.067000s ]
INFO: [ view_filter ] --START--
INFO: Run Behavior\WriteHtmlCacheBehavior [ RunTime:0.001000s ]
INFO: [ view_filter ] --END-- [ RunTime:0.001000s ]
INFO: [ app_end ] --START--
INFO: Run Behavior\ShowPageTraceBehavior [ RunTime:0.001000s ]
INFO: [ app_end ] --END-- [ RunTime:0.001000s ]

[ 2018-09-17T10:00:55+08:00 ] 127.0.0.1 /index.php?s=/Admin/Article/edit/id/80/model/25/cate_id/72.html
INFO: [ app_init ] --START--
INFO: Run Behavior\BuildLiteBehavior [ RunTime:0.000000s ]
INFO: Run Common\Behavior\InitHookBehavior [ RunTime:0.006000s ]
INFO: [ app_init ] --END-- [ RunTime:0.008000s ]
INFO: [ app_begin ] --START--
INFO: Run Behavior\ReadHtmlCacheBehavior [ RunTime:0.001000s ]
INFO: [ app_begin ] --END-- [ RunTime:0.001000s ]
SQL: SHOW COLUMNS FROM `one_auth_group_access` [ RunTime:0.0070s ]
SQL: SELECT `extend_id` FROM one_auth_group_access g INNER JOIN one_auth_extend c on g.group_id=c.group_id  WHERE ( g.uid='1' and c.type='1' and !isnull(extend_id) )  [ RunTime:0.0010s ]
SQL: SHOW COLUMNS FROM `one_category` [ RunTime:0.0060s ]
SQL: SELECT `id`,`title`,`pid`,`allow_publish` FROM `one_category` WHERE `status` = 1 ORDER BY `pid`,`sort`  [ RunTime:0.0000s ]
SQL: SELECT `id`,`title`,`pid` FROM `one_category` WHERE `status` = 1 ORDER BY `sort`  [ RunTime:0.0010s ]
SQL: SHOW COLUMNS FROM `one_document` [ RunTime:0.0060s ]
SQL: SELECT `id`,`uid`,`name`,`title`,`category_id`,`group_id`,`description`,`root`,`pid`,`model_id`,`type`,`position`,`link_id`,`cover_id`,`display`,`deadline`,`attach`,`view`,`comment`,`extend`,`level`,`create_time`,`update_time`,`status`,`view_num` FROM `one_document` WHERE `id` = 80 LIMIT 1   [ RunTime:0.0000s ]
SQL: SHOW COLUMNS FROM `one_document_propagandist_video` [ RunTime:0.0070s ]
SQL: SELECT `id`,`list_title`,`list_subtitle`,`en_title`,`video`,`video_img` FROM `one_document_propagandist_video` WHERE `id` = 80 LIMIT 1   [ RunTime:0.0000s ]
SQL: SHOW COLUMNS FROM `one_category` [ RunTime:0.0060s ]
SQL: SELECT `pid` FROM `one_category` WHERE `id` = 72 LIMIT 1   [ RunTime:0.0010s ]
SQL: SELECT `id`,`title` FROM `one_category` WHERE `pid` = 54 LIMIT 1   [ RunTime:0.0000s ]
SQL: SHOW COLUMNS FROM `one_document_hospital_details` [ RunTime:0.0060s ]
SQL: SELECT h.id,h.list_title FROM one_document_hospital_details h INNER JOIN one_document as d ON h.id=d.id  WHERE d.category_id = '55'  [ RunTime:0.0010s ]
NOTIC: [8] Undefined variable: hospitals D:\project\l.yasin.cn\yasin\onethink\wwwroot\Application\Admin\Controller\ArticleController.class.php 第 451 行.
SQL: SHOW COLUMNS FROM `one_attribute` [ RunTime:0.0080s ]
SQL: UPDATE `one_attribute` SET `extra`=NULL WHERE `id` = 169 [ RunTime:0.0000s ]
SQL: SHOW COLUMNS FROM `one_model` [ RunTime:0.0070s ]
SQL: SELECT `extend` FROM `one_model` WHERE `id` = 25 LIMIT 1   [ RunTime:0.0010s ]
SQL: SHOW COLUMNS FROM `one_attribute` [ RunTime:0.0050s ]
SQL: SELECT `id`,`name`,`title`,`field`,`type`,`value`,`remark`,`is_show`,`extra`,`model_id`,`is_must`,`status`,`update_time`,`create_time`,`validate_rule`,`validate_time`,`error_info`,`validate_type`,`auto_rule`,`auto_time`,`auto_type` FROM `one_attribute` WHERE `model_id` IN ('25','1')  [ RunTime:0.0010s ]
SQL: SELECT `field_sort`,`attribute_list`,`attribute_alias` FROM `one_model` WHERE `id` = 25 LIMIT 1   [ RunTime:0.0010s ]
NOTIC: [8] Undefined index: category_id D:\project\l.yasin.cn\yasin\onethink\wwwroot\Application\Admin\Controller\ArticleController.class.php 第 461 行.
INFO: [ view_parse ] --START--
INFO: [ template_filter ] --START--
INFO: Run Behavior\ContentReplaceBehavior [ RunTime:0.000000s ]
INFO: [ template_filter ] --END-- [ RunTime:0.000000s ]
NOTIC: [8] Undefined index: _child D:\project\l.yasin.cn\yasin\onethink\wwwroot\Runtime\Cache\Admin\761055de2f430bef08441163fbb8bda7.php 第 77 行.
NOTIC: [8] Undefined index: current D:\project\l.yasin.cn\yasin\onethink\wwwroot\Runtime\Cache\Admin\761055de2f430bef08441163fbb8bda7.php 第 77 行.
NOTIC: [8] Undefined index: current D:\project\l.yasin.cn\yasin\onethink\wwwroot\Runtime\Cache\Admin\761055de2f430bef08441163fbb8bda7.php 第 77 行.
NOTIC: [8] Undefined index: current D:\project\l.yasin.cn\yasin\onethink\wwwroot\Runtime\Cache\Admin\761055de2f430bef08441163fbb8bda7.php 第 77 行.
NOTIC: [8] Undefined index: current D:\project\l.yasin.cn\yasin\onethink\wwwroot\Runtime\Cache\Admin\761055de2f430bef08441163fbb8bda7.php 第 77 行.
NOTIC: [8] Undefined index: current D:\project\l.yasin.cn\yasin\onethink\wwwroot\Runtime\Cache\Admin\761055de2f430bef08441163fbb8bda7.php 第 77 行.
SQL: SHOW COLUMNS FROM `one_picture` [ RunTime:0.0060s ]
SQL: SELECT * FROM `one_picture` WHERE `status` = 1 AND `id` = 21 LIMIT 1   [ RunTime:0.0010s ]
NOTIC: [8] Undefined offset: 133 D:\project\l.yasin.cn\yasin\onethink\wwwroot\Runtime\Cache\Admin\761055de2f430bef08441163fbb8bda7.php 第 244 行.
SQL: SHOW COLUMNS FROM `one_file` [ RunTime:0.0050s ]
SQL: SELECT `name` FROM `one_file` WHERE `id` = 5 LIMIT 1   [ RunTime:0.0000s ]
NOTIC: [8] Undefined index: subtitle D:\project\l.yasin.cn\yasin\onethink\wwwroot\Runtime\Cache\Admin\761055de2f430bef08441163fbb8bda7.php 第 170 行.
INFO: Run Behavior\ParseTemplateBehavior [ RunTime:0.048000s ]
INFO: [ view_parse ] --END-- [ RunTime:0.048000s ]
INFO: [ view_filter ] --START--
INFO: Run Behavior\WriteHtmlCacheBehavior [ RunTime:0.001000s ]
INFO: [ view_filter ] --END-- [ RunTime:0.001000s ]
INFO: [ app_end ] --START--
INFO: Run Behavior\ShowPageTraceBehavior [ RunTime:0.002000s ]
INFO: [ app_end ] --END-- [ RunTime:0.002000s ]

[ 2018-09-17T10:53:21+08:00 ] 127.0.0.1 /index.php?s=/Admin/Article/index/cate_id/72.html
INFO: [ app_init ] --START--
INFO: Run Behavior\BuildLiteBehavior [ RunTime:0.000000s ]
INFO: Run Common\Behavior\InitHookBehavior [ RunTime:0.003000s ]
INFO: [ app_init ] --END-- [ RunTime:0.003000s ]
INFO: [ app_begin ] --START--
INFO: Run Behavior\ReadHtmlCacheBehavior [ RunTime:0.000000s ]
INFO: [ app_begin ] --END-- [ RunTime:0.000000s ]
SQL: SHOW COLUMNS FROM `one_auth_group_access` [ RunTime:0.0140s ]
SQL: SELECT `extend_id` FROM one_auth_group_access g INNER JOIN one_auth_extend c on g.group_id=c.group_id  WHERE ( g.uid='1' and c.type='1' and !isnull(extend_id) )  [ RunTime:0.0020s ]
SQL: SHOW COLUMNS FROM `one_category` [ RunTime:0.0130s ]
SQL: SELECT `id`,`title`,`pid`,`allow_publish` FROM `one_category` WHERE `status` = 1 ORDER BY `pid`,`sort`  [ RunTime:0.0010s ]
SQL: SELECT `id`,`title`,`pid` FROM `one_category` WHERE `status` = 1 ORDER BY `sort`  [ RunTime:0.0010s ]
SQL: SHOW COLUMNS FROM `one_model` [ RunTime:0.0130s ]
SQL: SELECT * FROM `one_model` WHERE `id` = 25 LIMIT 1   [ RunTime:0.0010s ]
SQL: SELECT `list_grid` FROM `one_model` WHERE `name` = 'document' LIMIT 1   [ RunTime:0.0000s ]
SQL: SHOW COLUMNS FROM `one_document` [ RunTime:0.0060s ]
SQL: SELECT `name` FROM `one_model` WHERE `id` = 25 LIMIT 1   [ RunTime:0.0000s ]
SQL: SELECT COUNT(*) AS tp_count FROM one_document DOCUMENT INNER JOIN one_document_propagandist_video propagandist_video ON DOCUMENT.id=propagandist_video.id  WHERE `status` IN ('0','1','2') AND `category_id` = '72' AND `pid` = 0 AND `model_id` = '25' LIMIT 1   [ RunTime:0.0000s ]
NOTIC: [2] Missing argument 4 for Think\Page::__construct(), called in D:\project\l.yasin.cn\yasin\onethink\wwwroot\Application\Admin\Controller\AdminController.class.php on line 418 and defined D:\project\l.yasin.cn\yasin\onethink\wwwroot\ThinkPHP\Library\Think\Page.class.php 第 42 行.
SQL: SELECT `title`,`type`,`update_time`,`status`,`view`,`category_id`,`model_id`,`pid`,DOCUMENT.id FROM one_document DOCUMENT INNER JOIN one_document_propagandist_video propagandist_video ON DOCUMENT.id=propagandist_video.id  WHERE `status` IN ('0','1','2') AND `category_id` = '72' AND `pid` = 0 AND `model_id` = '25' ORDER BY `level` DESC,DOCUMENT.id DESC LIMIT 0,10   [ RunTime:0.0000s ]
SQL: SELECT `extend` FROM `one_model` WHERE `id` = 25 LIMIT 1   [ RunTime:0.0000s ]
SQL: SHOW COLUMNS FROM `one_attribute` [ RunTime:0.0070s ]
SQL: SELECT `id`,`name`,`type`,`extra` FROM `one_attribute` WHERE `model_id` IN ('25','1')  [ RunTime:0.0000s ]
INFO: [ view_parse ] --START--
INFO: [ template_filter ] --START--
INFO: Run Behavior\ContentReplaceBehavior [ RunTime:0.001000s ]
INFO: [ template_filter ] --END-- [ RunTime:0.001000s ]
NOTIC: [8] Undefined index: _child D:\project\l.yasin.cn\yasin\onethink\wwwroot\Runtime\Cache\Admin\7a4184ffe8f804b12b2e7f8851dd8f7d.php 第 77 行.
NOTIC: [8] Undefined index: current D:\project\l.yasin.cn\yasin\onethink\wwwroot\Runtime\Cache\Admin\7a4184ffe8f804b12b2e7f8851dd8f7d.php 第 77 行.
NOTIC: [8] Undefined index: current D:\project\l.yasin.cn\yasin\onethink\wwwroot\Runtime\Cache\Admin\7a4184ffe8f804b12b2e7f8851dd8f7d.php 第 77 行.
NOTIC: [8] Undefined index: current D:\project\l.yasin.cn\yasin\onethink\wwwroot\Runtime\Cache\Admin\7a4184ffe8f804b12b2e7f8851dd8f7d.php 第 77 行.
NOTIC: [8] Undefined index: current D:\project\l.yasin.cn\yasin\onethink\wwwroot\Runtime\Cache\Admin\7a4184ffe8f804b12b2e7f8851dd8f7d.php 第 77 行.
NOTIC: [8] Undefined index: current D:\project\l.yasin.cn\yasin\onethink\wwwroot\Runtime\Cache\Admin\7a4184ffe8f804b12b2e7f8851dd8f7d.php 第 77 行.
INFO: Run Behavior\ParseTemplateBehavior [ RunTime:0.033000s ]
INFO: [ view_parse ] --END-- [ RunTime:0.033000s ]
INFO: [ view_filter ] --START--
INFO: Run Behavior\WriteHtmlCacheBehavior [ RunTime:0.000000s ]
INFO: [ view_filter ] --END-- [ RunTime:0.000000s ]
INFO: [ app_end ] --START--
INFO: Run Behavior\ShowPageTraceBehavior [ RunTime:0.001000s ]
INFO: [ app_end ] --END-- [ RunTime:0.001000s ]

[ 2018-09-17T10:53:23+08:00 ] 127.0.0.1 /index.php?s=/Admin/Article/index/cate_id/54.html
INFO: [ app_init ] --START--
INFO: Run Behavior\BuildLiteBehavior [ RunTime:0.000000s ]
INFO: Run Common\Behavior\InitHookBehavior [ RunTime:0.001000s ]
INFO: [ app_init ] --END-- [ RunTime:0.001000s ]
INFO: [ app_begin ] --START--
INFO: Run Behavior\ReadHtmlCacheBehavior [ RunTime:0.000000s ]
INFO: [ app_begin ] --END-- [ RunTime:0.000000s ]
SQL: SHOW COLUMNS FROM `one_auth_group_access` [ RunTime:0.0070s ]
SQL: SELECT `extend_id` FROM one_auth_group_access g INNER JOIN one_auth_extend c on g.group_id=c.group_id  WHERE ( g.uid='1' and c.type='1' and !isnull(extend_id) )  [ RunTime:0.0000s ]
SQL: SHOW COLUMNS FROM `one_category` [ RunTime:0.0070s ]
SQL: SELECT `id`,`title`,`pid`,`allow_publish` FROM `one_category` WHERE `status` = 1 ORDER BY `pid`,`sort`  [ RunTime:0.0010s ]
SQL: SELECT `id`,`title`,`pid` FROM `one_category` WHERE `status` = 1 ORDER BY `sort`  [ RunTime:0.0000s ]
SQL: SHOW COLUMNS FROM `one_model` [ RunTime:0.0060s ]
SQL: SELECT * FROM `one_model` WHERE `id` = 28 LIMIT 1   [ RunTime:0.0000s ]
SQL: SELECT `list_grid` FROM `one_model` WHERE `name` = 'document' LIMIT 1   [ RunTime:0.0000s ]
SQL: SHOW COLUMNS FROM `one_document` [ RunTime:0.0070s ]
SQL: SELECT `name` FROM `one_model` WHERE `id` = 28 LIMIT 1   [ RunTime:0.0010s ]
SQL: SELECT COUNT(*) AS tp_count FROM one_document DOCUMENT INNER JOIN one_document_model model ON DOCUMENT.id=model.id  WHERE `status` IN ('0','1','2') AND `category_id` = '54' AND `pid` = 0 AND `model_id` = '28' LIMIT 1   [ RunTime:0.0000s ]
NOTIC: [2] Missing argument 4 for Think\Page::__construct(), called in D:\project\l.yasin.cn\yasin\onethink\wwwroot\Application\Admin\Controller\AdminController.class.php on line 418 and defined D:\project\l.yasin.cn\yasin\onethink\wwwroot\ThinkPHP\Library\Think\Page.class.php 第 42 行.
SQL: SELECT `title`,`type`,`update_time`,`status`,`view`,`category_id`,`model_id`,`pid`,DOCUMENT.id FROM one_document DOCUMENT INNER JOIN one_document_model model ON DOCUMENT.id=model.id  WHERE `status` IN ('0','1','2') AND `category_id` = '54' AND `pid` = 0 AND `model_id` = '28' ORDER BY `level` DESC,DOCUMENT.id DESC LIMIT 0,10   [ RunTime:0.0010s ]
SQL: SELECT `extend` FROM `one_model` WHERE `id` = 28 LIMIT 1   [ RunTime:0.0000s ]
SQL: SHOW COLUMNS FROM `one_attribute` [ RunTime:0.0060s ]
SQL: SELECT `id`,`name`,`type`,`extra` FROM `one_attribute` WHERE `model_id` IN ('28','1')  [ RunTime:0.0000s ]
INFO: [ view_parse ] --START--
INFO: [ template_filter ] --START--
INFO: Run Behavior\ContentReplaceBehavior [ RunTime:0.000000s ]
INFO: [ template_filter ] --END-- [ RunTime:0.000000s ]
NOTIC: [8] Undefined index: _child D:\project\l.yasin.cn\yasin\onethink\wwwroot\Runtime\Cache\Admin\7a4184ffe8f804b12b2e7f8851dd8f7d.php 第 77 行.
NOTIC: [8] Undefined index: current D:\project\l.yasin.cn\yasin\onethink\wwwroot\Runtime\Cache\Admin\7a4184ffe8f804b12b2e7f8851dd8f7d.php 第 77 行.
NOTIC: [8] Undefined index: current D:\project\l.yasin.cn\yasin\onethink\wwwroot\Runtime\Cache\Admin\7a4184ffe8f804b12b2e7f8851dd8f7d.php 第 77 行.
NOTIC: [8] Undefined index: current D:\project\l.yasin.cn\yasin\onethink\wwwroot\Runtime\Cache\Admin\7a4184ffe8f804b12b2e7f8851dd8f7d.php 第 77 行.
NOTIC: [8] Undefined index: current D:\project\l.yasin.cn\yasin\onethink\wwwroot\Runtime\Cache\Admin\7a4184ffe8f804b12b2e7f8851dd8f7d.php 第 77 行.
NOTIC: [8] Undefined index: current D:\project\l.yasin.cn\yasin\onethink\wwwroot\Runtime\Cache\Admin\7a4184ffe8f804b12b2e7f8851dd8f7d.php 第 77 行.
NOTIC: [8] Undefined index: current D:\project\l.yasin.cn\yasin\onethink\wwwroot\Runtime\Cache\Admin\7a4184ffe8f804b12b2e7f8851dd8f7d.php 第 77 行.
INFO: Run Behavior\ParseTemplateBehavior [ RunTime:0.029000s ]
INFO: [ view_parse ] --END-- [ RunTime:0.029000s ]
INFO: [ view_filter ] --START--
INFO: Run Behavior\WriteHtmlCacheBehavior [ RunTime:0.001000s ]
INFO: [ view_filter ] --END-- [ RunTime:0.001000s ]
INFO: [ app_end ] --START--
INFO: Run Behavior\ShowPageTraceBehavior [ RunTime:0.000000s ]
INFO: [ app_end ] --END-- [ RunTime:0.000000s ]

[ 2018-09-17T10:53:23+08:00 ] 127.0.0.1 /index.php?s=/Admin/Article/index/cate_id/72.html
INFO: [ app_init ] --START--
INFO: Run Behavior\BuildLiteBehavior [ RunTime:0.000000s ]
INFO: Run Common\Behavior\InitHookBehavior [ RunTime:0.002000s ]
INFO: [ app_init ] --END-- [ RunTime:0.002000s ]
INFO: [ app_begin ] --START--
INFO: Run Behavior\ReadHtmlCacheBehavior [ RunTime:0.001000s ]
INFO: [ app_begin ] --END-- [ RunTime:0.001000s ]
SQL: SHOW COLUMNS FROM `one_auth_group_access` [ RunTime:0.0120s ]
SQL: SELECT `extend_id` FROM one_auth_group_access g INNER JOIN one_auth_extend c on g.group_id=c.group_id  WHERE ( g.uid='1' and c.type='1' and !isnull(extend_id) )  [ RunTime:0.0000s ]
SQL: SHOW COLUMNS FROM `one_category` [ RunTime:0.0120s ]
SQL: SELECT `id`,`title`,`pid`,`allow_publish` FROM `one_category` WHERE `status` = 1 ORDER BY `pid`,`sort`  [ RunTime:0.0010s ]
SQL: SELECT `id`,`title`,`pid` FROM `one_category` WHERE `status` = 1 ORDER BY `sort`  [ RunTime:0.0010s ]
SQL: SHOW COLUMNS FROM `one_model` [ RunTime:0.0130s ]
SQL: SELECT * FROM `one_model` WHERE `id` = 25 LIMIT 1   [ RunTime:0.0010s ]
SQL: SELECT `list_grid` FROM `one_model` WHERE `name` = 'document' LIMIT 1   [ RunTime:0.0000s ]
SQL: SHOW COLUMNS FROM `one_document` [ RunTime:0.0130s ]
SQL: SELECT `name` FROM `one_model` WHERE `id` = 25 LIMIT 1   [ RunTime:0.0010s ]
SQL: SELECT COUNT(*) AS tp_count FROM one_document DOCUMENT INNER JOIN one_document_propagandist_video propagandist_video ON DOCUMENT.id=propagandist_video.id  WHERE `status` IN ('0','1','2') AND `category_id` = '72' AND `pid` = 0 AND `model_id` = '25' LIMIT 1   [ RunTime:0.0000s ]
NOTIC: [2] Missing argument 4 for Think\Page::__construct(), called in D:\project\l.yasin.cn\yasin\onethink\wwwroot\Application\Admin\Controller\AdminController.class.php on line 418 and defined D:\project\l.yasin.cn\yasin\onethink\wwwroot\ThinkPHP\Library\Think\Page.class.php 第 42 行.
SQL: SELECT `title`,`type`,`update_time`,`status`,`view`,`category_id`,`model_id`,`pid`,DOCUMENT.id FROM one_document DOCUMENT INNER JOIN one_document_propagandist_video propagandist_video ON DOCUMENT.id=propagandist_video.id  WHERE `status` IN ('0','1','2') AND `category_id` = '72' AND `pid` = 0 AND `model_id` = '25' ORDER BY `level` DESC,DOCUMENT.id DESC LIMIT 0,10   [ RunTime:0.0000s ]
SQL: SELECT `extend` FROM `one_model` WHERE `id` = 25 LIMIT 1   [ RunTime:0.0010s ]
SQL: SHOW COLUMNS FROM `one_attribute` [ RunTime:0.0120s ]
SQL: SELECT `id`,`name`,`type`,`extra` FROM `one_attribute` WHERE `model_id` IN ('25','1')  [ RunTime:0.0010s ]
INFO: [ view_parse ] --START--
INFO: [ template_filter ] --START--
INFO: Run Behavior\ContentReplaceBehavior [ RunTime:0.001000s ]
INFO: [ template_filter ] --END-- [ RunTime:0.001000s ]
NOTIC: [8] Undefined index: _child D:\project\l.yasin.cn\yasin\onethink\wwwroot\Runtime\Cache\Admin\7a4184ffe8f804b12b2e7f8851dd8f7d.php 第 77 行.
NOTIC: [8] Undefined index: current D:\project\l.yasin.cn\yasin\onethink\wwwroot\Runtime\Cache\Admin\7a4184ffe8f804b12b2e7f8851dd8f7d.php 第 77 行.
NOTIC: [8] Undefined index: current D:\project\l.yasin.cn\yasin\onethink\wwwroot\Runtime\Cache\Admin\7a4184ffe8f804b12b2e7f8851dd8f7d.php 第 77 行.
NOTIC: [8] Undefined index: current D:\project\l.yasin.cn\yasin\onethink\wwwroot\Runtime\Cache\Admin\7a4184ffe8f804b12b2e7f8851dd8f7d.php 第 77 行.
NOTIC: [8] Undefined index: current D:\project\l.yasin.cn\yasin\onethink\wwwroot\Runtime\Cache\Admin\7a4184ffe8f804b12b2e7f8851dd8f7d.php 第 77 行.
NOTIC: [8] Undefined index: current D:\project\l.yasin.cn\yasin\onethink\wwwroot\Runtime\Cache\Admin\7a4184ffe8f804b12b2e7f8851dd8f7d.php 第 77 行.
INFO: Run Behavior\ParseTemplateBehavior [ RunTime:0.052000s ]
INFO: [ view_parse ] --END-- [ RunTime:0.052000s ]
INFO: [ view_filter ] --START--
INFO: Run Behavior\WriteHtmlCacheBehavior [ RunTime:0.001000s ]
INFO: [ view_filter ] --END-- [ RunTime:0.001000s ]
INFO: [ app_end ] --START--
INFO: Run Behavior\ShowPageTraceBehavior [ RunTime:0.001000s ]
INFO: [ app_end ] --END-- [ RunTime:0.001000s ]

[ 2018-09-17T10:53:25+08:00 ] 127.0.0.1 /index.php?s=/Admin/Article/edit/id/80/model/25/cate_id/72.html
INFO: [ app_init ] --START--
INFO: Run Behavior\BuildLiteBehavior [ RunTime:0.000000s ]
INFO: Run Common\Behavior\InitHookBehavior [ RunTime:0.004000s ]
INFO: [ app_init ] --END-- [ RunTime:0.005000s ]
INFO: [ app_begin ] --START--
INFO: Run Behavior\ReadHtmlCacheBehavior [ RunTime:0.001000s ]
INFO: [ app_begin ] --END-- [ RunTime:0.001000s ]
SQL: SHOW COLUMNS FROM `one_auth_group_access` [ RunTime:0.0110s ]
SQL: SELECT `extend_id` FROM one_auth_group_access g INNER JOIN one_auth_extend c on g.group_id=c.group_id  WHERE ( g.uid='1' and c.type='1' and !isnull(extend_id) )  [ RunTime:0.0000s ]
SQL: SHOW COLUMNS FROM `one_category` [ RunTime:0.0130s ]
SQL: SELECT `id`,`title`,`pid`,`allow_publish` FROM `one_category` WHERE `status` = 1 ORDER BY `pid`,`sort`  [ RunTime:0.0010s ]
SQL: SELECT `id`,`title`,`pid` FROM `one_category` WHERE `status` = 1 ORDER BY `sort`  [ RunTime:0.0000s ]
SQL: SHOW COLUMNS FROM `one_document` [ RunTime:0.0120s ]
SQL: SELECT `id`,`uid`,`name`,`title`,`category_id`,`group_id`,`description`,`root`,`pid`,`model_id`,`type`,`position`,`link_id`,`cover_id`,`display`,`deadline`,`attach`,`view`,`comment`,`extend`,`level`,`create_time`,`update_time`,`status`,`view_num` FROM `one_document` WHERE `id` = 80 LIMIT 1   [ RunTime:0.0010s ]
SQL: SHOW COLUMNS FROM `one_document_propagandist_video` [ RunTime:0.0060s ]
SQL: SELECT `id`,`list_title`,`list_subtitle`,`en_title`,`video`,`video_img` FROM `one_document_propagandist_video` WHERE `id` = 80 LIMIT 1   [ RunTime:0.0010s ]
SQL: SHOW COLUMNS FROM `one_category` [ RunTime:0.0050s ]
SQL: SELECT `pid` FROM `one_category` WHERE `id` = 72 LIMIT 1   [ RunTime:0.0000s ]
SQL: SELECT `id`,`title` FROM `one_category` WHERE `pid` = 54 LIMIT 1   [ RunTime:0.0000s ]
SQL: SHOW COLUMNS FROM `one_document_hospital_details` [ RunTime:0.0070s ]
SQL: SELECT h.id,h.list_title FROM one_document_hospital_details h INNER JOIN one_document as d ON h.id=d.id  WHERE d.category_id = '55'  [ RunTime:0.0000s ]
NOTIC: [8] Undefined variable: hospitals D:\project\l.yasin.cn\yasin\onethink\wwwroot\Application\Admin\Controller\ArticleController.class.php 第 451 行.
SQL: SHOW COLUMNS FROM `one_attribute` [ RunTime:0.0060s ]
SQL: UPDATE `one_attribute` SET `extra`=NULL WHERE `id` = 169 [ RunTime:0.0000s ]
SQL: SHOW COLUMNS FROM `one_model` [ RunTime:0.0060s ]
SQL: SELECT `extend` FROM `one_model` WHERE `id` = 25 LIMIT 1   [ RunTime:0.0010s ]
SQL: SHOW COLUMNS FROM `one_attribute` [ RunTime:0.0060s ]
SQL: SELECT `id`,`name`,`title`,`field`,`type`,`value`,`remark`,`is_show`,`extra`,`model_id`,`is_must`,`status`,`update_time`,`create_time`,`validate_rule`,`validate_time`,`error_info`,`validate_type`,`auto_rule`,`auto_time`,`auto_type` FROM `one_attribute` WHERE `model_id` IN ('25','1')  [ RunTime:0.0010s ]
SQL: SELECT `field_sort`,`attribute_list`,`attribute_alias` FROM `one_model` WHERE `id` = 25 LIMIT 1   [ RunTime:0.0000s ]
NOTIC: [8] Undefined index: category_id D:\project\l.yasin.cn\yasin\onethink\wwwroot\Application\Admin\Controller\ArticleController.class.php 第 461 行.
INFO: [ view_parse ] --START--
INFO: [ template_filter ] --START--
INFO: Run Behavior\ContentReplaceBehavior [ RunTime:0.001000s ]
INFO: [ template_filter ] --END-- [ RunTime:0.001000s ]
NOTIC: [8] Undefined index: _child D:\project\l.yasin.cn\yasin\onethink\wwwroot\Runtime\Cache\Admin\761055de2f430bef08441163fbb8bda7.php 第 77 行.
NOTIC: [8] Undefined index: current D:\project\l.yasin.cn\yasin\onethink\wwwroot\Runtime\Cache\Admin\761055de2f430bef08441163fbb8bda7.php 第 77 行.
NOTIC: [8] Undefined index: current D:\project\l.yasin.cn\yasin\onethink\wwwroot\Runtime\Cache\Admin\761055de2f430bef08441163fbb8bda7.php 第 77 行.
NOTIC: [8] Undefined index: current D:\project\l.yasin.cn\yasin\onethink\wwwroot\Runtime\Cache\Admin\761055de2f430bef08441163fbb8bda7.php 第 77 行.
NOTIC: [8] Undefined index: current D:\project\l.yasin.cn\yasin\onethink\wwwroot\Runtime\Cache\Admin\761055de2f430bef08441163fbb8bda7.php 第 77 行.
NOTIC: [8] Undefined index: current D:\project\l.yasin.cn\yasin\onethink\wwwroot\Runtime\Cache\Admin\761055de2f430bef08441163fbb8bda7.php 第 77 行.
SQL: SHOW COLUMNS FROM `one_picture` [ RunTime:0.0060s ]
SQL: SELECT * FROM `one_picture` WHERE `status` = 1 AND `id` = 21 LIMIT 1   [ RunTime:0.0000s ]
NOTIC: [8] Undefined offset: 133 D:\project\l.yasin.cn\yasin\onethink\wwwroot\Runtime\Cache\Admin\761055de2f430bef08441163fbb8bda7.php 第 244 行.
SQL: SHOW COLUMNS FROM `one_file` [ RunTime:0.0060s ]
SQL: SELECT `name` FROM `one_file` WHERE `id` = 5 LIMIT 1   [ RunTime:0.0000s ]
NOTIC: [8] Undefined index: subtitle D:\project\l.yasin.cn\yasin\onethink\wwwroot\Runtime\Cache\Admin\761055de2f430bef08441163fbb8bda7.php 第 170 行.
INFO: Run Behavior\ParseTemplateBehavior [ RunTime:0.047000s ]
INFO: [ view_parse ] --END-- [ RunTime:0.047000s ]
INFO: [ view_filter ] --START--
INFO: Run Behavior\WriteHtmlCacheBehavior [ RunTime:0.000000s ]
INFO: [ view_filter ] --END-- [ RunTime:0.000000s ]
INFO: [ app_end ] --START--
INFO: Run Behavior\ShowPageTraceBehavior [ RunTime:0.001000s ]
INFO: [ app_end ] --END-- [ RunTime:0.001000s ]

