[ 2018-08-06T10:10:31+08:00 ] 127.0.0.1 /index.php?s=Admin
INFO: [ app_init ] --START--
INFO: Run Behavior\BuildLiteBehavior [ RunTime:0.000000s ]
INFO: Run Common\Behavior\InitHookBehavior [ RunTime:0.002000s ]
INFO: [ app_init ] --END-- [ RunTime:0.002000s ]
INFO: [ app_begin ] --START--
INFO: Run Behavior\ReadHtmlCacheBehavior [ RunTime:0.000000s ]
INFO: [ app_begin ] --END-- [ RunTime:0.000000s ]

[ 2018-08-06T10:10:31+08:00 ] 127.0.0.1 /index.php?s=/Admin/Public/login.html
INFO: [ app_init ] --START--
INFO: Run Behavior\BuildLiteBehavior [ RunTime:0.000000s ]
INFO: Run Common\Behavior\InitHookBehavior [ RunTime:0.001000s ]
INFO: [ app_init ] --END-- [ RunTime:0.001000s ]
INFO: [ app_begin ] --START--
INFO: Run Behavior\ReadHtmlCacheBehavior [ RunTime:0.001000s ]
INFO: [ app_begin ] --END-- [ RunTime:0.001000s ]
INFO: [ view_parse ] --START--
INFO: [ template_filter ] --START--
INFO: Run Behavior\ContentReplaceBehavior [ RunTime:0.000000s ]
INFO: [ template_filter ] --END-- [ RunTime:0.000000s ]
INFO: Run Behavior\ParseTemplateBehavior [ RunTime:0.021000s ]
INFO: [ view_parse ] --END-- [ RunTime:0.021000s ]
INFO: [ view_filter ] --START--
INFO: Run Behavior\WriteHtmlCacheBehavior [ RunTime:0.000000s ]
INFO: [ view_filter ] --END-- [ RunTime:0.000000s ]
INFO: [ app_end ] --START--
INFO: Run Behavior\ShowPageTraceBehavior [ RunTime:0.000000s ]
INFO: [ app_end ] --END-- [ RunTime:0.000000s ]

[ 2018-08-06T10:10:31+08:00 ] 127.0.0.1 /index.php?s=/Admin/Public/verify.html
INFO: [ app_init ] --START--
INFO: Run Behavior\BuildLiteBehavior [ RunTime:0.000000s ]
INFO: Run Common\Behavior\InitHookBehavior [ RunTime:0.001000s ]
INFO: [ app_init ] --END-- [ RunTime:0.001000s ]
INFO: [ app_begin ] --START--
INFO: Run Behavior\ReadHtmlCacheBehavior [ RunTime:0.000000s ]
INFO: [ app_begin ] --END-- [ RunTime:0.000000s ]
INFO: [ app_end ] --START--
INFO: Run Behavior\ShowPageTraceBehavior [ RunTime:0.000000s ]
INFO: [ app_end ] --END-- [ RunTime:0.000000s ]

[ 2018-08-06T10:10:36+08:00 ] 127.0.0.1 /index.php?s=/Admin/Public/login.html
INFO: [ app_init ] --START--
INFO: Run Behavior\BuildLiteBehavior [ RunTime:0.000000s ]
INFO: Run Common\Behavior\InitHookBehavior [ RunTime:0.002000s ]
INFO: [ app_init ] --END-- [ RunTime:0.002000s ]
INFO: [ app_begin ] --START--
INFO: Run Behavior\ReadHtmlCacheBehavior [ RunTime:0.000000s ]
INFO: [ app_begin ] --END-- [ RunTime:0.000000s ]

[ 2018-08-06T10:10:36+08:00 ] 127.0.0.1 /index.php?s=/Admin/Public/verify.html&random=0.9610591845921284
INFO: [ app_init ] --START--
INFO: Run Behavior\BuildLiteBehavior [ RunTime:0.001000s ]
INFO: Run Common\Behavior\InitHookBehavior [ RunTime:0.001000s ]
INFO: [ app_init ] --END-- [ RunTime:0.002000s ]
INFO: [ app_begin ] --START--
INFO: Run Behavior\ReadHtmlCacheBehavior [ RunTime:0.000000s ]
INFO: [ app_begin ] --END-- [ RunTime:0.000000s ]
INFO: [ app_end ] --START--
INFO: Run Behavior\ShowPageTraceBehavior [ RunTime:0.001000s ]
INFO: [ app_end ] --END-- [ RunTime:0.001000s ]

[ 2018-08-06T10:10:43+08:00 ] 127.0.0.1 /index.php?s=/Admin/Public/login.html
INFO: [ app_init ] --START--
INFO: Run Behavior\BuildLiteBehavior [ RunTime:0.000000s ]
INFO: Run Common\Behavior\InitHookBehavior [ RunTime:0.001000s ]
INFO: [ app_init ] --END-- [ RunTime:0.002000s ]
INFO: [ app_begin ] --START--
INFO: Run Behavior\ReadHtmlCacheBehavior [ RunTime:0.001000s ]
INFO: [ app_begin ] --END-- [ RunTime:0.001000s ]
SQL: SHOW COLUMNS FROM `one_member` [ RunTime:0.0080s ]
SQL: SELECT `uid`,`nickname`,`sex`,`birthday`,`qq`,`score`,`login`,`reg_ip`,`reg_time`,`last_login_ip`,`last_login_time`,`status` FROM `one_member` WHERE `uid` = 1 LIMIT 1   [ RunTime:0.0000s ]
SQL: SHOW COLUMNS FROM `one_action` [ RunTime:0.0070s ]
SQL: SELECT * FROM `one_action` WHERE `name` = 'user_login' LIMIT 1   [ RunTime:0.0000s ]
SQL: SHOW COLUMNS FROM `one_action_log` [ RunTime:0.0060s ]
SQL: INSERT INTO `one_action_log` (`action_id`,`user_id`,`action_ip`,`model`,`record_id`,`create_time`,`remark`) VALUES ('1','1','2130706433','member','1','1533521443','admin在2018-08-06 10:10登录了后台') [ RunTime:0.0110s ]
SQL: SELECT * FROM `one_action` WHERE `name` = 'user_login' LIMIT 1   [ RunTime:0.0010s ]
NOTIC: [8] Undefined offset: 1 D:\project\health2\onethink\wwwroot\Application\Common\Common\function.php 第 680 行.
NOTIC: [2] array_key_exists() expects parameter 2 to be array, null given D:\project\health2\onethink\wwwroot\Application\Common\Common\function.php 第 680 行.
SQL: SELECT COUNT(*) AS tp_count FROM `one_action_log` WHERE `action_id` = 1 AND `user_id` = 1 AND `create_time` > 1533435043 LIMIT 1   [ RunTime:0.0330s ]
SQL: SHOW COLUMNS FROM `one_member` [ RunTime:0.0070s ]
SQL: UPDATE `one_member` SET `score`=score+10 WHERE ( uid=1 AND status>-1 ) [ RunTime:0.0010s ]
SQL: UPDATE `one_member` SET `login`=`login`+1,`last_login_time`='1533521443',`last_login_ip`='2130706433' WHERE `uid` = 1 [ RunTime:0.0000s ]

[ 2018-08-06T10:10:48+08:00 ] 127.0.0.1 /index.php?s=/Admin/Index/index.html
INFO: [ app_init ] --START--
INFO: Run Behavior\BuildLiteBehavior [ RunTime:0.000000s ]
INFO: Run Common\Behavior\InitHookBehavior [ RunTime:0.001000s ]
INFO: [ app_init ] --END-- [ RunTime:0.002000s ]
INFO: [ app_begin ] --START--
INFO: Run Behavior\ReadHtmlCacheBehavior [ RunTime:0.001000s ]
INFO: [ app_begin ] --END-- [ RunTime:0.001000s ]
SQL: SHOW COLUMNS FROM `one_menu` [ RunTime:0.0070s ]
SQL: SELECT `id`,`title`,`url` FROM `one_menu` WHERE `pid` = 0 AND `hide` = 0 ORDER BY `sort` asc  [ RunTime:0.0000s ]
SQL: SELECT `pid` FROM `one_menu` WHERE ( pid !=0 AND url like '%Index/index%' ) LIMIT 1   [ RunTime:0.0010s ]
INFO: [ view_parse ] --START--
INFO: [ template_filter ] --START--
INFO: Run Behavior\ContentReplaceBehavior [ RunTime:0.000000s ]
INFO: [ template_filter ] --END-- [ RunTime:0.000000s ]
INFO: [ AdminIndex ] --START--
SQL: SHOW COLUMNS FROM `one_addons` [ RunTime:0.0060s ]
SQL: SELECT `config` FROM `one_addons` WHERE `name` = 'SiteStat' AND `status` = 1 LIMIT 1   [ RunTime:0.0000s ]
SQL: SHOW COLUMNS FROM `one_member` [ RunTime:0.0070s ]
SQL: SELECT COUNT(*) AS tp_count FROM `one_member` LIMIT 1   [ RunTime:0.0000s ]
SQL: SHOW COLUMNS FROM `one_action_log` [ RunTime:0.0060s ]
SQL: SELECT COUNT(*) AS tp_count FROM `one_action_log` LIMIT 1   [ RunTime:0.0010s ]
SQL: SHOW COLUMNS FROM `one_document` [ RunTime:0.0050s ]
SQL: SELECT COUNT(*) AS tp_count FROM `one_document` LIMIT 1   [ RunTime:0.0010s ]
SQL: SHOW COLUMNS FROM `one_category` [ RunTime:0.0060s ]
SQL: SELECT COUNT(*) AS tp_count FROM `one_category` LIMIT 1   [ RunTime:0.0010s ]
SQL: SHOW COLUMNS FROM `one_model` [ RunTime:0.0070s ]
SQL: SELECT COUNT(*) AS tp_count FROM `one_model` LIMIT 1   [ RunTime:0.0000s ]
INFO: [ view_parse ] --START--
INFO: [ template_filter ] --START--
INFO: Run Behavior\ContentReplaceBehavior [ RunTime:0.000000s ]
INFO: [ template_filter ] --END-- [ RunTime:-0.046000s ]
INFO: Run Behavior\ParseTemplateBehavior [ RunTime:0.003000s ]
INFO: [ view_parse ] --END-- [ RunTime:0.003000s ]
INFO: [ view_filter ] --START--
INFO: Run Behavior\WriteHtmlCacheBehavior [ RunTime:0.001000s ]
INFO: [ view_filter ] --END-- [ RunTime:0.001000s ]
INFO: Run Addons\SiteStat\SiteStatAddon [ RunTime:0.046000s ]
SQL: SELECT `config` FROM `one_addons` WHERE `name` = 'SystemInfo' AND `status` = 1 LIMIT 1   [ RunTime:0.0000s ]
INFO: [ view_parse ] --START--
INFO: [ template_filter ] --START--
INFO: Run Behavior\ContentReplaceBehavior [ RunTime:0.000000s ]
INFO: [ template_filter ] --END-- [ RunTime:-5.052000s ]
SQL: select version() as v; [ RunTime:0.0000s ]
INFO: Run Behavior\ParseTemplateBehavior [ RunTime:0.004000s ]
INFO: [ view_parse ] --END-- [ RunTime:-5.003000s ]
INFO: [ view_filter ] --START--
INFO: Run Behavior\WriteHtmlCacheBehavior [ RunTime:0.000000s ]
INFO: [ view_filter ] --END-- [ RunTime:-5.006000s ]
INFO: Run Addons\SystemInfo\SystemInfoAddon [ RunTime:5.006000s ]
SQL: SELECT `config` FROM `one_addons` WHERE `name` = 'DevTeam' AND `status` = 1 LIMIT 1   [ RunTime:0.0010s ]
INFO: [ view_parse ] --START--
INFO: [ template_filter ] --START--
INFO: Run Behavior\ContentReplaceBehavior [ RunTime:0.000000s ]
INFO: [ template_filter ] --END-- [ RunTime:-5.066000s ]
INFO: Run Behavior\ParseTemplateBehavior [ RunTime:0.012000s ]
INFO: [ view_parse ] --END-- [ RunTime:-5.009000s ]
INFO: [ view_filter ] --START--
INFO: Run Behavior\WriteHtmlCacheBehavior [ RunTime:0.000000s ]
INFO: [ view_filter ] --END-- [ RunTime:-5.020000s ]
INFO: Run Addons\DevTeam\DevTeamAddon [ RunTime:0.014000s ]
INFO: [ AdminIndex ] --END-- [ RunTime:5.066000s ]
INFO: Run Behavior\ParseTemplateBehavior [ RunTime:0.012000s ]
INFO: [ view_parse ] --END-- [ RunTime:-5.009000s ]
INFO: [ view_filter ] --START--
INFO: Run Behavior\WriteHtmlCacheBehavior [ RunTime:0.000000s ]
INFO: [ view_filter ] --END-- [ RunTime:-5.020000s ]
INFO: [ app_end ] --START--
INFO: Run Behavior\ShowPageTraceBehavior [ RunTime:0.000000s ]
INFO: [ app_end ] --END-- [ RunTime:0.000000s ]

[ 2018-08-06T10:10:50+08:00 ] 127.0.0.1 /index.php?s=/Admin/Article/index.html
INFO: [ app_init ] --START--
INFO: Run Behavior\BuildLiteBehavior [ RunTime:0.000000s ]
INFO: Run Common\Behavior\InitHookBehavior [ RunTime:0.002000s ]
INFO: [ app_init ] --END-- [ RunTime:0.002000s ]
INFO: [ app_begin ] --START--
INFO: Run Behavior\ReadHtmlCacheBehavior [ RunTime:0.000000s ]
INFO: [ app_begin ] --END-- [ RunTime:0.001000s ]
SQL: SHOW COLUMNS FROM `one_menu` [ RunTime:0.0080s ]
SQL: SELECT `id`,`title`,`url` FROM `one_menu` WHERE `pid` = 0 AND `hide` = 0 ORDER BY `sort` asc  [ RunTime:0.0000s ]
SQL: SELECT `pid` FROM `one_menu` WHERE ( pid !=0 AND url like '%Article/index%' ) LIMIT 1   [ RunTime:0.0000s ]
SQL: SELECT * FROM `one_menu` WHERE `id` = 2 LIMIT 1   [ RunTime:0.0000s ]
SQL: SELECT DISTINCT  `group` FROM `one_menu` WHERE `group` <> '' AND `pid` = 2  [ RunTime:0.0010s ]
SQL: SELECT `id`,`url` FROM `one_menu` WHERE `pid` = 2 AND `hide` = 0  [ RunTime:0.0000s ]
SQL: SELECT `id`,`pid`,`title`,`url`,`tip` FROM `one_menu` WHERE `group` = '内容' AND `pid` = 2 AND `hide` = 0 ORDER BY `sort` asc  [ RunTime:0.0000s ]
SQL: SHOW COLUMNS FROM `one_auth_group_access` [ RunTime:0.0080s ]
SQL: SELECT `extend_id` FROM one_auth_group_access g INNER JOIN one_auth_extend c on g.group_id=c.group_id  WHERE ( g.uid='1' and c.type='1' and !isnull(extend_id) )  [ RunTime:0.0010s ]
SQL: SHOW COLUMNS FROM `one_category` [ RunTime:0.0070s ]
SQL: SELECT `id`,`title`,`pid`,`allow_publish` FROM `one_category` WHERE `status` = 1 ORDER BY `pid`,`sort`  [ RunTime:0.0000s ]
SQL: SHOW COLUMNS FROM `one_model` [ RunTime:0.0050s ]
SQL: SELECT * FROM `one_model` WHERE `name` = 'document' LIMIT 1   [ RunTime:0.0010s ]
SQL: SHOW COLUMNS FROM `one_document` [ RunTime:0.0030s ]
SQL: SELECT COUNT(*) AS tp_count FROM one_document DOCUMENT WHERE `status` IN ('0','1','2') AND `pid` = 0 LIMIT 1   [ RunTime:0.0010s ]
SQL: SELECT `id`,`title`,`type`,`update_time`,`status`,`view`,`category_id`,`model_id`,`pid` FROM one_document DOCUMENT WHERE `status` IN ('0','1','2') AND `pid` = 0 ORDER BY `level` DESC,DOCUMENT.id DESC LIMIT 0,10   [ RunTime:0.0010s ]
SQL: SELECT `extend` FROM `one_model` WHERE `id` = 1 LIMIT 1   [ RunTime:0.0000s ]
SQL: SHOW COLUMNS FROM `one_attribute` [ RunTime:0.0040s ]
SQL: SELECT `id`,`name`,`type`,`extra` FROM `one_attribute` WHERE `model_id` = 1  [ RunTime:0.0000s ]
NOTIC: [8] Undefined variable: groups D:\project\health2\onethink\wwwroot\Application\Admin\Controller\ArticleController.class.php 第 232 行.
INFO: [ view_parse ] --START--
INFO: [ template_filter ] --START--
INFO: Run Behavior\ContentReplaceBehavior [ RunTime:0.000000s ]
INFO: [ template_filter ] --END-- [ RunTime:0.000000s ]
INFO: Run Behavior\ParseTemplateBehavior [ RunTime:0.029000s ]
INFO: [ view_parse ] --END-- [ RunTime:0.029000s ]
INFO: [ view_filter ] --START--
INFO: Run Behavior\WriteHtmlCacheBehavior [ RunTime:0.000000s ]
INFO: [ view_filter ] --END-- [ RunTime:0.000000s ]
INFO: [ app_end ] --START--
INFO: Run Behavior\ShowPageTraceBehavior [ RunTime:0.001000s ]
INFO: [ app_end ] --END-- [ RunTime:0.001000s ]

