[ 2018-08-17T18:00:20+08:00 ] 127.0.0.1 /index.php?s=/Home/Article/hospital_lists/category/accelerator_list/id/25/pjax/container.html
INFO: [ app_init ] --START--
INFO: Run Behavior\BuildLiteBehavior [ RunTime:0.000000s ]
INFO: Run Common\Behavior\InitHookBehavior [ RunTime:0.002000s ]
INFO: [ app_init ] --END-- [ RunTime:0.002000s ]
INFO: [ app_begin ] --START--
INFO: Run Behavior\ReadHtmlCacheBehavior [ RunTime:0.000000s ]
INFO: [ app_begin ] --END-- [ RunTime:0.000000s ]
SQL: SHOW COLUMNS FROM `one_config` [ RunTime:0.0040s ]
SQL: SELECT `type`,`name`,`value` FROM `one_config` WHERE `status` = 1  [ RunTime:0.0010s ]
SQL: SHOW COLUMNS FROM `one_category` [ RunTime:0.0040s ]
SQL: SELECT `id`,`name`,`title`,`pid`,`sort`,`list_row`,`meta_title`,`keywords`,`description`,`template_index`,`template_lists`,`template_detail`,`template_edit`,`model`,`model_sub`,`type`,`link_id`,`allow_publish`,`display`,`reply`,`check`,`reply_model`,`extend`,`create_time`,`update_time`,`status`,`icon`,`groups` FROM `one_category` WHERE `name` = 'accelerator_list' LIMIT 1   [ RunTime:0.0010s ]
SQL: SHOW COLUMNS FROM `one_document` [ RunTime:0.0030s ]
SQL: SELECT `id`,`uid`,`name`,`title`,`category_id`,`group_id`,`description`,`root`,`pid`,`model_id`,`type`,`position`,`link_id`,`cover_id`,`display`,`deadline`,`attach`,`view`,`comment`,`extend`,`level`,`create_time`,`update_time`,`status`,`view_num` FROM `one_document` WHERE `status` = 1 AND `pid` = 0 AND `category_id` = 65 AND `create_time` < 1534500020 AND ( deadline = 0 OR deadline > 1534500020 ) ORDER BY `id` DESC LIMIT 0,10   [ RunTime:0.0010s ]
SQL: SHOW COLUMNS FROM `one_document_third_list` [ RunTime:0.0030s ]
SQL: SELECT * FROM `one_document_third_list` WHERE `id` = 25  [ RunTime:0.0000s ]
SQL: SHOW COLUMNS FROM `one_picture` [ RunTime:0.0030s ]
SQL: SELECT `path` FROM `one_picture` WHERE `id` = 17  [ RunTime:0.0000s ]
SQL: SHOW COLUMNS FROM `one_category` [ RunTime:0.0040s ]
SQL: SELECT `id`,`title`,`name`,`pid` FROM `one_category` WHERE `id` = 59  [ RunTime:0.0000s ]
SQL: SELECT `id`,`title`,`name` FROM `one_category` WHERE `id` = 41  [ RunTime:0.0000s ]
SQL: SELECT `id`,`title`,`name` FROM `one_category` WHERE `pid` = 41  [ RunTime:0.0010s ]
SQL: SHOW COLUMNS FROM `one_document` [ RunTime:0.0030s ]
SQL: SELECT * FROM `one_document` WHERE `category_id` = 43 LIMIT 1   [ RunTime:0.0000s ]
SQL: SHOW COLUMNS FROM `one_category` [ RunTime:0.0040s ]
SQL: SELECT c.id,c.name FROM one_category c join one_document AS d ON d.category_id=c.id  WHERE c.pid = '43' LIMIT 1   [ RunTime:0.0000s ]
SQL: SELECT * FROM `one_document` WHERE `category_id` = 57 LIMIT 1   [ RunTime:0.0000s ]
SQL: SELECT c.id,c.name FROM one_category c join one_document AS d ON d.category_id=c.id  WHERE c.pid = '57' LIMIT 1   [ RunTime:0.0010s ]
SQL: SELECT * FROM `one_document` WHERE `category_id` = 58 LIMIT 1   [ RunTime:0.0000s ]
SQL: SELECT c.id,c.name FROM one_category c join one_document AS d ON d.category_id=c.id  WHERE c.pid = '58' LIMIT 1   [ RunTime:0.0000s ]
SQL: SELECT * FROM `one_document` WHERE `category_id` = 59 LIMIT 1   [ RunTime:0.0000s ]
SQL: SELECT c.id,c.name FROM one_category c join one_document AS d ON d.category_id=c.id  WHERE c.pid = '59' LIMIT 1   [ RunTime:0.0000s ]
INFO: [ view_parse ] --START--
INFO: [ template_filter ] --START--
INFO: Run Behavior\ContentReplaceBehavior [ RunTime:0.000000s ]
INFO: [ template_filter ] --END-- [ RunTime:0.000000s ]
SQL: SHOW COLUMNS FROM `one_channel` [ RunTime:0.0030s ]
SQL: SELECT `id`,`pid`,`title`,`en_title`,`url`,`sort`,`create_time`,`update_time`,`status`,`target` FROM `one_channel` WHERE ( status=1 ) ORDER BY `sort`  [ RunTime:0.0010s ]
NOTIC: [8] Undefined offset: 0 D:\project\l.yasin.cn\yasin\onethink\wwwroot\Runtime\Cache\Home\6972eaeffb8a652be7fa4b8f98b61ab6.php 第 134 行.
NOTIC: [8] Use of undefined constant WEB_SITE_ADDRESS - assumed 'WEB_SITE_ADDRESS' D:\project\l.yasin.cn\yasin\onethink\wwwroot\Runtime\Cache\Home\6972eaeffb8a652be7fa4b8f98b61ab6.php 第 184 行.
NOTIC: [8] Use of undefined constant WEB_SITE_ICP - assumed 'WEB_SITE_ICP' D:\project\l.yasin.cn\yasin\onethink\wwwroot\Runtime\Cache\Home\6972eaeffb8a652be7fa4b8f98b61ab6.php 第 184 行.
NOTIC: [8] Use of undefined constant WEB_SITE_COPYRIGHT - assumed 'WEB_SITE_COPYRIGHT' D:\project\l.yasin.cn\yasin\onethink\wwwroot\Runtime\Cache\Home\6972eaeffb8a652be7fa4b8f98b61ab6.php 第 184 行.
INFO: Run Behavior\ParseTemplateBehavior [ RunTime:0.016000s ]
INFO: [ view_parse ] --END-- [ RunTime:0.016000s ]
INFO: [ view_filter ] --START--
INFO: Run Behavior\WriteHtmlCacheBehavior [ RunTime:0.000000s ]
INFO: [ view_filter ] --END-- [ RunTime:0.000000s ]
INFO: [ app_end ] --START--
INFO: Run Behavior\ShowPageTraceBehavior [ RunTime:0.000000s ]
INFO: [ app_end ] --END-- [ RunTime:0.000000s ]

[ 2018-08-17T18:00:21+08:00 ] 127.0.0.1 /index.php?s=/Home/Article/hospital_lists/category/colligate_list/id/18/pjax/container.html
INFO: [ app_init ] --START--
INFO: Run Behavior\BuildLiteBehavior [ RunTime:0.000000s ]
INFO: Run Common\Behavior\InitHookBehavior [ RunTime:0.003000s ]
INFO: [ app_init ] --END-- [ RunTime:0.004000s ]
INFO: [ app_begin ] --START--
INFO: Run Behavior\ReadHtmlCacheBehavior [ RunTime:0.000000s ]
INFO: [ app_begin ] --END-- [ RunTime:0.000000s ]
SQL: SHOW COLUMNS FROM `one_config` [ RunTime:0.0040s ]
SQL: SELECT `type`,`name`,`value` FROM `one_config` WHERE `status` = 1  [ RunTime:0.0000s ]
SQL: SHOW COLUMNS FROM `one_category` [ RunTime:0.0030s ]
SQL: SELECT `id`,`name`,`title`,`pid`,`sort`,`list_row`,`meta_title`,`keywords`,`description`,`template_index`,`template_lists`,`template_detail`,`template_edit`,`model`,`model_sub`,`type`,`link_id`,`allow_publish`,`display`,`reply`,`check`,`reply_model`,`extend`,`create_time`,`update_time`,`status`,`icon`,`groups` FROM `one_category` WHERE `name` = 'colligate_list' LIMIT 1   [ RunTime:0.0000s ]
SQL: SHOW COLUMNS FROM `one_document` [ RunTime:0.0030s ]
SQL: SELECT `id`,`uid`,`name`,`title`,`category_id`,`group_id`,`description`,`root`,`pid`,`model_id`,`type`,`position`,`link_id`,`cover_id`,`display`,`deadline`,`attach`,`view`,`comment`,`extend`,`level`,`create_time`,`update_time`,`status`,`view_num` FROM `one_document` WHERE `status` = 1 AND `pid` = 0 AND `category_id` = 62 AND `create_time` < 1534500021 AND ( deadline = 0 OR deadline > 1534500021 ) ORDER BY `id` DESC LIMIT 0,10   [ RunTime:0.0000s ]
SQL: SHOW COLUMNS FROM `one_document_third_list` [ RunTime:0.0030s ]
SQL: SELECT * FROM `one_document_third_list` WHERE `id` = 18  [ RunTime:0.0000s ]
SQL: SHOW COLUMNS FROM `one_picture` [ RunTime:0.0020s ]
SQL: SELECT `path` FROM `one_picture` WHERE `id` = 14  [ RunTime:0.0000s ]
SQL: SHOW COLUMNS FROM `one_category` [ RunTime:0.0030s ]
SQL: SELECT `id`,`title`,`name`,`pid` FROM `one_category` WHERE `id` = 43  [ RunTime:0.0000s ]
SQL: SELECT `id`,`title`,`name` FROM `one_category` WHERE `id` = 41  [ RunTime:0.0000s ]
SQL: SELECT `id`,`title`,`name` FROM `one_category` WHERE `pid` = 41  [ RunTime:0.0000s ]
SQL: SHOW COLUMNS FROM `one_document` [ RunTime:0.0030s ]
SQL: SELECT * FROM `one_document` WHERE `category_id` = 43 LIMIT 1   [ RunTime:0.0000s ]
SQL: SHOW COLUMNS FROM `one_category` [ RunTime:0.0030s ]
SQL: SELECT c.id,c.name FROM one_category c join one_document AS d ON d.category_id=c.id  WHERE c.pid = '43' LIMIT 1   [ RunTime:0.0010s ]
SQL: SELECT * FROM `one_document` WHERE `category_id` = 57 LIMIT 1   [ RunTime:0.0000s ]
SQL: SELECT c.id,c.name FROM one_category c join one_document AS d ON d.category_id=c.id  WHERE c.pid = '57' LIMIT 1   [ RunTime:0.0000s ]
SQL: SELECT * FROM `one_document` WHERE `category_id` = 58 LIMIT 1   [ RunTime:0.0000s ]
SQL: SELECT c.id,c.name FROM one_category c join one_document AS d ON d.category_id=c.id  WHERE c.pid = '58' LIMIT 1   [ RunTime:0.0010s ]
SQL: SELECT * FROM `one_document` WHERE `category_id` = 59 LIMIT 1   [ RunTime:0.0000s ]
SQL: SELECT c.id,c.name FROM one_category c join one_document AS d ON d.category_id=c.id  WHERE c.pid = '59' LIMIT 1   [ RunTime:0.0000s ]
INFO: [ view_parse ] --START--
INFO: [ template_filter ] --START--
INFO: Run Behavior\ContentReplaceBehavior [ RunTime:0.000000s ]
INFO: [ template_filter ] --END-- [ RunTime:0.000000s ]
SQL: SHOW COLUMNS FROM `one_channel` [ RunTime:0.0040s ]
SQL: SELECT `id`,`pid`,`title`,`en_title`,`url`,`sort`,`create_time`,`update_time`,`status`,`target` FROM `one_channel` WHERE ( status=1 ) ORDER BY `sort`  [ RunTime:0.0000s ]
NOTIC: [8] Undefined offset: 0 D:\project\l.yasin.cn\yasin\onethink\wwwroot\Runtime\Cache\Home\6972eaeffb8a652be7fa4b8f98b61ab6.php 第 134 行.
NOTIC: [8] Use of undefined constant WEB_SITE_ADDRESS - assumed 'WEB_SITE_ADDRESS' D:\project\l.yasin.cn\yasin\onethink\wwwroot\Runtime\Cache\Home\6972eaeffb8a652be7fa4b8f98b61ab6.php 第 184 行.
NOTIC: [8] Use of undefined constant WEB_SITE_ICP - assumed 'WEB_SITE_ICP' D:\project\l.yasin.cn\yasin\onethink\wwwroot\Runtime\Cache\Home\6972eaeffb8a652be7fa4b8f98b61ab6.php 第 184 行.
NOTIC: [8] Use of undefined constant WEB_SITE_COPYRIGHT - assumed 'WEB_SITE_COPYRIGHT' D:\project\l.yasin.cn\yasin\onethink\wwwroot\Runtime\Cache\Home\6972eaeffb8a652be7fa4b8f98b61ab6.php 第 184 行.
INFO: Run Behavior\ParseTemplateBehavior [ RunTime:0.017000s ]
INFO: [ view_parse ] --END-- [ RunTime:0.017000s ]
INFO: [ view_filter ] --START--
INFO: Run Behavior\WriteHtmlCacheBehavior [ RunTime:0.000000s ]
INFO: [ view_filter ] --END-- [ RunTime:0.000000s ]
INFO: [ app_end ] --START--
INFO: Run Behavior\ShowPageTraceBehavior [ RunTime:0.001000s ]
INFO: [ app_end ] --END-- [ RunTime:0.001000s ]

[ 2018-08-17T18:00:22+08:00 ] 127.0.0.1 /index.php?s=/Home/Article/hospital_lists/category/specialty_list/id/23/pjax/container.html
INFO: [ app_init ] --START--
INFO: Run Behavior\BuildLiteBehavior [ RunTime:0.000000s ]
INFO: Run Common\Behavior\InitHookBehavior [ RunTime:0.002000s ]
INFO: [ app_init ] --END-- [ RunTime:0.002000s ]
INFO: [ app_begin ] --START--
INFO: Run Behavior\ReadHtmlCacheBehavior [ RunTime:0.001000s ]
INFO: [ app_begin ] --END-- [ RunTime:0.001000s ]
SQL: SHOW COLUMNS FROM `one_config` [ RunTime:0.0040s ]
SQL: SELECT `type`,`name`,`value` FROM `one_config` WHERE `status` = 1  [ RunTime:0.0000s ]
SQL: SHOW COLUMNS FROM `one_category` [ RunTime:0.0050s ]
SQL: SELECT `id`,`name`,`title`,`pid`,`sort`,`list_row`,`meta_title`,`keywords`,`description`,`template_index`,`template_lists`,`template_detail`,`template_edit`,`model`,`model_sub`,`type`,`link_id`,`allow_publish`,`display`,`reply`,`check`,`reply_model`,`extend`,`create_time`,`update_time`,`status`,`icon`,`groups` FROM `one_category` WHERE `name` = 'specialty_list' LIMIT 1   [ RunTime:0.0010s ]
SQL: SHOW COLUMNS FROM `one_document` [ RunTime:0.0040s ]
SQL: SELECT `id`,`uid`,`name`,`title`,`category_id`,`group_id`,`description`,`root`,`pid`,`model_id`,`type`,`position`,`link_id`,`cover_id`,`display`,`deadline`,`attach`,`view`,`comment`,`extend`,`level`,`create_time`,`update_time`,`status`,`view_num` FROM `one_document` WHERE `status` = 1 AND `pid` = 0 AND `category_id` = 63 AND `create_time` < 1534500022 AND ( deadline = 0 OR deadline > 1534500022 ) ORDER BY `id` DESC LIMIT 0,10   [ RunTime:0.0010s ]
SQL: SHOW COLUMNS FROM `one_document_third_list` [ RunTime:0.0040s ]
SQL: SELECT * FROM `one_document_third_list` WHERE `id` = 23  [ RunTime:0.0010s ]
SQL: SHOW COLUMNS FROM `one_picture` [ RunTime:0.0050s ]
SQL: SELECT `path` FROM `one_picture` WHERE `id` = 15  [ RunTime:0.0000s ]
SQL: SHOW COLUMNS FROM `one_category` [ RunTime:0.0040s ]
SQL: SELECT `id`,`title`,`name`,`pid` FROM `one_category` WHERE `id` = 57  [ RunTime:0.0000s ]
SQL: SELECT `id`,`title`,`name` FROM `one_category` WHERE `id` = 41  [ RunTime:0.0000s ]
SQL: SELECT `id`,`title`,`name` FROM `one_category` WHERE `pid` = 41  [ RunTime:0.0010s ]
SQL: SHOW COLUMNS FROM `one_document` [ RunTime:0.0040s ]
SQL: SELECT * FROM `one_document` WHERE `category_id` = 43 LIMIT 1   [ RunTime:0.0000s ]
SQL: SHOW COLUMNS FROM `one_category` [ RunTime:0.0040s ]
SQL: SELECT c.id,c.name FROM one_category c join one_document AS d ON d.category_id=c.id  WHERE c.pid = '43' LIMIT 1   [ RunTime:0.0000s ]
SQL: SELECT * FROM `one_document` WHERE `category_id` = 57 LIMIT 1   [ RunTime:0.0000s ]
SQL: SELECT c.id,c.name FROM one_category c join one_document AS d ON d.category_id=c.id  WHERE c.pid = '57' LIMIT 1   [ RunTime:0.0000s ]
SQL: SELECT * FROM `one_document` WHERE `category_id` = 58 LIMIT 1   [ RunTime:0.0000s ]
SQL: SELECT c.id,c.name FROM one_category c join one_document AS d ON d.category_id=c.id  WHERE c.pid = '58' LIMIT 1   [ RunTime:0.0010s ]
SQL: SELECT * FROM `one_document` WHERE `category_id` = 59 LIMIT 1   [ RunTime:0.0000s ]
SQL: SELECT c.id,c.name FROM one_category c join one_document AS d ON d.category_id=c.id  WHERE c.pid = '59' LIMIT 1   [ RunTime:0.0010s ]
INFO: [ view_parse ] --START--
INFO: [ template_filter ] --START--
INFO: Run Behavior\ContentReplaceBehavior [ RunTime:0.000000s ]
INFO: [ template_filter ] --END-- [ RunTime:0.000000s ]
SQL: SHOW COLUMNS FROM `one_channel` [ RunTime:0.0050s ]
SQL: SELECT `id`,`pid`,`title`,`en_title`,`url`,`sort`,`create_time`,`update_time`,`status`,`target` FROM `one_channel` WHERE ( status=1 ) ORDER BY `sort`  [ RunTime:0.0000s ]
NOTIC: [8] Undefined offset: 0 D:\project\l.yasin.cn\yasin\onethink\wwwroot\Runtime\Cache\Home\6972eaeffb8a652be7fa4b8f98b61ab6.php 第 134 行.
NOTIC: [8] Use of undefined constant WEB_SITE_ADDRESS - assumed 'WEB_SITE_ADDRESS' D:\project\l.yasin.cn\yasin\onethink\wwwroot\Runtime\Cache\Home\6972eaeffb8a652be7fa4b8f98b61ab6.php 第 184 行.
NOTIC: [8] Use of undefined constant WEB_SITE_ICP - assumed 'WEB_SITE_ICP' D:\project\l.yasin.cn\yasin\onethink\wwwroot\Runtime\Cache\Home\6972eaeffb8a652be7fa4b8f98b61ab6.php 第 184 行.
NOTIC: [8] Use of undefined constant WEB_SITE_COPYRIGHT - assumed 'WEB_SITE_COPYRIGHT' D:\project\l.yasin.cn\yasin\onethink\wwwroot\Runtime\Cache\Home\6972eaeffb8a652be7fa4b8f98b61ab6.php 第 184 行.
INFO: Run Behavior\ParseTemplateBehavior [ RunTime:0.025000s ]
INFO: [ view_parse ] --END-- [ RunTime:0.025000s ]
INFO: [ view_filter ] --START--
INFO: Run Behavior\WriteHtmlCacheBehavior [ RunTime:0.000000s ]
INFO: [ view_filter ] --END-- [ RunTime:0.000000s ]
INFO: [ app_end ] --START--
INFO: Run Behavior\ShowPageTraceBehavior [ RunTime:0.000000s ]
INFO: [ app_end ] --END-- [ RunTime:0.000000s ]

[ 2018-08-17T18:00:26+08:00 ] 127.0.0.1 /index.php?s=/Home/Article/hospital_lists/category/colligate_list/id/18/pjax/container.html
INFO: [ app_init ] --START--
INFO: Run Behavior\BuildLiteBehavior [ RunTime:0.000000s ]
INFO: Run Common\Behavior\InitHookBehavior [ RunTime:0.002000s ]
INFO: [ app_init ] --END-- [ RunTime:0.003000s ]
INFO: [ app_begin ] --START--
INFO: Run Behavior\ReadHtmlCacheBehavior [ RunTime:0.000000s ]
INFO: [ app_begin ] --END-- [ RunTime:0.000000s ]
SQL: SHOW COLUMNS FROM `one_config` [ RunTime:0.0030s ]
SQL: SELECT `type`,`name`,`value` FROM `one_config` WHERE `status` = 1  [ RunTime:0.0000s ]
SQL: SHOW COLUMNS FROM `one_category` [ RunTime:0.0030s ]
SQL: SELECT `id`,`name`,`title`,`pid`,`sort`,`list_row`,`meta_title`,`keywords`,`description`,`template_index`,`template_lists`,`template_detail`,`template_edit`,`model`,`model_sub`,`type`,`link_id`,`allow_publish`,`display`,`reply`,`check`,`reply_model`,`extend`,`create_time`,`update_time`,`status`,`icon`,`groups` FROM `one_category` WHERE `name` = 'colligate_list' LIMIT 1   [ RunTime:0.0000s ]
SQL: SHOW COLUMNS FROM `one_document` [ RunTime:0.0030s ]
SQL: SELECT `id`,`uid`,`name`,`title`,`category_id`,`group_id`,`description`,`root`,`pid`,`model_id`,`type`,`position`,`link_id`,`cover_id`,`display`,`deadline`,`attach`,`view`,`comment`,`extend`,`level`,`create_time`,`update_time`,`status`,`view_num` FROM `one_document` WHERE `status` = 1 AND `pid` = 0 AND `category_id` = 62 AND `create_time` < 1534500026 AND ( deadline = 0 OR deadline > 1534500026 ) ORDER BY `id` DESC LIMIT 0,10   [ RunTime:0.0000s ]
SQL: SHOW COLUMNS FROM `one_document_third_list` [ RunTime:0.0030s ]
SQL: SELECT * FROM `one_document_third_list` WHERE `id` = 18  [ RunTime:0.0000s ]
SQL: SHOW COLUMNS FROM `one_picture` [ RunTime:0.0030s ]
SQL: SELECT `path` FROM `one_picture` WHERE `id` = 14  [ RunTime:0.0000s ]
SQL: SHOW COLUMNS FROM `one_category` [ RunTime:0.0030s ]
SQL: SELECT `id`,`title`,`name`,`pid` FROM `one_category` WHERE `id` = 43  [ RunTime:0.0000s ]
SQL: SELECT `id`,`title`,`name` FROM `one_category` WHERE `id` = 41  [ RunTime:0.0010s ]
SQL: SELECT `id`,`title`,`name` FROM `one_category` WHERE `pid` = 41  [ RunTime:0.0000s ]
SQL: SHOW COLUMNS FROM `one_document` [ RunTime:0.0030s ]
SQL: SELECT * FROM `one_document` WHERE `category_id` = 43 LIMIT 1   [ RunTime:0.0000s ]
SQL: SHOW COLUMNS FROM `one_category` [ RunTime:0.0030s ]
SQL: SELECT c.id,c.name FROM one_category c join one_document AS d ON d.category_id=c.id  WHERE c.pid = '43' LIMIT 1   [ RunTime:0.0000s ]
SQL: SELECT * FROM `one_document` WHERE `category_id` = 57 LIMIT 1   [ RunTime:0.0010s ]
SQL: SELECT c.id,c.name FROM one_category c join one_document AS d ON d.category_id=c.id  WHERE c.pid = '57' LIMIT 1   [ RunTime:0.0000s ]
SQL: SELECT * FROM `one_document` WHERE `category_id` = 58 LIMIT 1   [ RunTime:0.0000s ]
SQL: SELECT c.id,c.name FROM one_category c join one_document AS d ON d.category_id=c.id  WHERE c.pid = '58' LIMIT 1   [ RunTime:0.0000s ]
SQL: SELECT * FROM `one_document` WHERE `category_id` = 59 LIMIT 1   [ RunTime:0.0000s ]
SQL: SELECT c.id,c.name FROM one_category c join one_document AS d ON d.category_id=c.id  WHERE c.pid = '59' LIMIT 1   [ RunTime:0.0000s ]
INFO: [ view_parse ] --START--
INFO: [ template_filter ] --START--
INFO: Run Behavior\ContentReplaceBehavior [ RunTime:0.000000s ]
INFO: [ template_filter ] --END-- [ RunTime:0.000000s ]
SQL: SHOW COLUMNS FROM `one_channel` [ RunTime:0.0030s ]
SQL: SELECT `id`,`pid`,`title`,`en_title`,`url`,`sort`,`create_time`,`update_time`,`status`,`target` FROM `one_channel` WHERE ( status=1 ) ORDER BY `sort`  [ RunTime:0.0000s ]
NOTIC: [8] Undefined offset: 0 D:\project\l.yasin.cn\yasin\onethink\wwwroot\Runtime\Cache\Home\6972eaeffb8a652be7fa4b8f98b61ab6.php 第 134 行.
NOTIC: [8] Use of undefined constant WEB_SITE_ADDRESS - assumed 'WEB_SITE_ADDRESS' D:\project\l.yasin.cn\yasin\onethink\wwwroot\Runtime\Cache\Home\6972eaeffb8a652be7fa4b8f98b61ab6.php 第 184 行.
NOTIC: [8] Use of undefined constant WEB_SITE_ICP - assumed 'WEB_SITE_ICP' D:\project\l.yasin.cn\yasin\onethink\wwwroot\Runtime\Cache\Home\6972eaeffb8a652be7fa4b8f98b61ab6.php 第 184 行.
NOTIC: [8] Use of undefined constant WEB_SITE_COPYRIGHT - assumed 'WEB_SITE_COPYRIGHT' D:\project\l.yasin.cn\yasin\onethink\wwwroot\Runtime\Cache\Home\6972eaeffb8a652be7fa4b8f98b61ab6.php 第 184 行.
INFO: Run Behavior\ParseTemplateBehavior [ RunTime:0.017000s ]
INFO: [ view_parse ] --END-- [ RunTime:0.018000s ]
INFO: [ view_filter ] --START--
INFO: Run Behavior\WriteHtmlCacheBehavior [ RunTime:0.000000s ]
INFO: [ view_filter ] --END-- [ RunTime:0.000000s ]
INFO: [ app_end ] --START--
INFO: Run Behavior\ShowPageTraceBehavior [ RunTime:0.001000s ]
INFO: [ app_end ] --END-- [ RunTime:0.001000s ]

[ 2018-08-17T18:00:29+08:00 ] 127.0.0.1 /index.php?s=/Home/Article/hospital_lists/category/specialty_list/id/23/pjax/container.html
INFO: [ app_init ] --START--
INFO: Run Behavior\BuildLiteBehavior [ RunTime:0.000000s ]
INFO: Run Common\Behavior\InitHookBehavior [ RunTime:0.002000s ]
INFO: [ app_init ] --END-- [ RunTime:0.002000s ]
INFO: [ app_begin ] --START--
INFO: Run Behavior\ReadHtmlCacheBehavior [ RunTime:0.001000s ]
INFO: [ app_begin ] --END-- [ RunTime:0.001000s ]
SQL: SHOW COLUMNS FROM `one_config` [ RunTime:0.0030s ]
SQL: SELECT `type`,`name`,`value` FROM `one_config` WHERE `status` = 1  [ RunTime:0.0010s ]
SQL: SHOW COLUMNS FROM `one_category` [ RunTime:0.0030s ]
SQL: SELECT `id`,`name`,`title`,`pid`,`sort`,`list_row`,`meta_title`,`keywords`,`description`,`template_index`,`template_lists`,`template_detail`,`template_edit`,`model`,`model_sub`,`type`,`link_id`,`allow_publish`,`display`,`reply`,`check`,`reply_model`,`extend`,`create_time`,`update_time`,`status`,`icon`,`groups` FROM `one_category` WHERE `name` = 'specialty_list' LIMIT 1   [ RunTime:0.0000s ]
SQL: SHOW COLUMNS FROM `one_document` [ RunTime:0.0030s ]
SQL: SELECT `id`,`uid`,`name`,`title`,`category_id`,`group_id`,`description`,`root`,`pid`,`model_id`,`type`,`position`,`link_id`,`cover_id`,`display`,`deadline`,`attach`,`view`,`comment`,`extend`,`level`,`create_time`,`update_time`,`status`,`view_num` FROM `one_document` WHERE `status` = 1 AND `pid` = 0 AND `category_id` = 63 AND `create_time` < 1534500029 AND ( deadline = 0 OR deadline > 1534500029 ) ORDER BY `id` DESC LIMIT 0,10   [ RunTime:0.0010s ]
SQL: SHOW COLUMNS FROM `one_document_third_list` [ RunTime:0.0020s ]
SQL: SELECT * FROM `one_document_third_list` WHERE `id` = 23  [ RunTime:0.0000s ]
SQL: SHOW COLUMNS FROM `one_picture` [ RunTime:0.0030s ]
SQL: SELECT `path` FROM `one_picture` WHERE `id` = 15  [ RunTime:0.0000s ]
SQL: SHOW COLUMNS FROM `one_category` [ RunTime:0.0030s ]
SQL: SELECT `id`,`title`,`name`,`pid` FROM `one_category` WHERE `id` = 57  [ RunTime:0.0000s ]
SQL: SELECT `id`,`title`,`name` FROM `one_category` WHERE `id` = 41  [ RunTime:0.0010s ]
SQL: SELECT `id`,`title`,`name` FROM `one_category` WHERE `pid` = 41  [ RunTime:0.0000s ]
SQL: SHOW COLUMNS FROM `one_document` [ RunTime:0.0020s ]
SQL: SELECT * FROM `one_document` WHERE `category_id` = 43 LIMIT 1   [ RunTime:0.0000s ]
SQL: SHOW COLUMNS FROM `one_category` [ RunTime:0.0030s ]
SQL: SELECT c.id,c.name FROM one_category c join one_document AS d ON d.category_id=c.id  WHERE c.pid = '43' LIMIT 1   [ RunTime:0.0000s ]
SQL: SELECT * FROM `one_document` WHERE `category_id` = 57 LIMIT 1   [ RunTime:0.0010s ]
SQL: SELECT c.id,c.name FROM one_category c join one_document AS d ON d.category_id=c.id  WHERE c.pid = '57' LIMIT 1   [ RunTime:0.0000s ]
SQL: SELECT * FROM `one_document` WHERE `category_id` = 58 LIMIT 1   [ RunTime:0.0000s ]
SQL: SELECT c.id,c.name FROM one_category c join one_document AS d ON d.category_id=c.id  WHERE c.pid = '58' LIMIT 1   [ RunTime:0.0000s ]
SQL: SELECT * FROM `one_document` WHERE `category_id` = 59 LIMIT 1   [ RunTime:0.0000s ]
SQL: SELECT c.id,c.name FROM one_category c join one_document AS d ON d.category_id=c.id  WHERE c.pid = '59' LIMIT 1   [ RunTime:0.0000s ]
INFO: [ view_parse ] --START--
INFO: [ template_filter ] --START--
INFO: Run Behavior\ContentReplaceBehavior [ RunTime:0.000000s ]
INFO: [ template_filter ] --END-- [ RunTime:0.000000s ]
SQL: SHOW COLUMNS FROM `one_channel` [ RunTime:0.0030s ]
SQL: SELECT `id`,`pid`,`title`,`en_title`,`url`,`sort`,`create_time`,`update_time`,`status`,`target` FROM `one_channel` WHERE ( status=1 ) ORDER BY `sort`  [ RunTime:0.0000s ]
NOTIC: [8] Undefined offset: 0 D:\project\l.yasin.cn\yasin\onethink\wwwroot\Runtime\Cache\Home\6972eaeffb8a652be7fa4b8f98b61ab6.php 第 134 行.
NOTIC: [8] Use of undefined constant WEB_SITE_ADDRESS - assumed 'WEB_SITE_ADDRESS' D:\project\l.yasin.cn\yasin\onethink\wwwroot\Runtime\Cache\Home\6972eaeffb8a652be7fa4b8f98b61ab6.php 第 184 行.
NOTIC: [8] Use of undefined constant WEB_SITE_ICP - assumed 'WEB_SITE_ICP' D:\project\l.yasin.cn\yasin\onethink\wwwroot\Runtime\Cache\Home\6972eaeffb8a652be7fa4b8f98b61ab6.php 第 184 行.
NOTIC: [8] Use of undefined constant WEB_SITE_COPYRIGHT - assumed 'WEB_SITE_COPYRIGHT' D:\project\l.yasin.cn\yasin\onethink\wwwroot\Runtime\Cache\Home\6972eaeffb8a652be7fa4b8f98b61ab6.php 第 184 行.
INFO: Run Behavior\ParseTemplateBehavior [ RunTime:0.016000s ]
INFO: [ view_parse ] --END-- [ RunTime:0.016000s ]
INFO: [ view_filter ] --START--
INFO: Run Behavior\WriteHtmlCacheBehavior [ RunTime:0.001000s ]
INFO: [ view_filter ] --END-- [ RunTime:0.001000s ]
INFO: [ app_end ] --START--
INFO: Run Behavior\ShowPageTraceBehavior [ RunTime:0.000000s ]
INFO: [ app_end ] --END-- [ RunTime:0.000000s ]

[ 2018-08-17T18:00:30+08:00 ] 127.0.0.1 /index.php?s=/Home/Article/hospital_lists/category/high_list/id/24/pjax/container.html
INFO: [ app_init ] --START--
INFO: Run Behavior\BuildLiteBehavior [ RunTime:0.000000s ]
INFO: Run Common\Behavior\InitHookBehavior [ RunTime:0.002000s ]
INFO: [ app_init ] --END-- [ RunTime:0.003000s ]
INFO: [ app_begin ] --START--
INFO: Run Behavior\ReadHtmlCacheBehavior [ RunTime:0.000000s ]
INFO: [ app_begin ] --END-- [ RunTime:0.000000s ]
SQL: SHOW COLUMNS FROM `one_config` [ RunTime:0.0040s ]
SQL: SELECT `type`,`name`,`value` FROM `one_config` WHERE `status` = 1  [ RunTime:0.0000s ]
SQL: SHOW COLUMNS FROM `one_category` [ RunTime:0.0040s ]
SQL: SELECT `id`,`name`,`title`,`pid`,`sort`,`list_row`,`meta_title`,`keywords`,`description`,`template_index`,`template_lists`,`template_detail`,`template_edit`,`model`,`model_sub`,`type`,`link_id`,`allow_publish`,`display`,`reply`,`check`,`reply_model`,`extend`,`create_time`,`update_time`,`status`,`icon`,`groups` FROM `one_category` WHERE `name` = 'high_list' LIMIT 1   [ RunTime:0.0000s ]
SQL: SHOW COLUMNS FROM `one_document` [ RunTime:0.0040s ]
SQL: SELECT `id`,`uid`,`name`,`title`,`category_id`,`group_id`,`description`,`root`,`pid`,`model_id`,`type`,`position`,`link_id`,`cover_id`,`display`,`deadline`,`attach`,`view`,`comment`,`extend`,`level`,`create_time`,`update_time`,`status`,`view_num` FROM `one_document` WHERE `status` = 1 AND `pid` = 0 AND `category_id` = 64 AND `create_time` < 1534500030 AND ( deadline = 0 OR deadline > 1534500030 ) ORDER BY `id` DESC LIMIT 0,10   [ RunTime:0.0000s ]
SQL: SHOW COLUMNS FROM `one_document_third_list` [ RunTime:0.0020s ]
SQL: SELECT * FROM `one_document_third_list` WHERE `id` = 24  [ RunTime:0.0000s ]
SQL: SHOW COLUMNS FROM `one_picture` [ RunTime:0.0030s ]
SQL: SELECT `path` FROM `one_picture` WHERE `id` = 16  [ RunTime:0.0010s ]
SQL: SHOW COLUMNS FROM `one_category` [ RunTime:0.0030s ]
SQL: SELECT `id`,`title`,`name`,`pid` FROM `one_category` WHERE `id` = 58  [ RunTime:0.0000s ]
SQL: SELECT `id`,`title`,`name` FROM `one_category` WHERE `id` = 41  [ RunTime:0.0000s ]
SQL: SELECT `id`,`title`,`name` FROM `one_category` WHERE `pid` = 41  [ RunTime:0.0010s ]
SQL: SHOW COLUMNS FROM `one_document` [ RunTime:0.0020s ]
SQL: SELECT * FROM `one_document` WHERE `category_id` = 43 LIMIT 1   [ RunTime:0.0000s ]
SQL: SHOW COLUMNS FROM `one_category` [ RunTime:0.0020s ]
SQL: SELECT c.id,c.name FROM one_category c join one_document AS d ON d.category_id=c.id  WHERE c.pid = '43' LIMIT 1   [ RunTime:0.0000s ]
SQL: SELECT * FROM `one_document` WHERE `category_id` = 57 LIMIT 1   [ RunTime:0.0000s ]
SQL: SELECT c.id,c.name FROM one_category c join one_document AS d ON d.category_id=c.id  WHERE c.pid = '57' LIMIT 1   [ RunTime:0.0000s ]
SQL: SELECT * FROM `one_document` WHERE `category_id` = 58 LIMIT 1   [ RunTime:0.0000s ]
SQL: SELECT c.id,c.name FROM one_category c join one_document AS d ON d.category_id=c.id  WHERE c.pid = '58' LIMIT 1   [ RunTime:0.0000s ]
SQL: SELECT * FROM `one_document` WHERE `category_id` = 59 LIMIT 1   [ RunTime:0.0000s ]
SQL: SELECT c.id,c.name FROM one_category c join one_document AS d ON d.category_id=c.id  WHERE c.pid = '59' LIMIT 1   [ RunTime:0.0010s ]
INFO: [ view_parse ] --START--
INFO: [ template_filter ] --START--
INFO: Run Behavior\ContentReplaceBehavior [ RunTime:0.000000s ]
INFO: [ template_filter ] --END-- [ RunTime:0.000000s ]
SQL: SHOW COLUMNS FROM `one_channel` [ RunTime:0.0030s ]
SQL: SELECT `id`,`pid`,`title`,`en_title`,`url`,`sort`,`create_time`,`update_time`,`status`,`target` FROM `one_channel` WHERE ( status=1 ) ORDER BY `sort`  [ RunTime:0.0010s ]
NOTIC: [8] Undefined offset: 0 D:\project\l.yasin.cn\yasin\onethink\wwwroot\Runtime\Cache\Home\6972eaeffb8a652be7fa4b8f98b61ab6.php 第 134 行.
NOTIC: [8] Use of undefined constant WEB_SITE_ADDRESS - assumed 'WEB_SITE_ADDRESS' D:\project\l.yasin.cn\yasin\onethink\wwwroot\Runtime\Cache\Home\6972eaeffb8a652be7fa4b8f98b61ab6.php 第 184 行.
NOTIC: [8] Use of undefined constant WEB_SITE_ICP - assumed 'WEB_SITE_ICP' D:\project\l.yasin.cn\yasin\onethink\wwwroot\Runtime\Cache\Home\6972eaeffb8a652be7fa4b8f98b61ab6.php 第 184 行.
NOTIC: [8] Use of undefined constant WEB_SITE_COPYRIGHT - assumed 'WEB_SITE_COPYRIGHT' D:\project\l.yasin.cn\yasin\onethink\wwwroot\Runtime\Cache\Home\6972eaeffb8a652be7fa4b8f98b61ab6.php 第 184 行.
INFO: Run Behavior\ParseTemplateBehavior [ RunTime:0.017000s ]
INFO: [ view_parse ] --END-- [ RunTime:0.017000s ]
INFO: [ view_filter ] --START--
INFO: Run Behavior\WriteHtmlCacheBehavior [ RunTime:0.000000s ]
INFO: [ view_filter ] --END-- [ RunTime:0.000000s ]
INFO: [ app_end ] --START--
INFO: Run Behavior\ShowPageTraceBehavior [ RunTime:0.000000s ]
INFO: [ app_end ] --END-- [ RunTime:0.000000s ]

[ 2018-08-17T18:00:54+08:00 ] 127.0.0.1 /index.php?s=/Home/Article/hospital_lists/category/colligate_list/id/18/pjax/container.html
INFO: [ app_init ] --START--
INFO: Run Behavior\BuildLiteBehavior [ RunTime:0.000000s ]
INFO: Run Common\Behavior\InitHookBehavior [ RunTime:0.002000s ]
INFO: [ app_init ] --END-- [ RunTime:0.002000s ]
INFO: [ app_begin ] --START--
INFO: Run Behavior\ReadHtmlCacheBehavior [ RunTime:0.000000s ]
INFO: [ app_begin ] --END-- [ RunTime:0.000000s ]
SQL: SHOW COLUMNS FROM `one_config` [ RunTime:0.0040s ]
SQL: SELECT `type`,`name`,`value` FROM `one_config` WHERE `status` = 1  [ RunTime:0.0000s ]
SQL: SHOW COLUMNS FROM `one_category` [ RunTime:0.0040s ]
SQL: SELECT `id`,`name`,`title`,`pid`,`sort`,`list_row`,`meta_title`,`keywords`,`description`,`template_index`,`template_lists`,`template_detail`,`template_edit`,`model`,`model_sub`,`type`,`link_id`,`allow_publish`,`display`,`reply`,`check`,`reply_model`,`extend`,`create_time`,`update_time`,`status`,`icon`,`groups` FROM `one_category` WHERE `name` = 'colligate_list' LIMIT 1   [ RunTime:0.0010s ]
SQL: SHOW COLUMNS FROM `one_document` [ RunTime:0.0040s ]
SQL: SELECT `id`,`uid`,`name`,`title`,`category_id`,`group_id`,`description`,`root`,`pid`,`model_id`,`type`,`position`,`link_id`,`cover_id`,`display`,`deadline`,`attach`,`view`,`comment`,`extend`,`level`,`create_time`,`update_time`,`status`,`view_num` FROM `one_document` WHERE `status` = 1 AND `pid` = 0 AND `category_id` = 62 AND `create_time` < 1534500054 AND ( deadline = 0 OR deadline > 1534500054 ) ORDER BY `id` DESC LIMIT 0,10   [ RunTime:0.0000s ]
SQL: SHOW COLUMNS FROM `one_document_third_list` [ RunTime:0.0040s ]
SQL: SELECT * FROM `one_document_third_list` WHERE `id` = 18  [ RunTime:0.0010s ]
SQL: SHOW COLUMNS FROM `one_picture` [ RunTime:0.0040s ]
SQL: SELECT `path` FROM `one_picture` WHERE `id` = 14  [ RunTime:0.0000s ]
SQL: SHOW COLUMNS FROM `one_category` [ RunTime:0.0040s ]
SQL: SELECT `id`,`title`,`name`,`pid` FROM `one_category` WHERE `id` = 43  [ RunTime:0.0000s ]
SQL: SELECT `id`,`title`,`name` FROM `one_category` WHERE `id` = 41  [ RunTime:0.0000s ]
SQL: SELECT `id`,`title`,`name` FROM `one_category` WHERE `pid` = 41  [ RunTime:0.0000s ]
SQL: SHOW COLUMNS FROM `one_document` [ RunTime:0.0040s ]
SQL: SELECT * FROM `one_document` WHERE `category_id` = 43 LIMIT 1   [ RunTime:0.0000s ]
SQL: SHOW COLUMNS FROM `one_category` [ RunTime:0.0040s ]
SQL: SELECT c.id,c.name FROM one_category c join one_document AS d ON d.category_id=c.id  WHERE c.pid = '43' LIMIT 1   [ RunTime:0.0010s ]
SQL: SELECT * FROM `one_document` WHERE `category_id` = 57 LIMIT 1   [ RunTime:0.0000s ]
SQL: SELECT c.id,c.name FROM one_category c join one_document AS d ON d.category_id=c.id  WHERE c.pid = '57' LIMIT 1   [ RunTime:0.0010s ]
SQL: SELECT * FROM `one_document` WHERE `category_id` = 58 LIMIT 1   [ RunTime:0.0000s ]
SQL: SELECT c.id,c.name FROM one_category c join one_document AS d ON d.category_id=c.id  WHERE c.pid = '58' LIMIT 1   [ RunTime:0.0010s ]
SQL: SELECT * FROM `one_document` WHERE `category_id` = 59 LIMIT 1   [ RunTime:0.0000s ]
SQL: SELECT c.id,c.name FROM one_category c join one_document AS d ON d.category_id=c.id  WHERE c.pid = '59' LIMIT 1   [ RunTime:0.0010s ]
INFO: [ view_parse ] --START--
INFO: [ template_filter ] --START--
INFO: Run Behavior\ContentReplaceBehavior [ RunTime:0.000000s ]
INFO: [ template_filter ] --END-- [ RunTime:0.000000s ]
SQL: SHOW COLUMNS FROM `one_channel` [ RunTime:0.0040s ]
SQL: SELECT `id`,`pid`,`title`,`en_title`,`url`,`sort`,`create_time`,`update_time`,`status`,`target` FROM `one_channel` WHERE ( status=1 ) ORDER BY `sort`  [ RunTime:0.0000s ]
NOTIC: [8] Undefined offset: 0 D:\project\l.yasin.cn\yasin\onethink\wwwroot\Runtime\Cache\Home\6972eaeffb8a652be7fa4b8f98b61ab6.php 第 134 行.
NOTIC: [8] Use of undefined constant WEB_SITE_ADDRESS - assumed 'WEB_SITE_ADDRESS' D:\project\l.yasin.cn\yasin\onethink\wwwroot\Runtime\Cache\Home\6972eaeffb8a652be7fa4b8f98b61ab6.php 第 184 行.
NOTIC: [8] Use of undefined constant WEB_SITE_ICP - assumed 'WEB_SITE_ICP' D:\project\l.yasin.cn\yasin\onethink\wwwroot\Runtime\Cache\Home\6972eaeffb8a652be7fa4b8f98b61ab6.php 第 184 行.
NOTIC: [8] Use of undefined constant WEB_SITE_COPYRIGHT - assumed 'WEB_SITE_COPYRIGHT' D:\project\l.yasin.cn\yasin\onethink\wwwroot\Runtime\Cache\Home\6972eaeffb8a652be7fa4b8f98b61ab6.php 第 184 行.
INFO: Run Behavior\ParseTemplateBehavior [ RunTime:0.023000s ]
INFO: [ view_parse ] --END-- [ RunTime:0.023000s ]
INFO: [ view_filter ] --START--
INFO: Run Behavior\WriteHtmlCacheBehavior [ RunTime:0.000000s ]
INFO: [ view_filter ] --END-- [ RunTime:0.000000s ]
INFO: [ app_end ] --START--
INFO: Run Behavior\ShowPageTraceBehavior [ RunTime:0.000000s ]
INFO: [ app_end ] --END-- [ RunTime:0.000000s ]

[ 2018-08-17T18:00:57+08:00 ] 127.0.0.1 /index.php?s=/Home/Article/hospital_detail/id/43/next_title/1/detail_type/2.html%22%22
INFO: [ app_init ] --START--
INFO: Run Behavior\BuildLiteBehavior [ RunTime:0.000000s ]
INFO: Run Common\Behavior\InitHookBehavior [ RunTime:0.001000s ]
INFO: [ app_init ] --END-- [ RunTime:0.002000s ]
INFO: [ app_begin ] --START--
INFO: Run Behavior\ReadHtmlCacheBehavior [ RunTime:0.000000s ]
INFO: [ app_begin ] --END-- [ RunTime:0.000000s ]
SQL: SHOW COLUMNS FROM `one_config` [ RunTime:0.0040s ]
SQL: SELECT `type`,`name`,`value` FROM `one_config` WHERE `status` = 1  [ RunTime:0.0000s ]
SQL: SHOW COLUMNS FROM `one_document` [ RunTime:0.0040s ]
SQL: SELECT * FROM `one_document` WHERE `id` = 43  [ RunTime:0.0000s ]
SQL: SHOW COLUMNS FROM `one_document_hospital_details` [ RunTime:0.0030s ]
SQL: SELECT * FROM `one_document_hospital_details` WHERE `id` = 43  [ RunTime:0.0010s ]
SQL: SHOW COLUMNS FROM `one_picture` [ RunTime:0.0030s ]
SQL: SELECT * FROM `one_picture` WHERE `id` = 5  [ RunTime:0.0000s ]
SQL: SHOW COLUMNS FROM `one_file` [ RunTime:0.0020s ]
SQL: SELECT * FROM `one_file` WHERE `id` = 1  [ RunTime:0.0010s ]
SQL: UPDATE `one_document` SET `view`=view+1 WHERE `id` = 43 [ RunTime:0.0000s ]
INFO: [ view_parse ] --START--
INFO: [ template_filter ] --START--
INFO: Run Behavior\ContentReplaceBehavior [ RunTime:0.000000s ]
INFO: [ template_filter ] --END-- [ RunTime:0.000000s ]
SQL: SHOW COLUMNS FROM `one_channel` [ RunTime:0.0030s ]
SQL: SELECT `id`,`pid`,`title`,`en_title`,`url`,`sort`,`create_time`,`update_time`,`status`,`target` FROM `one_channel` WHERE ( status=1 ) ORDER BY `sort`  [ RunTime:0.0010s ]
NOTIC: [8] Undefined variable: doc D:\project\l.yasin.cn\yasin\onethink\wwwroot\Runtime\Cache\Home\7392b3678bbbf23ff6d0e5d622d7bfdb.php 第 199 行.
NOTIC: [8] Undefined variable: doc D:\project\l.yasin.cn\yasin\onethink\wwwroot\Runtime\Cache\Home\7392b3678bbbf23ff6d0e5d622d7bfdb.php 第 199 行.
NOTIC: [8] Undefined variable: doc D:\project\l.yasin.cn\yasin\onethink\wwwroot\Runtime\Cache\Home\7392b3678bbbf23ff6d0e5d622d7bfdb.php 第 201 行.
NOTIC: [8] Use of undefined constant WEB_SITE_ADDRESS - assumed 'WEB_SITE_ADDRESS' D:\project\l.yasin.cn\yasin\onethink\wwwroot\Runtime\Cache\Home\7392b3678bbbf23ff6d0e5d622d7bfdb.php 第 239 行.
NOTIC: [8] Use of undefined constant WEB_SITE_ICP - assumed 'WEB_SITE_ICP' D:\project\l.yasin.cn\yasin\onethink\wwwroot\Runtime\Cache\Home\7392b3678bbbf23ff6d0e5d622d7bfdb.php 第 239 行.
NOTIC: [8] Use of undefined constant WEB_SITE_COPYRIGHT - assumed 'WEB_SITE_COPYRIGHT' D:\project\l.yasin.cn\yasin\onethink\wwwroot\Runtime\Cache\Home\7392b3678bbbf23ff6d0e5d622d7bfdb.php 第 239 行.
INFO: Run Behavior\ParseTemplateBehavior [ RunTime:0.018000s ]
INFO: [ view_parse ] --END-- [ RunTime:0.018000s ]
INFO: [ view_filter ] --START--
INFO: Run Behavior\WriteHtmlCacheBehavior [ RunTime:0.000000s ]
INFO: [ view_filter ] --END-- [ RunTime:0.000000s ]
INFO: [ app_end ] --START--
INFO: Run Behavior\ShowPageTraceBehavior [ RunTime:0.001000s ]
INFO: [ app_end ] --END-- [ RunTime:0.001000s ]

[ 2018-08-17T18:01:22+08:00 ] 127.0.0.1 /index.php?s=/Home/Article/hospital_lists/category/colligate_list/id/18/pjax/container.html
INFO: [ app_init ] --START--
INFO: Run Behavior\BuildLiteBehavior [ RunTime:0.001000s ]
INFO: Run Common\Behavior\InitHookBehavior [ RunTime:0.001000s ]
INFO: [ app_init ] --END-- [ RunTime:0.002000s ]
INFO: [ app_begin ] --START--
INFO: Run Behavior\ReadHtmlCacheBehavior [ RunTime:0.001000s ]
INFO: [ app_begin ] --END-- [ RunTime:0.001000s ]
SQL: SHOW COLUMNS FROM `one_config` [ RunTime:0.0040s ]
SQL: SELECT `type`,`name`,`value` FROM `one_config` WHERE `status` = 1  [ RunTime:0.0000s ]
SQL: SHOW COLUMNS FROM `one_category` [ RunTime:0.0030s ]
SQL: SELECT `id`,`name`,`title`,`pid`,`sort`,`list_row`,`meta_title`,`keywords`,`description`,`template_index`,`template_lists`,`template_detail`,`template_edit`,`model`,`model_sub`,`type`,`link_id`,`allow_publish`,`display`,`reply`,`check`,`reply_model`,`extend`,`create_time`,`update_time`,`status`,`icon`,`groups` FROM `one_category` WHERE `name` = 'colligate_list' LIMIT 1   [ RunTime:0.0000s ]
SQL: SHOW COLUMNS FROM `one_document` [ RunTime:0.0030s ]
SQL: SELECT `id`,`uid`,`name`,`title`,`category_id`,`group_id`,`description`,`root`,`pid`,`model_id`,`type`,`position`,`link_id`,`cover_id`,`display`,`deadline`,`attach`,`view`,`comment`,`extend`,`level`,`create_time`,`update_time`,`status`,`view_num` FROM `one_document` WHERE `status` = 1 AND `pid` = 0 AND `category_id` = 62 AND `create_time` < 1534500082 AND ( deadline = 0 OR deadline > 1534500082 ) ORDER BY `id` DESC LIMIT 0,10   [ RunTime:0.0010s ]
SQL: SHOW COLUMNS FROM `one_document_third_list` [ RunTime:0.0030s ]
SQL: SELECT * FROM `one_document_third_list` WHERE `id` = 18  [ RunTime:0.0000s ]
SQL: SHOW COLUMNS FROM `one_picture` [ RunTime:0.0020s ]
SQL: SELECT `path` FROM `one_picture` WHERE `id` = 14  [ RunTime:0.0000s ]
SQL: SHOW COLUMNS FROM `one_category` [ RunTime:0.0030s ]
SQL: SELECT `id`,`title`,`name`,`pid` FROM `one_category` WHERE `id` = 43  [ RunTime:0.0000s ]
SQL: SELECT `id`,`title`,`name` FROM `one_category` WHERE `id` = 41  [ RunTime:0.0000s ]
SQL: SELECT `id`,`title`,`name` FROM `one_category` WHERE `pid` = 41  [ RunTime:0.0010s ]
SQL: SHOW COLUMNS FROM `one_document` [ RunTime:0.0020s ]
SQL: SELECT * FROM `one_document` WHERE `category_id` = 43 LIMIT 1   [ RunTime:0.0010s ]
SQL: SHOW COLUMNS FROM `one_category` [ RunTime:0.0020s ]
SQL: SELECT c.id,c.name FROM one_category c join one_document AS d ON d.category_id=c.id  WHERE c.pid = '43' LIMIT 1   [ RunTime:0.0000s ]
SQL: SELECT * FROM `one_document` WHERE `category_id` = 57 LIMIT 1   [ RunTime:0.0000s ]
SQL: SELECT c.id,c.name FROM one_category c join one_document AS d ON d.category_id=c.id  WHERE c.pid = '57' LIMIT 1   [ RunTime:0.0000s ]
SQL: SELECT * FROM `one_document` WHERE `category_id` = 58 LIMIT 1   [ RunTime:0.0000s ]
SQL: SELECT c.id,c.name FROM one_category c join one_document AS d ON d.category_id=c.id  WHERE c.pid = '58' LIMIT 1   [ RunTime:0.0000s ]
SQL: SELECT * FROM `one_document` WHERE `category_id` = 59 LIMIT 1   [ RunTime:0.0000s ]
SQL: SELECT c.id,c.name FROM one_category c join one_document AS d ON d.category_id=c.id  WHERE c.pid = '59' LIMIT 1   [ RunTime:0.0010s ]
INFO: [ view_parse ] --START--
INFO: [ template_filter ] --START--
INFO: Run Behavior\ContentReplaceBehavior [ RunTime:0.000000s ]
INFO: [ template_filter ] --END-- [ RunTime:0.000000s ]
SQL: SHOW COLUMNS FROM `one_channel` [ RunTime:0.0030s ]
SQL: SELECT `id`,`pid`,`title`,`en_title`,`url`,`sort`,`create_time`,`update_time`,`status`,`target` FROM `one_channel` WHERE ( status=1 ) ORDER BY `sort`  [ RunTime:0.0000s ]
NOTIC: [8] Undefined offset: 0 D:\project\l.yasin.cn\yasin\onethink\wwwroot\Runtime\Cache\Home\6972eaeffb8a652be7fa4b8f98b61ab6.php 第 134 行.
NOTIC: [8] Use of undefined constant WEB_SITE_ADDRESS - assumed 'WEB_SITE_ADDRESS' D:\project\l.yasin.cn\yasin\onethink\wwwroot\Runtime\Cache\Home\6972eaeffb8a652be7fa4b8f98b61ab6.php 第 184 行.
NOTIC: [8] Use of undefined constant WEB_SITE_ICP - assumed 'WEB_SITE_ICP' D:\project\l.yasin.cn\yasin\onethink\wwwroot\Runtime\Cache\Home\6972eaeffb8a652be7fa4b8f98b61ab6.php 第 184 行.
NOTIC: [8] Use of undefined constant WEB_SITE_COPYRIGHT - assumed 'WEB_SITE_COPYRIGHT' D:\project\l.yasin.cn\yasin\onethink\wwwroot\Runtime\Cache\Home\6972eaeffb8a652be7fa4b8f98b61ab6.php 第 184 行.
INFO: Run Behavior\ParseTemplateBehavior [ RunTime:0.016000s ]
INFO: [ view_parse ] --END-- [ RunTime:0.016000s ]
INFO: [ view_filter ] --START--
INFO: Run Behavior\WriteHtmlCacheBehavior [ RunTime:0.000000s ]
INFO: [ view_filter ] --END-- [ RunTime:0.000000s ]
INFO: [ app_end ] --START--
INFO: Run Behavior\ShowPageTraceBehavior [ RunTime:0.000000s ]
INFO: [ app_end ] --END-- [ RunTime:0.000000s ]

[ 2018-08-17T18:01:25+08:00 ] 127.0.0.1 /index.php?s=/Home/Article/hospital_detail/id/78/next_title/1/detail_type/2.html%22%22
INFO: [ app_init ] --START--
INFO: Run Behavior\BuildLiteBehavior [ RunTime:0.000000s ]
INFO: Run Common\Behavior\InitHookBehavior [ RunTime:0.002000s ]
INFO: [ app_init ] --END-- [ RunTime:0.003000s ]
INFO: [ app_begin ] --START--
INFO: Run Behavior\ReadHtmlCacheBehavior [ RunTime:0.001000s ]
INFO: [ app_begin ] --END-- [ RunTime:0.001000s ]
SQL: SHOW COLUMNS FROM `one_config` [ RunTime:0.0040s ]
SQL: SELECT `type`,`name`,`value` FROM `one_config` WHERE `status` = 1  [ RunTime:0.0010s ]
SQL: SHOW COLUMNS FROM `one_document` [ RunTime:0.0030s ]
SQL: SELECT * FROM `one_document` WHERE `id` = 78  [ RunTime:0.0000s ]
SQL: SHOW COLUMNS FROM `one_document_hospital_details` [ RunTime:0.0030s ]
SQL: SELECT * FROM `one_document_hospital_details` WHERE `id` = 78  [ RunTime:0.0000s ]
SQL: SHOW COLUMNS FROM `one_picture` [ RunTime:0.0030s ]
SQL: SELECT * FROM `one_picture` WHERE `id` = 25  [ RunTime:0.0000s ]
SQL: SHOW COLUMNS FROM `one_file` [ RunTime:0.0020s ]
SQL: SELECT * FROM `one_file` WHERE `id` = 7  [ RunTime:0.0000s ]
SQL: UPDATE `one_document` SET `view`=view+1 WHERE `id` = 78 [ RunTime:0.0000s ]
INFO: [ view_parse ] --START--
INFO: [ template_filter ] --START--
INFO: Run Behavior\ContentReplaceBehavior [ RunTime:0.000000s ]
INFO: [ template_filter ] --END-- [ RunTime:0.000000s ]
SQL: SHOW COLUMNS FROM `one_channel` [ RunTime:0.0030s ]
SQL: SELECT `id`,`pid`,`title`,`en_title`,`url`,`sort`,`create_time`,`update_time`,`status`,`target` FROM `one_channel` WHERE ( status=1 ) ORDER BY `sort`  [ RunTime:0.0010s ]
NOTIC: [8] Use of undefined constant WEB_SITE_ADDRESS - assumed 'WEB_SITE_ADDRESS' D:\project\l.yasin.cn\yasin\onethink\wwwroot\Runtime\Cache\Home\7392b3678bbbf23ff6d0e5d622d7bfdb.php 第 239 行.
NOTIC: [8] Use of undefined constant WEB_SITE_ICP - assumed 'WEB_SITE_ICP' D:\project\l.yasin.cn\yasin\onethink\wwwroot\Runtime\Cache\Home\7392b3678bbbf23ff6d0e5d622d7bfdb.php 第 239 行.
NOTIC: [8] Use of undefined constant WEB_SITE_COPYRIGHT - assumed 'WEB_SITE_COPYRIGHT' D:\project\l.yasin.cn\yasin\onethink\wwwroot\Runtime\Cache\Home\7392b3678bbbf23ff6d0e5d622d7bfdb.php 第 239 行.
INFO: Run Behavior\ParseTemplateBehavior [ RunTime:0.018000s ]
INFO: [ view_parse ] --END-- [ RunTime:0.018000s ]
INFO: [ view_filter ] --START--
INFO: Run Behavior\WriteHtmlCacheBehavior [ RunTime:0.000000s ]
INFO: [ view_filter ] --END-- [ RunTime:0.000000s ]
INFO: [ app_end ] --START--
INFO: Run Behavior\ShowPageTraceBehavior [ RunTime:0.001000s ]
INFO: [ app_end ] --END-- [ RunTime:0.001000s ]

[ 2018-08-17T18:02:24+08:00 ] 127.0.0.1 /index.php?s=/Home/Article/hospital_detail/id/78/next_title/1/detail_type/2.html%22%22
INFO: [ app_init ] --START--
INFO: Run Behavior\BuildLiteBehavior [ RunTime:0.000000s ]
INFO: Run Common\Behavior\InitHookBehavior [ RunTime:0.002000s ]
INFO: [ app_init ] --END-- [ RunTime:0.003000s ]
INFO: [ app_begin ] --START--
INFO: Run Behavior\ReadHtmlCacheBehavior [ RunTime:0.000000s ]
INFO: [ app_begin ] --END-- [ RunTime:0.000000s ]
SQL: SHOW COLUMNS FROM `one_config` [ RunTime:0.0020s ]
SQL: SELECT `type`,`name`,`value` FROM `one_config` WHERE `status` = 1  [ RunTime:0.0000s ]
SQL: SHOW COLUMNS FROM `one_document` [ RunTime:0.0030s ]
SQL: SELECT * FROM `one_document` WHERE `id` = 78  [ RunTime:0.0000s ]
SQL: SHOW COLUMNS FROM `one_document_hospital_details` [ RunTime:0.0030s ]
SQL: SELECT * FROM `one_document_hospital_details` WHERE `id` = 78  [ RunTime:0.0000s ]
SQL: SHOW COLUMNS FROM `one_picture` [ RunTime:0.0030s ]
SQL: SELECT * FROM `one_picture` WHERE `id` = 25  [ RunTime:0.0000s ]
SQL: SHOW COLUMNS FROM `one_file` [ RunTime:0.0020s ]
SQL: SELECT * FROM `one_file` WHERE `id` = 7  [ RunTime:0.0000s ]
SQL: UPDATE `one_document` SET `view`=view+1 WHERE `id` = 78 [ RunTime:0.0000s ]
INFO: [ view_parse ] --START--
INFO: [ template_filter ] --START--
INFO: Run Behavior\ContentReplaceBehavior [ RunTime:0.000000s ]
INFO: [ template_filter ] --END-- [ RunTime:0.000000s ]
SQL: SHOW COLUMNS FROM `one_channel` [ RunTime:0.0030s ]
SQL: SELECT `id`,`pid`,`title`,`en_title`,`url`,`sort`,`create_time`,`update_time`,`status`,`target` FROM `one_channel` WHERE ( status=1 ) ORDER BY `sort`  [ RunTime:0.0000s ]
NOTIC: [8] Use of undefined constant WEB_SITE_ADDRESS - assumed 'WEB_SITE_ADDRESS' D:\project\l.yasin.cn\yasin\onethink\wwwroot\Runtime\Cache\Home\7392b3678bbbf23ff6d0e5d622d7bfdb.php 第 239 行.
NOTIC: [8] Use of undefined constant WEB_SITE_ICP - assumed 'WEB_SITE_ICP' D:\project\l.yasin.cn\yasin\onethink\wwwroot\Runtime\Cache\Home\7392b3678bbbf23ff6d0e5d622d7bfdb.php 第 239 行.
NOTIC: [8] Use of undefined constant WEB_SITE_COPYRIGHT - assumed 'WEB_SITE_COPYRIGHT' D:\project\l.yasin.cn\yasin\onethink\wwwroot\Runtime\Cache\Home\7392b3678bbbf23ff6d0e5d622d7bfdb.php 第 239 行.
INFO: Run Behavior\ParseTemplateBehavior [ RunTime:0.019000s ]
INFO: [ view_parse ] --END-- [ RunTime:0.019000s ]
INFO: [ view_filter ] --START--
INFO: Run Behavior\WriteHtmlCacheBehavior [ RunTime:0.000000s ]
INFO: [ view_filter ] --END-- [ RunTime:0.000000s ]
INFO: [ app_end ] --START--
INFO: Run Behavior\ShowPageTraceBehavior [ RunTime:0.001000s ]
INFO: [ app_end ] --END-- [ RunTime:0.001000s ]

[ 2018-08-17T18:02:28+08:00 ] 127.0.0.1 /index.php?s=/Home/Article/hospital_detail/id/78/next_title/1/detail_type/2.html%22%22
INFO: [ app_init ] --START--
INFO: Run Behavior\BuildLiteBehavior [ RunTime:0.000000s ]
INFO: Run Common\Behavior\InitHookBehavior [ RunTime:0.002000s ]
INFO: [ app_init ] --END-- [ RunTime:0.002000s ]
INFO: [ app_begin ] --START--
INFO: Run Behavior\ReadHtmlCacheBehavior [ RunTime:0.000000s ]
INFO: [ app_begin ] --END-- [ RunTime:0.000000s ]
SQL: SHOW COLUMNS FROM `one_config` [ RunTime:0.0040s ]
SQL: SELECT `type`,`name`,`value` FROM `one_config` WHERE `status` = 1  [ RunTime:0.0010s ]
SQL: SHOW COLUMNS FROM `one_document` [ RunTime:0.0040s ]
SQL: SELECT * FROM `one_document` WHERE `id` = 78  [ RunTime:0.0000s ]
SQL: SHOW COLUMNS FROM `one_document_hospital_details` [ RunTime:0.0030s ]
SQL: SELECT * FROM `one_document_hospital_details` WHERE `id` = 78  [ RunTime:0.0010s ]
SQL: SHOW COLUMNS FROM `one_picture` [ RunTime:0.0040s ]
SQL: SELECT * FROM `one_picture` WHERE `id` = 25  [ RunTime:0.0000s ]
SQL: SHOW COLUMNS FROM `one_file` [ RunTime:0.0030s ]
SQL: SELECT * FROM `one_file` WHERE `id` = 7  [ RunTime:0.0000s ]
SQL: UPDATE `one_document` SET `view`=view+1 WHERE `id` = 78 [ RunTime:0.0000s ]
INFO: [ view_parse ] --START--
INFO: [ template_filter ] --START--
INFO: Run Behavior\ContentReplaceBehavior [ RunTime:0.000000s ]
INFO: [ template_filter ] --END-- [ RunTime:0.000000s ]
SQL: SHOW COLUMNS FROM `one_channel` [ RunTime:0.0030s ]
SQL: SELECT `id`,`pid`,`title`,`en_title`,`url`,`sort`,`create_time`,`update_time`,`status`,`target` FROM `one_channel` WHERE ( status=1 ) ORDER BY `sort`  [ RunTime:0.0000s ]
NOTIC: [8] Use of undefined constant WEB_SITE_ADDRESS - assumed 'WEB_SITE_ADDRESS' D:\project\l.yasin.cn\yasin\onethink\wwwroot\Runtime\Cache\Home\7392b3678bbbf23ff6d0e5d622d7bfdb.php 第 239 行.
NOTIC: [8] Use of undefined constant WEB_SITE_ICP - assumed 'WEB_SITE_ICP' D:\project\l.yasin.cn\yasin\onethink\wwwroot\Runtime\Cache\Home\7392b3678bbbf23ff6d0e5d622d7bfdb.php 第 239 行.
NOTIC: [8] Use of undefined constant WEB_SITE_COPYRIGHT - assumed 'WEB_SITE_COPYRIGHT' D:\project\l.yasin.cn\yasin\onethink\wwwroot\Runtime\Cache\Home\7392b3678bbbf23ff6d0e5d622d7bfdb.php 第 239 行.
INFO: Run Behavior\ParseTemplateBehavior [ RunTime:0.022000s ]
INFO: [ view_parse ] --END-- [ RunTime:0.022000s ]
INFO: [ view_filter ] --START--
INFO: Run Behavior\WriteHtmlCacheBehavior [ RunTime:0.001000s ]
INFO: [ view_filter ] --END-- [ RunTime:0.001000s ]
INFO: [ app_end ] --START--
INFO: Run Behavior\ShowPageTraceBehavior [ RunTime:0.001000s ]
INFO: [ app_end ] --END-- [ RunTime:0.001000s ]

[ 2018-08-17T18:02:34+08:00 ] 127.0.0.1 /index.php?s=/Home/Article/hospital_detail/id/78/next_title/1/detail_type/2.html%22%22
INFO: [ app_init ] --START--
INFO: Run Behavior\BuildLiteBehavior [ RunTime:0.000000s ]
INFO: Run Common\Behavior\InitHookBehavior [ RunTime:0.002000s ]
INFO: [ app_init ] --END-- [ RunTime:0.002000s ]
INFO: [ app_begin ] --START--
INFO: Run Behavior\ReadHtmlCacheBehavior [ RunTime:0.001000s ]
INFO: [ app_begin ] --END-- [ RunTime:0.001000s ]
SQL: SHOW COLUMNS FROM `one_config` [ RunTime:0.0040s ]
SQL: SELECT `type`,`name`,`value` FROM `one_config` WHERE `status` = 1  [ RunTime:0.0010s ]
SQL: SHOW COLUMNS FROM `one_document` [ RunTime:0.0040s ]
SQL: SELECT * FROM `one_document` WHERE `id` = 78  [ RunTime:0.0000s ]
SQL: SHOW COLUMNS FROM `one_document_hospital_details` [ RunTime:0.0030s ]
SQL: SELECT * FROM `one_document_hospital_details` WHERE `id` = 78  [ RunTime:0.0000s ]
SQL: SHOW COLUMNS FROM `one_picture` [ RunTime:0.0030s ]
SQL: SELECT * FROM `one_picture` WHERE `id` = 25  [ RunTime:0.0000s ]
SQL: SHOW COLUMNS FROM `one_file` [ RunTime:0.0030s ]
SQL: SELECT * FROM `one_file` WHERE `id` = 7  [ RunTime:0.0000s ]
SQL: UPDATE `one_document` SET `view`=view+1 WHERE `id` = 78 [ RunTime:0.0000s ]
INFO: [ view_parse ] --START--
INFO: [ template_filter ] --START--
INFO: Run Behavior\ContentReplaceBehavior [ RunTime:0.000000s ]
INFO: [ template_filter ] --END-- [ RunTime:0.000000s ]
SQL: SHOW COLUMNS FROM `one_channel` [ RunTime:0.0030s ]
SQL: SELECT `id`,`pid`,`title`,`en_title`,`url`,`sort`,`create_time`,`update_time`,`status`,`target` FROM `one_channel` WHERE ( status=1 ) ORDER BY `sort`  [ RunTime:0.0000s ]
NOTIC: [8] Use of undefined constant WEB_SITE_ADDRESS - assumed 'WEB_SITE_ADDRESS' D:\project\l.yasin.cn\yasin\onethink\wwwroot\Runtime\Cache\Home\7392b3678bbbf23ff6d0e5d622d7bfdb.php 第 239 行.
NOTIC: [8] Use of undefined constant WEB_SITE_ICP - assumed 'WEB_SITE_ICP' D:\project\l.yasin.cn\yasin\onethink\wwwroot\Runtime\Cache\Home\7392b3678bbbf23ff6d0e5d622d7bfdb.php 第 239 行.
NOTIC: [8] Use of undefined constant WEB_SITE_COPYRIGHT - assumed 'WEB_SITE_COPYRIGHT' D:\project\l.yasin.cn\yasin\onethink\wwwroot\Runtime\Cache\Home\7392b3678bbbf23ff6d0e5d622d7bfdb.php 第 239 行.
INFO: Run Behavior\ParseTemplateBehavior [ RunTime:0.019000s ]
INFO: [ view_parse ] --END-- [ RunTime:0.020000s ]
INFO: [ view_filter ] --START--
INFO: Run Behavior\WriteHtmlCacheBehavior [ RunTime:0.001000s ]
INFO: [ view_filter ] --END-- [ RunTime:0.001000s ]
INFO: [ app_end ] --START--
INFO: Run Behavior\ShowPageTraceBehavior [ RunTime:0.000000s ]
INFO: [ app_end ] --END-- [ RunTime:0.001000s ]

[ 2018-08-17T18:02:35+08:00 ] 127.0.0.1 /index.php?s=/Home/Article/hospital_detail/id/78/next_title/1/detail_type/2.html%22%22
INFO: [ app_init ] --START--
INFO: Run Behavior\BuildLiteBehavior [ RunTime:0.000000s ]
INFO: Run Common\Behavior\InitHookBehavior [ RunTime:0.002000s ]
INFO: [ app_init ] --END-- [ RunTime:0.002000s ]
INFO: [ app_begin ] --START--
INFO: Run Behavior\ReadHtmlCacheBehavior [ RunTime:0.001000s ]
INFO: [ app_begin ] --END-- [ RunTime:0.001000s ]
SQL: SHOW COLUMNS FROM `one_config` [ RunTime:0.0030s ]
SQL: SELECT `type`,`name`,`value` FROM `one_config` WHERE `status` = 1  [ RunTime:0.0000s ]
SQL: SHOW COLUMNS FROM `one_document` [ RunTime:0.0030s ]
SQL: SELECT * FROM `one_document` WHERE `id` = 78  [ RunTime:0.0000s ]
SQL: SHOW COLUMNS FROM `one_document_hospital_details` [ RunTime:0.0040s ]
SQL: SELECT * FROM `one_document_hospital_details` WHERE `id` = 78  [ RunTime:0.0000s ]
SQL: SHOW COLUMNS FROM `one_picture` [ RunTime:0.0030s ]
SQL: SELECT * FROM `one_picture` WHERE `id` = 25  [ RunTime:0.0010s ]
SQL: SHOW COLUMNS FROM `one_file` [ RunTime:0.0040s ]
SQL: SELECT * FROM `one_file` WHERE `id` = 7  [ RunTime:0.0000s ]
SQL: UPDATE `one_document` SET `view`=view+1 WHERE `id` = 78 [ RunTime:0.0000s ]
INFO: [ view_parse ] --START--
INFO: [ template_filter ] --START--
INFO: Run Behavior\ContentReplaceBehavior [ RunTime:0.000000s ]
INFO: [ template_filter ] --END-- [ RunTime:0.000000s ]
SQL: SHOW COLUMNS FROM `one_channel` [ RunTime:0.0040s ]
SQL: SELECT `id`,`pid`,`title`,`en_title`,`url`,`sort`,`create_time`,`update_time`,`status`,`target` FROM `one_channel` WHERE ( status=1 ) ORDER BY `sort`  [ RunTime:0.0000s ]
NOTIC: [8] Use of undefined constant WEB_SITE_ADDRESS - assumed 'WEB_SITE_ADDRESS' D:\project\l.yasin.cn\yasin\onethink\wwwroot\Runtime\Cache\Home\7392b3678bbbf23ff6d0e5d622d7bfdb.php 第 239 行.
NOTIC: [8] Use of undefined constant WEB_SITE_ICP - assumed 'WEB_SITE_ICP' D:\project\l.yasin.cn\yasin\onethink\wwwroot\Runtime\Cache\Home\7392b3678bbbf23ff6d0e5d622d7bfdb.php 第 239 行.
NOTIC: [8] Use of undefined constant WEB_SITE_COPYRIGHT - assumed 'WEB_SITE_COPYRIGHT' D:\project\l.yasin.cn\yasin\onethink\wwwroot\Runtime\Cache\Home\7392b3678bbbf23ff6d0e5d622d7bfdb.php 第 239 行.
INFO: Run Behavior\ParseTemplateBehavior [ RunTime:0.022000s ]
INFO: [ view_parse ] --END-- [ RunTime:0.022000s ]
INFO: [ view_filter ] --START--
INFO: Run Behavior\WriteHtmlCacheBehavior [ RunTime:0.001000s ]
INFO: [ view_filter ] --END-- [ RunTime:0.001000s ]
INFO: [ app_end ] --START--
INFO: Run Behavior\ShowPageTraceBehavior [ RunTime:0.000000s ]
INFO: [ app_end ] --END-- [ RunTime:0.001000s ]

[ 2018-08-17T18:02:48+08:00 ] 127.0.0.1 /index.php?s=/Home/Article/hospital_detail/id/78/next_title/1/detail_type/2.html%22%22
INFO: [ app_init ] --START--
INFO: Run Behavior\BuildLiteBehavior [ RunTime:0.000000s ]
INFO: Run Common\Behavior\InitHookBehavior [ RunTime:0.002000s ]
INFO: [ app_init ] --END-- [ RunTime:0.002000s ]
INFO: [ app_begin ] --START--
INFO: Run Behavior\ReadHtmlCacheBehavior [ RunTime:0.000000s ]
INFO: [ app_begin ] --END-- [ RunTime:0.000000s ]
SQL: SHOW COLUMNS FROM `one_config` [ RunTime:0.0030s ]
SQL: SELECT `type`,`name`,`value` FROM `one_config` WHERE `status` = 1  [ RunTime:0.0010s ]
SQL: SHOW COLUMNS FROM `one_document` [ RunTime:0.0030s ]
SQL: SELECT * FROM `one_document` WHERE `id` = 78  [ RunTime:0.0010s ]
SQL: SHOW COLUMNS FROM `one_document_hospital_details` [ RunTime:0.0030s ]
SQL: SELECT * FROM `one_document_hospital_details` WHERE `id` = 78  [ RunTime:0.0000s ]
SQL: SHOW COLUMNS FROM `one_picture` [ RunTime:0.0030s ]
SQL: SELECT * FROM `one_picture` WHERE `id` = 25  [ RunTime:0.0000s ]
SQL: SHOW COLUMNS FROM `one_file` [ RunTime:0.0030s ]
SQL: SELECT * FROM `one_file` WHERE `id` = 7  [ RunTime:0.0000s ]
SQL: UPDATE `one_document` SET `view`=view+1 WHERE `id` = 78 [ RunTime:0.0010s ]
INFO: [ view_parse ] --START--
INFO: [ template_filter ] --START--
INFO: Run Behavior\ContentReplaceBehavior [ RunTime:0.000000s ]
INFO: [ template_filter ] --END-- [ RunTime:0.000000s ]
SQL: SHOW COLUMNS FROM `one_channel` [ RunTime:0.0040s ]
SQL: SELECT `id`,`pid`,`title`,`en_title`,`url`,`sort`,`create_time`,`update_time`,`status`,`target` FROM `one_channel` WHERE ( status=1 ) ORDER BY `sort`  [ RunTime:0.0000s ]
NOTIC: [8] Use of undefined constant WEB_SITE_ADDRESS - assumed 'WEB_SITE_ADDRESS' D:\project\l.yasin.cn\yasin\onethink\wwwroot\Runtime\Cache\Home\7392b3678bbbf23ff6d0e5d622d7bfdb.php 第 239 行.
NOTIC: [8] Use of undefined constant WEB_SITE_ICP - assumed 'WEB_SITE_ICP' D:\project\l.yasin.cn\yasin\onethink\wwwroot\Runtime\Cache\Home\7392b3678bbbf23ff6d0e5d622d7bfdb.php 第 239 行.
NOTIC: [8] Use of undefined constant WEB_SITE_COPYRIGHT - assumed 'WEB_SITE_COPYRIGHT' D:\project\l.yasin.cn\yasin\onethink\wwwroot\Runtime\Cache\Home\7392b3678bbbf23ff6d0e5d622d7bfdb.php 第 239 行.
INFO: Run Behavior\ParseTemplateBehavior [ RunTime:0.019000s ]
INFO: [ view_parse ] --END-- [ RunTime:0.019000s ]
INFO: [ view_filter ] --START--
INFO: Run Behavior\WriteHtmlCacheBehavior [ RunTime:0.001000s ]
INFO: [ view_filter ] --END-- [ RunTime:0.001000s ]
INFO: [ app_end ] --START--
INFO: Run Behavior\ShowPageTraceBehavior [ RunTime:0.000000s ]
INFO: [ app_end ] --END-- [ RunTime:0.000000s ]

[ 2018-08-17T18:02:53+08:00 ] 127.0.0.1 /index.php?s=/Home/Index/index
INFO: [ app_init ] --START--
INFO: Run Behavior\BuildLiteBehavior [ RunTime:0.000000s ]
INFO: Run Common\Behavior\InitHookBehavior [ RunTime:0.001000s ]
INFO: [ app_init ] --END-- [ RunTime:0.002000s ]
INFO: [ app_begin ] --START--
INFO: Run Behavior\ReadHtmlCacheBehavior [ RunTime:0.000000s ]
INFO: [ app_begin ] --END-- [ RunTime:0.001000s ]
SQL: SHOW COLUMNS FROM `one_config` [ RunTime:0.0040s ]
SQL: SELECT `type`,`name`,`value` FROM `one_config` WHERE `status` = 1  [ RunTime:0.0000s ]
SQL: SHOW COLUMNS FROM `one_category` [ RunTime:0.0050s ]
SQL: SELECT `id`,`name`,`title`,`pid`,`sort`,`list_row`,`meta_title`,`keywords`,`description`,`template_index`,`template_lists`,`template_detail`,`template_edit`,`model`,`model_sub`,`type`,`link_id`,`allow_publish`,`display`,`reply`,`check`,`reply_model`,`extend`,`create_time`,`update_time`,`status`,`icon`,`groups` FROM `one_category` WHERE `status` = 1 ORDER BY `sort`  [ RunTime:0.0020s ]
SQL: SHOW COLUMNS FROM `one_document` [ RunTime:0.0040s ]
SQL: SELECT `id`,`uid`,`name`,`title`,`category_id`,`group_id`,`description`,`root`,`pid`,`model_id`,`type`,`position`,`link_id`,`cover_id`,`display`,`deadline`,`attach`,`view`,`comment`,`extend`,`level`,`create_time`,`update_time`,`status`,`view_num` FROM `one_document` WHERE `status` = 1 AND `pid` = 0 AND `create_time` < 1534500173 AND ( deadline = 0 OR deadline > 1534500173 ) ORDER BY `id` DESC  [ RunTime:0.0010s ]
NOTIC: [2] Missing argument 4 for Home\Model\DocumentModel::homeMap(), called in D:\project\l.yasin.cn\yasin\onethink\wwwroot\Application\Home\Model\DocumentModel.class.php on line 329 and defined D:\project\l.yasin.cn\yasin\onethink\wwwroot\Application\Home\Model\DocumentModel.class.php 第 453 行.
NOTIC: [8] Undefined variable: information D:\project\l.yasin.cn\yasin\onethink\wwwroot\Application\Home\Model\DocumentModel.class.php 第 467 行.
SQL: SELECT `id`,`uid`,`name`,`title`,`category_id`,`group_id`,`description`,`root`,`pid`,`model_id`,`type`,`position`,`link_id`,`cover_id`,`display`,`deadline`,`attach`,`view`,`comment`,`extend`,`level`,`create_time`,`update_time`,`status`,`view_num` FROM `one_document` WHERE `status` = 1 AND `category_id` = 42 AND ( view_num = 1 ) ORDER BY 1  [ RunTime:0.0010s ]
SQL: SHOW COLUMNS FROM `one_document_home` [ RunTime:0.0040s ]
SQL: SELECT * FROM `one_document_home` WHERE `id` = 11  [ RunTime:0.0000s ]
NOTIC: [8] Undefined index: list D:\project\l.yasin.cn\yasin\onethink\wwwroot\Application\Home\Model\DocumentModel.class.php 第 430 行.
NOTIC: [2] Invalid argument supplied for foreach() D:\project\l.yasin.cn\yasin\onethink\wwwroot\Application\Home\Model\DocumentModel.class.php 第 430 行.
SQL: SHOW COLUMNS FROM `one_file` [ RunTime:0.0040s ]
SQL: SELECT * FROM `one_file` WHERE `id` = 4 LIMIT 1   [ RunTime:0.0000s ]
NOTIC: [2] Missing argument 4 for Home\Model\DocumentModel::homeMap(), called in D:\project\l.yasin.cn\yasin\onethink\wwwroot\Application\Home\Model\DocumentModel.class.php on line 329 and defined D:\project\l.yasin.cn\yasin\onethink\wwwroot\Application\Home\Model\DocumentModel.class.php 第 453 行.
NOTIC: [8] Undefined variable: information D:\project\l.yasin.cn\yasin\onethink\wwwroot\Application\Home\Model\DocumentModel.class.php 第 467 行.
SQL: SELECT `id`,`uid`,`name`,`title`,`category_id`,`group_id`,`description`,`root`,`pid`,`model_id`,`type`,`position`,`link_id`,`cover_id`,`display`,`deadline`,`attach`,`view`,`comment`,`extend`,`level`,`create_time`,`update_time`,`status`,`view_num` FROM `one_document` WHERE `status` = 1 AND `category_id` = 46 AND ( view_num = 2 ) ORDER BY 1  [ RunTime:0.0000s ]
SQL: SELECT * FROM `one_document_home` WHERE `id` = 13  [ RunTime:0.0000s ]
SQL: SELECT * FROM `one_document_home` WHERE `id` = 15  [ RunTime:0.0010s ]
SQL: SHOW COLUMNS FROM `one_document` [ RunTime:0.0030s ]
SQL: SELECT a.id,a.list_title,a.article,a.sub_title,a.detail_img FROM `one_document` INNER JOIN one_document_article_details a ON one_document.id=a.id  WHERE `category_id` = 47 AND `status` = 1 LIMIT 8   [ RunTime:0.0010s ]
SQL: SHOW COLUMNS FROM `one_picture` [ RunTime:0.0030s ]
SQL: SELECT * FROM `one_picture` WHERE `id` = 6 LIMIT 1   [ RunTime:0.0000s ]
SQL: SELECT * FROM `one_picture` WHERE `id` = 7 LIMIT 1   [ RunTime:0.0010s ]
SQL: SELECT * FROM `one_picture` WHERE `id` = 8 LIMIT 1   [ RunTime:0.0000s ]
SQL: SELECT * FROM `one_picture` WHERE `id` = 9 LIMIT 1   [ RunTime:0.0000s ]
SQL: SELECT * FROM `one_picture` WHERE `id` = 10 LIMIT 1   [ RunTime:0.0000s ]
SQL: SELECT * FROM `one_picture` WHERE `id` = 11 LIMIT 1   [ RunTime:0.0000s ]
SQL: SELECT * FROM `one_picture` WHERE `id` = 12 LIMIT 1   [ RunTime:0.0000s ]
SQL: SELECT * FROM `one_picture` WHERE `id` = 13 LIMIT 1   [ RunTime:0.0000s ]
NOTIC: [8] Undefined index: list_img D:\project\l.yasin.cn\yasin\onethink\wwwroot\Application\Home\Model\DocumentModel.class.php 第 432 行.
SQL: SELECT * FROM `one_picture` WHERE `id` = null LIMIT 1   [ RunTime:0.0000s ]
NOTIC: [8] Undefined index: list_img D:\project\l.yasin.cn\yasin\onethink\wwwroot\Application\Home\Model\DocumentModel.class.php 第 432 行.
SQL: SELECT * FROM `one_picture` WHERE `id` = null LIMIT 1   [ RunTime:0.0000s ]
NOTIC: [8] Undefined index: list_img D:\project\l.yasin.cn\yasin\onethink\wwwroot\Application\Home\Model\DocumentModel.class.php 第 432 行.
SQL: SELECT * FROM `one_picture` WHERE `id` = null LIMIT 1   [ RunTime:0.0000s ]
NOTIC: [8] Undefined index: list_img D:\project\l.yasin.cn\yasin\onethink\wwwroot\Application\Home\Model\DocumentModel.class.php 第 432 行.
SQL: SELECT * FROM `one_picture` WHERE `id` = null LIMIT 1   [ RunTime:0.0000s ]
NOTIC: [8] Undefined index: list_img D:\project\l.yasin.cn\yasin\onethink\wwwroot\Application\Home\Model\DocumentModel.class.php 第 432 行.
SQL: SELECT * FROM `one_picture` WHERE `id` = null LIMIT 1   [ RunTime:0.0000s ]
NOTIC: [8] Undefined index: list_img D:\project\l.yasin.cn\yasin\onethink\wwwroot\Application\Home\Model\DocumentModel.class.php 第 432 行.
SQL: SELECT * FROM `one_picture` WHERE `id` = null LIMIT 1   [ RunTime:0.0000s ]
NOTIC: [8] Undefined index: list_img D:\project\l.yasin.cn\yasin\onethink\wwwroot\Application\Home\Model\DocumentModel.class.php 第 432 行.
SQL: SELECT * FROM `one_picture` WHERE `id` = null LIMIT 1   [ RunTime:0.0010s ]
NOTIC: [8] Undefined index: list_img D:\project\l.yasin.cn\yasin\onethink\wwwroot\Application\Home\Model\DocumentModel.class.php 第 432 行.
SQL: SELECT * FROM `one_picture` WHERE `id` = null LIMIT 1   [ RunTime:0.0000s ]
SQL: SELECT * FROM `one_file` WHERE `id` = 0 LIMIT 1   [ RunTime:0.0000s ]
NOTIC: [2] Missing argument 4 for Home\Model\DocumentModel::homeMap(), called in D:\project\l.yasin.cn\yasin\onethink\wwwroot\Application\Home\Model\DocumentModel.class.php on line 329 and defined D:\project\l.yasin.cn\yasin\onethink\wwwroot\Application\Home\Model\DocumentModel.class.php 第 453 行.
NOTIC: [8] Undefined variable: information D:\project\l.yasin.cn\yasin\onethink\wwwroot\Application\Home\Model\DocumentModel.class.php 第 467 行.
SQL: SELECT `id`,`uid`,`name`,`title`,`category_id`,`group_id`,`description`,`root`,`pid`,`model_id`,`type`,`position`,`link_id`,`cover_id`,`display`,`deadline`,`attach`,`view`,`comment`,`extend`,`level`,`create_time`,`update_time`,`status`,`view_num` FROM `one_document` WHERE `status` = 1 AND `category_id` = 41 AND ( view_num = 3 ) ORDER BY 1  [ RunTime:0.0010s ]
SQL: SELECT * FROM `one_document_home` WHERE `id` = 9  [ RunTime:0.0000s ]
SQL: SHOW COLUMNS FROM `one_document_third_list` [ RunTime:0.0030s ]
SQL: SELECT one_document_third_list.id,one_document_third_list.list_title,one_document_third_list.en_title,one_document_third_list.list_title,one_document_third_list.list_subtitle,one_document_third_list.list_img,c.name FROM `one_document_third_list` INNER JOIN one_document d ON one_document_third_list.id=d.id INNER JOIN one_category c ON d.category_id=c.pid   [ RunTime:0.0000s ]
SQL: SELECT * FROM `one_picture` WHERE `id` = 14 LIMIT 1   [ RunTime:0.0000s ]
SQL: SELECT * FROM `one_picture` WHERE `id` = 15 LIMIT 1   [ RunTime:0.0010s ]
SQL: SELECT * FROM `one_picture` WHERE `id` = 16 LIMIT 1   [ RunTime:0.0000s ]
SQL: SELECT * FROM `one_picture` WHERE `id` = 17 LIMIT 1   [ RunTime:0.0000s ]
SQL: SELECT * FROM `one_file` WHERE `id` = 0 LIMIT 1   [ RunTime:0.0000s ]
NOTIC: [2] Missing argument 4 for Home\Model\DocumentModel::homeMap(), called in D:\project\l.yasin.cn\yasin\onethink\wwwroot\Application\Home\Model\DocumentModel.class.php on line 329 and defined D:\project\l.yasin.cn\yasin\onethink\wwwroot\Application\Home\Model\DocumentModel.class.php 第 453 行.
NOTIC: [8] Undefined variable: information D:\project\l.yasin.cn\yasin\onethink\wwwroot\Application\Home\Model\DocumentModel.class.php 第 467 行.
SQL: SELECT `id`,`uid`,`name`,`title`,`category_id`,`group_id`,`description`,`root`,`pid`,`model_id`,`type`,`position`,`link_id`,`cover_id`,`display`,`deadline`,`attach`,`view`,`comment`,`extend`,`level`,`create_time`,`update_time`,`status`,`view_num` FROM `one_document` WHERE `status` = 1 AND `category_id` = 48 AND ( view_num = 4 ) ORDER BY 1  [ RunTime:0.0000s ]
SQL: SELECT * FROM `one_document_home` WHERE `id` = 16  [ RunTime:0.0000s ]
SQL: SHOW COLUMNS FROM `one_document_fourth_list` [ RunTime:0.0030s ]
SQL: SELECT one_document_fourth_list.id,one_document_fourth_list.list_title,one_document_fourth_list.en_title,one_document_fourth_list.list_title,one_document_fourth_list.list_subtitle,one_document_fourth_list.list_img,c.name FROM `one_document_fourth_list` INNER JOIN one_document d ON one_document_fourth_list.id=d.id INNER JOIN one_category c ON d.category_id=c.pid   [ RunTime:0.0000s ]
SQL: SELECT * FROM `one_picture` WHERE `id` = 18 LIMIT 1   [ RunTime:0.0000s ]
SQL: SELECT * FROM `one_picture` WHERE `id` = 19 LIMIT 1   [ RunTime:0.0000s ]
SQL: SELECT * FROM `one_picture` WHERE `id` = 20 LIMIT 1   [ RunTime:0.0000s ]
SQL: SELECT * FROM `one_file` WHERE `id` = 0 LIMIT 1   [ RunTime:0.0000s ]
NOTIC: [2] Missing argument 4 for Home\Model\DocumentModel::homeMap(), called in D:\project\l.yasin.cn\yasin\onethink\wwwroot\Application\Home\Model\DocumentModel.class.php on line 329 and defined D:\project\l.yasin.cn\yasin\onethink\wwwroot\Application\Home\Model\DocumentModel.class.php 第 453 行.
NOTIC: [8] Undefined variable: information D:\project\l.yasin.cn\yasin\onethink\wwwroot\Application\Home\Model\DocumentModel.class.php 第 467 行.
SQL: SELECT `id`,`uid`,`name`,`title`,`category_id`,`group_id`,`description`,`root`,`pid`,`model_id`,`type`,`position`,`link_id`,`cover_id`,`display`,`deadline`,`attach`,`view`,`comment`,`extend`,`level`,`create_time`,`update_time`,`status`,`view_num` FROM `one_document` WHERE `status` = 1 AND `category_id` = 50 AND ( view_num = 5 ) ORDER BY 1  [ RunTime:0.0010s ]
SQL: SELECT * FROM `one_document_home` WHERE `id` = 19  [ RunTime:0.0000s ]
SQL: SELECT a.id,a.list_title,a.sub_title,c.name,one_document.create_time FROM `one_document` INNER JOIN one_document_article_details a ON one_document.id=a.id INNER JOIN one_category c ON one_document.category_id=c.id  WHERE `category_id` = 69 ORDER BY `id` desc LIMIT 5   [ RunTime:0.0000s ]
SQL: SELECT a.id,a.list_title,a.sub_title,c.name,one_document.create_time FROM `one_document` INNER JOIN one_document_article_details a ON one_document.id=a.id INNER JOIN one_category c ON one_document.category_id=c.id  WHERE `category_id` = 70 ORDER BY `id` desc LIMIT 5   [ RunTime:0.0010s ]
NOTIC: [8] Undefined index: list D:\project\l.yasin.cn\yasin\onethink\wwwroot\Application\Home\Model\DocumentModel.class.php 第 430 行.
NOTIC: [2] Invalid argument supplied for foreach() D:\project\l.yasin.cn\yasin\onethink\wwwroot\Application\Home\Model\DocumentModel.class.php 第 430 行.
SQL: SELECT * FROM `one_file` WHERE `id` = 0 LIMIT 1   [ RunTime:0.0000s ]
NOTIC: [2] Missing argument 4 for Home\Model\DocumentModel::homeMap(), called in D:\project\l.yasin.cn\yasin\onethink\wwwroot\Application\Home\Model\DocumentModel.class.php on line 329 and defined D:\project\l.yasin.cn\yasin\onethink\wwwroot\Application\Home\Model\DocumentModel.class.php 第 453 行.
NOTIC: [8] Undefined variable: information D:\project\l.yasin.cn\yasin\onethink\wwwroot\Application\Home\Model\DocumentModel.class.php 第 467 行.
SQL: SELECT `id`,`uid`,`name`,`title`,`category_id`,`group_id`,`description`,`root`,`pid`,`model_id`,`type`,`position`,`link_id`,`cover_id`,`display`,`deadline`,`attach`,`view`,`comment`,`extend`,`level`,`create_time`,`update_time`,`status`,`view_num` FROM `one_document` WHERE `status` = 1 AND `category_id` = 54 AND ( view_num = 6 ) ORDER BY 1  [ RunTime:0.0000s ]
SQL: SELECT * FROM `one_document_home` WHERE `id` = 62  [ RunTime:0.0000s ]
SQL: SHOW COLUMNS FROM `one_document_sixth_list` [ RunTime:0.0040s ]
SQL: SELECT one_document_sixth_list.id,`list_title`,one_document_sixth_list.en_title,one_document_sixth_list.tel,`list_subtitle`,`list_img`,c.name FROM `one_document_sixth_list` INNER JOIN one_document d ON one_document_sixth_list.id=d.id left join one_category c ON d.category_id=c.pid  WHERE d.status = 1  [ RunTime:0.0000s ]
SQL: SHOW COLUMNS FROM `one_document_contact_us` [ RunTime:0.0030s ]
SQL: SELECT c.id,c.list_title,c.en_title,c.tel,d.view,p.path FROM one_document_contact_us c INNER JOIN one_document d ON c.id=d.id INNER JOIN one_picture p ON c.list_img=p.id   [ RunTime:0.0000s ]
SQL: SHOW COLUMNS FROM `one_document_propagandist_video` [ RunTime:0.0030s ]
SQL: SELECT v.id,v.list_title,v.en_title,d.view,p.path,f.savepath,f.savename FROM one_document_propagandist_video v INNER JOIN one_document d ON v.id=d.id INNER JOIN one_picture p ON v.video_img=p.id INNER JOIN one_file f ON v.video=f.id   [ RunTime:0.0000s ]
SQL: SELECT * FROM `one_picture` WHERE `id` = 21 LIMIT 1   [ RunTime:0.0000s ]
SQL: SELECT * FROM `one_picture` WHERE `id` = 21 LIMIT 1   [ RunTime:0.0000s ]
SQL: SELECT * FROM `one_picture` WHERE `id` = 21 LIMIT 1   [ RunTime:0.0010s ]
SQL: SELECT * FROM `one_file` WHERE `id` = 0 LIMIT 1   [ RunTime:0.0000s ]
INFO: [ view_parse ] --START--
INFO: [ template_filter ] --START--
INFO: Run Behavior\ContentReplaceBehavior [ RunTime:0.001000s ]
INFO: [ template_filter ] --END-- [ RunTime:0.001000s ]
SQL: SHOW COLUMNS FROM `one_channel` [ RunTime:0.0030s ]
SQL: SELECT `id`,`pid`,`title`,`en_title`,`url`,`sort`,`create_time`,`update_time`,`status`,`target` FROM `one_channel` WHERE ( status=1 ) ORDER BY `sort`  [ RunTime:0.0000s ]
NOTIC: [8] Use of undefined constant WEB_SITE_ADDRESS - assumed 'WEB_SITE_ADDRESS' D:\project\l.yasin.cn\yasin\onethink\wwwroot\Runtime\Cache\Home\769e70f2e46f34ceb60619bbda5e4691.php 第 379 行.
NOTIC: [8] Use of undefined constant WEB_SITE_ICP - assumed 'WEB_SITE_ICP' D:\project\l.yasin.cn\yasin\onethink\wwwroot\Runtime\Cache\Home\769e70f2e46f34ceb60619bbda5e4691.php 第 379 行.
NOTIC: [8] Use of undefined constant WEB_SITE_COPYRIGHT - assumed 'WEB_SITE_COPYRIGHT' D:\project\l.yasin.cn\yasin\onethink\wwwroot\Runtime\Cache\Home\769e70f2e46f34ceb60619bbda5e4691.php 第 379 行.
INFO: Run Behavior\ParseTemplateBehavior [ RunTime:0.028000s ]
INFO: [ view_parse ] --END-- [ RunTime:0.028000s ]
INFO: [ view_filter ] --START--
INFO: Run Behavior\WriteHtmlCacheBehavior [ RunTime:0.000000s ]
INFO: [ view_filter ] --END-- [ RunTime:0.000000s ]
INFO: [ app_end ] --START--
INFO: Run Behavior\ShowPageTraceBehavior [ RunTime:0.000000s ]
INFO: [ app_end ] --END-- [ RunTime:0.000000s ]

