[ 2018-08-09T17:40:48+08:00 ] 127.0.0.1 /
INFO: [ app_init ] --START--
INFO: Run Behavior\BuildLiteBehavior [ RunTime:0.000000s ]
INFO: Run Common\Behavior\InitHookBehavior [ RunTime:0.001000s ]
INFO: [ app_init ] --END-- [ RunTime:0.002000s ]
INFO: [ app_begin ] --START--
INFO: Run Behavior\ReadHtmlCacheBehavior [ RunTime:0.001000s ]
INFO: [ app_begin ] --END-- [ RunTime:0.001000s ]
SQL: SHOW COLUMNS FROM `one_config` [ RunTime:0.0030s ]
SQL: SELECT `type`,`name`,`value` FROM `one_config` WHERE `status` = 1  [ RunTime:0.0000s ]
SQL: SHOW COLUMNS FROM `one_category` [ RunTime:0.0030s ]
SQL: SELECT `id`,`name`,`title`,`pid`,`sort`,`list_row`,`meta_title`,`keywords`,`description`,`template_index`,`template_lists`,`template_detail`,`template_edit`,`model`,`model_sub`,`type`,`link_id`,`allow_publish`,`display`,`reply`,`check`,`reply_model`,`extend`,`create_time`,`update_time`,`status`,`icon`,`groups` FROM `one_category` WHERE `status` = 1 ORDER BY `sort`  [ RunTime:0.0000s ]
SQL: SHOW COLUMNS FROM `one_document` [ RunTime:0.0030s ]
SQL: SELECT `id`,`uid`,`name`,`title`,`category_id`,`group_id`,`description`,`root`,`pid`,`model_id`,`type`,`position`,`link_id`,`cover_id`,`display`,`deadline`,`attach`,`view`,`comment`,`extend`,`level`,`create_time`,`update_time`,`status`,`view_num` FROM `one_document` WHERE `status` = 1 AND `pid` = 0 AND `create_time` < 1533807648 AND ( deadline = 0 OR deadline > 1533807648 ) ORDER BY `id` DESC  [ RunTime:0.0010s ]
NOTIC: [2] Missing argument 4 for Home\Model\DocumentModel::homeMap(), called in D:\project\health2\onethink\wwwroot\Application\Home\Model\DocumentModel.class.php on line 329 and defined D:\project\health2\onethink\wwwroot\Application\Home\Model\DocumentModel.class.php 第 453 行.
NOTIC: [8] Undefined variable: information D:\project\health2\onethink\wwwroot\Application\Home\Model\DocumentModel.class.php 第 467 行.
SQL: SELECT `id`,`uid`,`name`,`title`,`category_id`,`group_id`,`description`,`root`,`pid`,`model_id`,`type`,`position`,`link_id`,`cover_id`,`display`,`deadline`,`attach`,`view`,`comment`,`extend`,`level`,`create_time`,`update_time`,`status`,`view_num` FROM `one_document` WHERE `status` = 1 AND `category_id` = 42 AND ( view_num = 1 ) ORDER BY 1  [ RunTime:0.0000s ]
SQL: SHOW COLUMNS FROM `one_document_home` [ RunTime:0.0030s ]
SQL: SELECT * FROM `one_document_home` WHERE `id` = 11  [ RunTime:0.0000s ]
NOTIC: [8] Undefined index: list D:\project\health2\onethink\wwwroot\Application\Home\Model\DocumentModel.class.php 第 430 行.
NOTIC: [2] Invalid argument supplied for foreach() D:\project\health2\onethink\wwwroot\Application\Home\Model\DocumentModel.class.php 第 430 行.
SQL: SHOW COLUMNS FROM `one_file` [ RunTime:0.0030s ]
SQL: SELECT * FROM `one_file` WHERE `id` = 4 LIMIT 1   [ RunTime:0.0000s ]
NOTIC: [2] Missing argument 4 for Home\Model\DocumentModel::homeMap(), called in D:\project\health2\onethink\wwwroot\Application\Home\Model\DocumentModel.class.php on line 329 and defined D:\project\health2\onethink\wwwroot\Application\Home\Model\DocumentModel.class.php 第 453 行.
NOTIC: [8] Undefined variable: information D:\project\health2\onethink\wwwroot\Application\Home\Model\DocumentModel.class.php 第 467 行.
SQL: SELECT `id`,`uid`,`name`,`title`,`category_id`,`group_id`,`description`,`root`,`pid`,`model_id`,`type`,`position`,`link_id`,`cover_id`,`display`,`deadline`,`attach`,`view`,`comment`,`extend`,`level`,`create_time`,`update_time`,`status`,`view_num` FROM `one_document` WHERE `status` = 1 AND `category_id` = 46 AND ( view_num = 2 ) ORDER BY 1  [ RunTime:0.0010s ]
SQL: SELECT * FROM `one_document_home` WHERE `id` = 13  [ RunTime:0.0000s ]
SQL: SELECT * FROM `one_document_home` WHERE `id` = 15  [ RunTime:0.0000s ]
SQL: SHOW COLUMNS FROM `one_document` [ RunTime:0.0030s ]
SQL: SELECT a.id,a.list_title,a.article,a.sub_title,a.detail_img FROM `one_document` INNER JOIN one_document_article_details a ON one_document.id=a.id  WHERE `category_id` = 47 AND `status` = 1 LIMIT 8   [ RunTime:0.0000s ]
SQL: SHOW COLUMNS FROM `one_picture` [ RunTime:0.0030s ]
SQL: SELECT * FROM `one_picture` WHERE `id` = 6 LIMIT 1   [ RunTime:0.0000s ]
SQL: SELECT * FROM `one_picture` WHERE `id` = 7 LIMIT 1   [ RunTime:0.0000s ]
SQL: SELECT * FROM `one_picture` WHERE `id` = 8 LIMIT 1   [ RunTime:0.0000s ]
SQL: SELECT * FROM `one_picture` WHERE `id` = 9 LIMIT 1   [ RunTime:0.0000s ]
SQL: SELECT * FROM `one_picture` WHERE `id` = 10 LIMIT 1   [ RunTime:0.0000s ]
SQL: SELECT * FROM `one_picture` WHERE `id` = 11 LIMIT 1   [ RunTime:0.0000s ]
SQL: SELECT * FROM `one_picture` WHERE `id` = 12 LIMIT 1   [ RunTime:0.0000s ]
SQL: SELECT * FROM `one_picture` WHERE `id` = 13 LIMIT 1   [ RunTime:0.0000s ]
NOTIC: [8] Undefined index: list_img D:\project\health2\onethink\wwwroot\Application\Home\Model\DocumentModel.class.php 第 432 行.
SQL: SELECT * FROM `one_picture` WHERE `id` = null LIMIT 1   [ RunTime:0.0000s ]
NOTIC: [8] Undefined index: list_img D:\project\health2\onethink\wwwroot\Application\Home\Model\DocumentModel.class.php 第 432 行.
SQL: SELECT * FROM `one_picture` WHERE `id` = null LIMIT 1   [ RunTime:0.0000s ]
NOTIC: [8] Undefined index: list_img D:\project\health2\onethink\wwwroot\Application\Home\Model\DocumentModel.class.php 第 432 行.
SQL: SELECT * FROM `one_picture` WHERE `id` = null LIMIT 1   [ RunTime:0.0000s ]
NOTIC: [8] Undefined index: list_img D:\project\health2\onethink\wwwroot\Application\Home\Model\DocumentModel.class.php 第 432 行.
SQL: SELECT * FROM `one_picture` WHERE `id` = null LIMIT 1   [ RunTime:0.0000s ]
NOTIC: [8] Undefined index: list_img D:\project\health2\onethink\wwwroot\Application\Home\Model\DocumentModel.class.php 第 432 行.
SQL: SELECT * FROM `one_picture` WHERE `id` = null LIMIT 1   [ RunTime:0.0000s ]
NOTIC: [8] Undefined index: list_img D:\project\health2\onethink\wwwroot\Application\Home\Model\DocumentModel.class.php 第 432 行.
SQL: SELECT * FROM `one_picture` WHERE `id` = null LIMIT 1   [ RunTime:0.0010s ]
NOTIC: [8] Undefined index: list_img D:\project\health2\onethink\wwwroot\Application\Home\Model\DocumentModel.class.php 第 432 行.
SQL: SELECT * FROM `one_picture` WHERE `id` = null LIMIT 1   [ RunTime:0.0000s ]
NOTIC: [8] Undefined index: list_img D:\project\health2\onethink\wwwroot\Application\Home\Model\DocumentModel.class.php 第 432 行.
SQL: SELECT * FROM `one_picture` WHERE `id` = null LIMIT 1   [ RunTime:0.0000s ]
SQL: SELECT * FROM `one_file` WHERE `id` = 0 LIMIT 1   [ RunTime:0.0000s ]
NOTIC: [2] Missing argument 4 for Home\Model\DocumentModel::homeMap(), called in D:\project\health2\onethink\wwwroot\Application\Home\Model\DocumentModel.class.php on line 329 and defined D:\project\health2\onethink\wwwroot\Application\Home\Model\DocumentModel.class.php 第 453 行.
NOTIC: [8] Undefined variable: information D:\project\health2\onethink\wwwroot\Application\Home\Model\DocumentModel.class.php 第 467 行.
SQL: SELECT `id`,`uid`,`name`,`title`,`category_id`,`group_id`,`description`,`root`,`pid`,`model_id`,`type`,`position`,`link_id`,`cover_id`,`display`,`deadline`,`attach`,`view`,`comment`,`extend`,`level`,`create_time`,`update_time`,`status`,`view_num` FROM `one_document` WHERE `status` = 1 AND `category_id` = 41 AND ( view_num = 3 ) ORDER BY 1  [ RunTime:0.0000s ]
SQL: SELECT * FROM `one_document_home` WHERE `id` = 9  [ RunTime:0.0010s ]
SQL: SHOW COLUMNS FROM `one_document_third_list` [ RunTime:0.0030s ]
SQL: SELECT one_document_third_list.id,one_document_third_list.list_title,one_document_third_list.en_title,one_document_third_list.list_title,one_document_third_list.list_subtitle,one_document_third_list.list_img,c.name FROM `one_document_third_list` INNER JOIN one_document d ON one_document_third_list.id=d.id INNER JOIN one_category c ON d.category_id=c.pid   [ RunTime:0.0000s ]
SQL: SELECT * FROM `one_picture` WHERE `id` = 24 LIMIT 1   [ RunTime:0.0000s ]
SQL: SELECT * FROM `one_picture` WHERE `id` = 15 LIMIT 1   [ RunTime:0.0000s ]
SQL: SELECT * FROM `one_picture` WHERE `id` = 16 LIMIT 1   [ RunTime:0.0000s ]
SQL: SELECT * FROM `one_picture` WHERE `id` = 17 LIMIT 1   [ RunTime:0.0000s ]
SQL: SELECT * FROM `one_file` WHERE `id` = 0 LIMIT 1   [ RunTime:0.0000s ]
NOTIC: [2] Missing argument 4 for Home\Model\DocumentModel::homeMap(), called in D:\project\health2\onethink\wwwroot\Application\Home\Model\DocumentModel.class.php on line 329 and defined D:\project\health2\onethink\wwwroot\Application\Home\Model\DocumentModel.class.php 第 453 行.
NOTIC: [8] Undefined variable: information D:\project\health2\onethink\wwwroot\Application\Home\Model\DocumentModel.class.php 第 467 行.
SQL: SELECT `id`,`uid`,`name`,`title`,`category_id`,`group_id`,`description`,`root`,`pid`,`model_id`,`type`,`position`,`link_id`,`cover_id`,`display`,`deadline`,`attach`,`view`,`comment`,`extend`,`level`,`create_time`,`update_time`,`status`,`view_num` FROM `one_document` WHERE `status` = 1 AND `category_id` = 48 AND ( view_num = 4 ) ORDER BY 1  [ RunTime:0.0000s ]
SQL: SELECT * FROM `one_document_home` WHERE `id` = 16  [ RunTime:0.0000s ]
SQL: SHOW COLUMNS FROM `one_document_fourth_list` [ RunTime:0.0020s ]
SQL: SELECT one_document_fourth_list.id,one_document_fourth_list.list_title,one_document_fourth_list.en_title,one_document_fourth_list.list_title,one_document_fourth_list.list_subtitle,one_document_fourth_list.list_img,c.name FROM `one_document_fourth_list` INNER JOIN one_document d ON one_document_fourth_list.id=d.id INNER JOIN one_category c ON d.category_id=c.pid   [ RunTime:0.0010s ]
SQL: SELECT * FROM `one_picture` WHERE `id` = 18 LIMIT 1   [ RunTime:0.0000s ]
SQL: SELECT * FROM `one_picture` WHERE `id` = 19 LIMIT 1   [ RunTime:0.0000s ]
SQL: SELECT * FROM `one_picture` WHERE `id` = 20 LIMIT 1   [ RunTime:0.0000s ]
SQL: SELECT * FROM `one_file` WHERE `id` = 0 LIMIT 1   [ RunTime:0.0000s ]
NOTIC: [2] Missing argument 4 for Home\Model\DocumentModel::homeMap(), called in D:\project\health2\onethink\wwwroot\Application\Home\Model\DocumentModel.class.php on line 329 and defined D:\project\health2\onethink\wwwroot\Application\Home\Model\DocumentModel.class.php 第 453 行.
NOTIC: [8] Undefined variable: information D:\project\health2\onethink\wwwroot\Application\Home\Model\DocumentModel.class.php 第 467 行.
SQL: SELECT `id`,`uid`,`name`,`title`,`category_id`,`group_id`,`description`,`root`,`pid`,`model_id`,`type`,`position`,`link_id`,`cover_id`,`display`,`deadline`,`attach`,`view`,`comment`,`extend`,`level`,`create_time`,`update_time`,`status`,`view_num` FROM `one_document` WHERE `status` = 1 AND `category_id` = 50 AND ( view_num = 5 ) ORDER BY 1  [ RunTime:0.0000s ]
SQL: SELECT * FROM `one_document_home` WHERE `id` = 19  [ RunTime:0.0000s ]
SQL: SELECT a.id,a.list_title,a.sub_title,c.name,one_document.create_time FROM `one_document` INNER JOIN one_document_article_details a ON one_document.id=a.id INNER JOIN one_category c ON one_document.category_id=c.id  WHERE `category_id` = 69 ORDER BY `id` desc LIMIT 5   [ RunTime:0.0000s ]
SQL: SELECT a.id,a.list_title,a.sub_title,c.name,one_document.create_time FROM `one_document` INNER JOIN one_document_article_details a ON one_document.id=a.id INNER JOIN one_category c ON one_document.category_id=c.id  WHERE `category_id` = 70 ORDER BY `id` desc LIMIT 5   [ RunTime:0.0010s ]
NOTIC: [8] Undefined index: list D:\project\health2\onethink\wwwroot\Application\Home\Model\DocumentModel.class.php 第 430 行.
NOTIC: [2] Invalid argument supplied for foreach() D:\project\health2\onethink\wwwroot\Application\Home\Model\DocumentModel.class.php 第 430 行.
SQL: SELECT * FROM `one_file` WHERE `id` = 0 LIMIT 1   [ RunTime:0.0000s ]
NOTIC: [2] Missing argument 4 for Home\Model\DocumentModel::homeMap(), called in D:\project\health2\onethink\wwwroot\Application\Home\Model\DocumentModel.class.php on line 329 and defined D:\project\health2\onethink\wwwroot\Application\Home\Model\DocumentModel.class.php 第 453 行.
NOTIC: [8] Undefined variable: information D:\project\health2\onethink\wwwroot\Application\Home\Model\DocumentModel.class.php 第 467 行.
SQL: SELECT `id`,`uid`,`name`,`title`,`category_id`,`group_id`,`description`,`root`,`pid`,`model_id`,`type`,`position`,`link_id`,`cover_id`,`display`,`deadline`,`attach`,`view`,`comment`,`extend`,`level`,`create_time`,`update_time`,`status`,`view_num` FROM `one_document` WHERE `status` = 1 AND `category_id` = 54 AND ( view_num = 6 ) ORDER BY 1  [ RunTime:0.0010s ]
SQL: SELECT * FROM `one_document_home` WHERE `id` = 62  [ RunTime:0.0000s ]
SQL: SHOW COLUMNS FROM `one_document_sixth_list` [ RunTime:0.0030s ]
SQL: SELECT one_document_sixth_list.id,`list_title`,one_document_sixth_list.en_title,one_document_sixth_list.tel,`list_subtitle`,`list_img`,c.name FROM `one_document_sixth_list` INNER JOIN one_document d ON one_document_sixth_list.id=d.id left join one_category c ON d.category_id=c.pid  WHERE d.status = 1  [ RunTime:0.0000s ]
SQL: SHOW COLUMNS FROM `one_document_contact_us` [ RunTime:0.0030s ]
SQL: SELECT c.id,c.list_title,c.en_title,c.tel,d.view,p.path FROM one_document_contact_us c INNER JOIN one_document d ON c.id=d.id INNER JOIN one_picture p ON c.list_img=p.id   [ RunTime:0.0010s ]
SQL: SHOW COLUMNS FROM `one_document_propagandist_video` [ RunTime:0.0020s ]
SQL: SELECT v.id,v.list_title,v.en_title,d.view,p.path,f.savepath,f.savename FROM one_document_propagandist_video v INNER JOIN one_document d ON v.id=d.id INNER JOIN one_picture p ON v.video_img=p.id INNER JOIN one_file f ON v.video=f.id   [ RunTime:0.0000s ]
SQL: SELECT * FROM `one_picture` WHERE `id` = 21 LIMIT 1   [ RunTime:0.0010s ]
SQL: SELECT * FROM `one_picture` WHERE `id` = 21 LIMIT 1   [ RunTime:0.0000s ]
SQL: SELECT * FROM `one_picture` WHERE `id` = 21 LIMIT 1   [ RunTime:0.0000s ]
SQL: SELECT * FROM `one_file` WHERE `id` = 0 LIMIT 1   [ RunTime:0.0000s ]
INFO: [ view_parse ] --START--
INFO: [ template_filter ] --START--
INFO: Run Behavior\ContentReplaceBehavior [ RunTime:0.000000s ]
INFO: [ template_filter ] --END-- [ RunTime:0.000000s ]
SQL: SHOW COLUMNS FROM `one_channel` [ RunTime:0.0030s ]
SQL: SELECT `id`,`pid`,`title`,`en_title`,`url`,`sort`,`create_time`,`update_time`,`status`,`target` FROM `one_channel` WHERE ( status=1 ) ORDER BY `sort`  [ RunTime:0.0000s ]
NOTIC: [8] Use of undefined constant WEB_SITE_ADDRESS - assumed 'WEB_SITE_ADDRESS' D:\project\health2\onethink\wwwroot\Runtime\Cache\Home\769e70f2e46f34ceb60619bbda5e4691.php 第 382 行.
NOTIC: [8] Use of undefined constant WEB_SITE_ICP - assumed 'WEB_SITE_ICP' D:\project\health2\onethink\wwwroot\Runtime\Cache\Home\769e70f2e46f34ceb60619bbda5e4691.php 第 382 行.
NOTIC: [8] Use of undefined constant WEB_SITE_COPYRIGHT - assumed 'WEB_SITE_COPYRIGHT' D:\project\health2\onethink\wwwroot\Runtime\Cache\Home\769e70f2e46f34ceb60619bbda5e4691.php 第 382 行.
INFO: Run Behavior\ParseTemplateBehavior [ RunTime:0.030000s ]
INFO: [ view_parse ] --END-- [ RunTime:0.030000s ]
INFO: [ view_filter ] --START--
INFO: Run Behavior\WriteHtmlCacheBehavior [ RunTime:0.000000s ]
INFO: [ view_filter ] --END-- [ RunTime:0.000000s ]
INFO: [ app_end ] --START--
INFO: Run Behavior\ShowPageTraceBehavior [ RunTime:0.000000s ]
INFO: [ app_end ] --END-- [ RunTime:0.001000s ]

[ 2018-08-09T17:40:49+08:00 ] 127.0.0.1 /
INFO: [ app_init ] --START--
INFO: Run Behavior\BuildLiteBehavior [ RunTime:0.000000s ]
INFO: Run Common\Behavior\InitHookBehavior [ RunTime:0.005000s ]
INFO: [ app_init ] --END-- [ RunTime:0.006000s ]
INFO: [ app_begin ] --START--
INFO: Run Behavior\ReadHtmlCacheBehavior [ RunTime:0.001000s ]
INFO: [ app_begin ] --END-- [ RunTime:0.001000s ]
SQL: SHOW COLUMNS FROM `one_config` [ RunTime:0.0050s ]
SQL: SELECT `type`,`name`,`value` FROM `one_config` WHERE `status` = 1  [ RunTime:0.0000s ]
SQL: SHOW COLUMNS FROM `one_category` [ RunTime:0.0040s ]
SQL: SELECT `id`,`name`,`title`,`pid`,`sort`,`list_row`,`meta_title`,`keywords`,`description`,`template_index`,`template_lists`,`template_detail`,`template_edit`,`model`,`model_sub`,`type`,`link_id`,`allow_publish`,`display`,`reply`,`check`,`reply_model`,`extend`,`create_time`,`update_time`,`status`,`icon`,`groups` FROM `one_category` WHERE `status` = 1 ORDER BY `sort`  [ RunTime:0.0020s ]
SQL: SHOW COLUMNS FROM `one_document` [ RunTime:0.0050s ]
SQL: SELECT `id`,`uid`,`name`,`title`,`category_id`,`group_id`,`description`,`root`,`pid`,`model_id`,`type`,`position`,`link_id`,`cover_id`,`display`,`deadline`,`attach`,`view`,`comment`,`extend`,`level`,`create_time`,`update_time`,`status`,`view_num` FROM `one_document` WHERE `status` = 1 AND `pid` = 0 AND `create_time` < 1533807649 AND ( deadline = 0 OR deadline > 1533807649 ) ORDER BY `id` DESC  [ RunTime:0.0010s ]
NOTIC: [2] Missing argument 4 for Home\Model\DocumentModel::homeMap(), called in D:\project\health2\onethink\wwwroot\Application\Home\Model\DocumentModel.class.php on line 329 and defined D:\project\health2\onethink\wwwroot\Application\Home\Model\DocumentModel.class.php 第 453 行.
NOTIC: [8] Undefined variable: information D:\project\health2\onethink\wwwroot\Application\Home\Model\DocumentModel.class.php 第 467 行.
SQL: SELECT `id`,`uid`,`name`,`title`,`category_id`,`group_id`,`description`,`root`,`pid`,`model_id`,`type`,`position`,`link_id`,`cover_id`,`display`,`deadline`,`attach`,`view`,`comment`,`extend`,`level`,`create_time`,`update_time`,`status`,`view_num` FROM `one_document` WHERE `status` = 1 AND `category_id` = 42 AND ( view_num = 1 ) ORDER BY 1  [ RunTime:0.0000s ]
SQL: SHOW COLUMNS FROM `one_document_home` [ RunTime:0.0040s ]
SQL: SELECT * FROM `one_document_home` WHERE `id` = 11  [ RunTime:0.0000s ]
NOTIC: [8] Undefined index: list D:\project\health2\onethink\wwwroot\Application\Home\Model\DocumentModel.class.php 第 430 行.
NOTIC: [2] Invalid argument supplied for foreach() D:\project\health2\onethink\wwwroot\Application\Home\Model\DocumentModel.class.php 第 430 行.
SQL: SHOW COLUMNS FROM `one_file` [ RunTime:0.0040s ]
SQL: SELECT * FROM `one_file` WHERE `id` = 4 LIMIT 1   [ RunTime:0.0000s ]
NOTIC: [2] Missing argument 4 for Home\Model\DocumentModel::homeMap(), called in D:\project\health2\onethink\wwwroot\Application\Home\Model\DocumentModel.class.php on line 329 and defined D:\project\health2\onethink\wwwroot\Application\Home\Model\DocumentModel.class.php 第 453 行.
NOTIC: [8] Undefined variable: information D:\project\health2\onethink\wwwroot\Application\Home\Model\DocumentModel.class.php 第 467 行.
SQL: SELECT `id`,`uid`,`name`,`title`,`category_id`,`group_id`,`description`,`root`,`pid`,`model_id`,`type`,`position`,`link_id`,`cover_id`,`display`,`deadline`,`attach`,`view`,`comment`,`extend`,`level`,`create_time`,`update_time`,`status`,`view_num` FROM `one_document` WHERE `status` = 1 AND `category_id` = 46 AND ( view_num = 2 ) ORDER BY 1  [ RunTime:0.0010s ]
SQL: SELECT * FROM `one_document_home` WHERE `id` = 13  [ RunTime:0.0000s ]
SQL: SELECT * FROM `one_document_home` WHERE `id` = 15  [ RunTime:0.0000s ]
SQL: SHOW COLUMNS FROM `one_document` [ RunTime:0.0040s ]
SQL: SELECT a.id,a.list_title,a.article,a.sub_title,a.detail_img FROM `one_document` INNER JOIN one_document_article_details a ON one_document.id=a.id  WHERE `category_id` = 47 AND `status` = 1 LIMIT 8   [ RunTime:0.0010s ]
SQL: SHOW COLUMNS FROM `one_picture` [ RunTime:0.0040s ]
SQL: SELECT * FROM `one_picture` WHERE `id` = 6 LIMIT 1   [ RunTime:0.0010s ]
SQL: SELECT * FROM `one_picture` WHERE `id` = 7 LIMIT 1   [ RunTime:0.0000s ]
SQL: SELECT * FROM `one_picture` WHERE `id` = 8 LIMIT 1   [ RunTime:0.0000s ]
SQL: SELECT * FROM `one_picture` WHERE `id` = 9 LIMIT 1   [ RunTime:0.0010s ]
SQL: SELECT * FROM `one_picture` WHERE `id` = 10 LIMIT 1   [ RunTime:0.0000s ]
SQL: SELECT * FROM `one_picture` WHERE `id` = 11 LIMIT 1   [ RunTime:0.0000s ]
SQL: SELECT * FROM `one_picture` WHERE `id` = 12 LIMIT 1   [ RunTime:0.0010s ]
SQL: SELECT * FROM `one_picture` WHERE `id` = 13 LIMIT 1   [ RunTime:0.0000s ]
NOTIC: [8] Undefined index: list_img D:\project\health2\onethink\wwwroot\Application\Home\Model\DocumentModel.class.php 第 432 行.
SQL: SELECT * FROM `one_picture` WHERE `id` = null LIMIT 1   [ RunTime:0.0000s ]
NOTIC: [8] Undefined index: list_img D:\project\health2\onethink\wwwroot\Application\Home\Model\DocumentModel.class.php 第 432 行.
SQL: SELECT * FROM `one_picture` WHERE `id` = null LIMIT 1   [ RunTime:0.0000s ]
NOTIC: [8] Undefined index: list_img D:\project\health2\onethink\wwwroot\Application\Home\Model\DocumentModel.class.php 第 432 行.
SQL: SELECT * FROM `one_picture` WHERE `id` = null LIMIT 1   [ RunTime:0.0000s ]
NOTIC: [8] Undefined index: list_img D:\project\health2\onethink\wwwroot\Application\Home\Model\DocumentModel.class.php 第 432 行.
SQL: SELECT * FROM `one_picture` WHERE `id` = null LIMIT 1   [ RunTime:0.0000s ]
NOTIC: [8] Undefined index: list_img D:\project\health2\onethink\wwwroot\Application\Home\Model\DocumentModel.class.php 第 432 行.
SQL: SELECT * FROM `one_picture` WHERE `id` = null LIMIT 1   [ RunTime:0.0010s ]
NOTIC: [8] Undefined index: list_img D:\project\health2\onethink\wwwroot\Application\Home\Model\DocumentModel.class.php 第 432 行.
SQL: SELECT * FROM `one_picture` WHERE `id` = null LIMIT 1   [ RunTime:0.0000s ]
NOTIC: [8] Undefined index: list_img D:\project\health2\onethink\wwwroot\Application\Home\Model\DocumentModel.class.php 第 432 行.
SQL: SELECT * FROM `one_picture` WHERE `id` = null LIMIT 1   [ RunTime:0.0000s ]
NOTIC: [8] Undefined index: list_img D:\project\health2\onethink\wwwroot\Application\Home\Model\DocumentModel.class.php 第 432 行.
SQL: SELECT * FROM `one_picture` WHERE `id` = null LIMIT 1   [ RunTime:0.0010s ]
SQL: SELECT * FROM `one_file` WHERE `id` = 0 LIMIT 1   [ RunTime:0.0000s ]
NOTIC: [2] Missing argument 4 for Home\Model\DocumentModel::homeMap(), called in D:\project\health2\onethink\wwwroot\Application\Home\Model\DocumentModel.class.php on line 329 and defined D:\project\health2\onethink\wwwroot\Application\Home\Model\DocumentModel.class.php 第 453 行.
NOTIC: [8] Undefined variable: information D:\project\health2\onethink\wwwroot\Application\Home\Model\DocumentModel.class.php 第 467 行.
SQL: SELECT `id`,`uid`,`name`,`title`,`category_id`,`group_id`,`description`,`root`,`pid`,`model_id`,`type`,`position`,`link_id`,`cover_id`,`display`,`deadline`,`attach`,`view`,`comment`,`extend`,`level`,`create_time`,`update_time`,`status`,`view_num` FROM `one_document` WHERE `status` = 1 AND `category_id` = 41 AND ( view_num = 3 ) ORDER BY 1  [ RunTime:0.0010s ]
SQL: SELECT * FROM `one_document_home` WHERE `id` = 9  [ RunTime:0.0000s ]
SQL: SHOW COLUMNS FROM `one_document_third_list` [ RunTime:0.0030s ]
SQL: SELECT one_document_third_list.id,one_document_third_list.list_title,one_document_third_list.en_title,one_document_third_list.list_title,one_document_third_list.list_subtitle,one_document_third_list.list_img,c.name FROM `one_document_third_list` INNER JOIN one_document d ON one_document_third_list.id=d.id INNER JOIN one_category c ON d.category_id=c.pid   [ RunTime:0.0000s ]
SQL: SELECT * FROM `one_picture` WHERE `id` = 24 LIMIT 1   [ RunTime:0.0010s ]
SQL: SELECT * FROM `one_picture` WHERE `id` = 15 LIMIT 1   [ RunTime:0.0000s ]
SQL: SELECT * FROM `one_picture` WHERE `id` = 16 LIMIT 1   [ RunTime:0.0000s ]
SQL: SELECT * FROM `one_picture` WHERE `id` = 17 LIMIT 1   [ RunTime:0.0010s ]
SQL: SELECT * FROM `one_file` WHERE `id` = 0 LIMIT 1   [ RunTime:0.0000s ]
NOTIC: [2] Missing argument 4 for Home\Model\DocumentModel::homeMap(), called in D:\project\health2\onethink\wwwroot\Application\Home\Model\DocumentModel.class.php on line 329 and defined D:\project\health2\onethink\wwwroot\Application\Home\Model\DocumentModel.class.php 第 453 行.
NOTIC: [8] Undefined variable: information D:\project\health2\onethink\wwwroot\Application\Home\Model\DocumentModel.class.php 第 467 行.
SQL: SELECT `id`,`uid`,`name`,`title`,`category_id`,`group_id`,`description`,`root`,`pid`,`model_id`,`type`,`position`,`link_id`,`cover_id`,`display`,`deadline`,`attach`,`view`,`comment`,`extend`,`level`,`create_time`,`update_time`,`status`,`view_num` FROM `one_document` WHERE `status` = 1 AND `category_id` = 48 AND ( view_num = 4 ) ORDER BY 1  [ RunTime:0.0010s ]
SQL: SELECT * FROM `one_document_home` WHERE `id` = 16  [ RunTime:0.0000s ]
SQL: SHOW COLUMNS FROM `one_document_fourth_list` [ RunTime:0.0040s ]
SQL: SELECT one_document_fourth_list.id,one_document_fourth_list.list_title,one_document_fourth_list.en_title,one_document_fourth_list.list_title,one_document_fourth_list.list_subtitle,one_document_fourth_list.list_img,c.name FROM `one_document_fourth_list` INNER JOIN one_document d ON one_document_fourth_list.id=d.id INNER JOIN one_category c ON d.category_id=c.pid   [ RunTime:0.0000s ]
SQL: SELECT * FROM `one_picture` WHERE `id` = 18 LIMIT 1   [ RunTime:0.0010s ]
SQL: SELECT * FROM `one_picture` WHERE `id` = 19 LIMIT 1   [ RunTime:0.0000s ]
SQL: SELECT * FROM `one_picture` WHERE `id` = 20 LIMIT 1   [ RunTime:0.0000s ]
SQL: SELECT * FROM `one_file` WHERE `id` = 0 LIMIT 1   [ RunTime:0.0010s ]
NOTIC: [2] Missing argument 4 for Home\Model\DocumentModel::homeMap(), called in D:\project\health2\onethink\wwwroot\Application\Home\Model\DocumentModel.class.php on line 329 and defined D:\project\health2\onethink\wwwroot\Application\Home\Model\DocumentModel.class.php 第 453 行.
NOTIC: [8] Undefined variable: information D:\project\health2\onethink\wwwroot\Application\Home\Model\DocumentModel.class.php 第 467 行.
SQL: SELECT `id`,`uid`,`name`,`title`,`category_id`,`group_id`,`description`,`root`,`pid`,`model_id`,`type`,`position`,`link_id`,`cover_id`,`display`,`deadline`,`attach`,`view`,`comment`,`extend`,`level`,`create_time`,`update_time`,`status`,`view_num` FROM `one_document` WHERE `status` = 1 AND `category_id` = 50 AND ( view_num = 5 ) ORDER BY 1  [ RunTime:0.0000s ]
SQL: SELECT * FROM `one_document_home` WHERE `id` = 19  [ RunTime:0.0010s ]
SQL: SELECT a.id,a.list_title,a.sub_title,c.name,one_document.create_time FROM `one_document` INNER JOIN one_document_article_details a ON one_document.id=a.id INNER JOIN one_category c ON one_document.category_id=c.id  WHERE `category_id` = 69 ORDER BY `id` desc LIMIT 5   [ RunTime:0.0010s ]
SQL: SELECT a.id,a.list_title,a.sub_title,c.name,one_document.create_time FROM `one_document` INNER JOIN one_document_article_details a ON one_document.id=a.id INNER JOIN one_category c ON one_document.category_id=c.id  WHERE `category_id` = 70 ORDER BY `id` desc LIMIT 5   [ RunTime:0.0000s ]
NOTIC: [8] Undefined index: list D:\project\health2\onethink\wwwroot\Application\Home\Model\DocumentModel.class.php 第 430 行.
NOTIC: [2] Invalid argument supplied for foreach() D:\project\health2\onethink\wwwroot\Application\Home\Model\DocumentModel.class.php 第 430 行.
SQL: SELECT * FROM `one_file` WHERE `id` = 0 LIMIT 1   [ RunTime:0.0000s ]
NOTIC: [2] Missing argument 4 for Home\Model\DocumentModel::homeMap(), called in D:\project\health2\onethink\wwwroot\Application\Home\Model\DocumentModel.class.php on line 329 and defined D:\project\health2\onethink\wwwroot\Application\Home\Model\DocumentModel.class.php 第 453 行.
NOTIC: [8] Undefined variable: information D:\project\health2\onethink\wwwroot\Application\Home\Model\DocumentModel.class.php 第 467 行.
SQL: SELECT `id`,`uid`,`name`,`title`,`category_id`,`group_id`,`description`,`root`,`pid`,`model_id`,`type`,`position`,`link_id`,`cover_id`,`display`,`deadline`,`attach`,`view`,`comment`,`extend`,`level`,`create_time`,`update_time`,`status`,`view_num` FROM `one_document` WHERE `status` = 1 AND `category_id` = 54 AND ( view_num = 6 ) ORDER BY 1  [ RunTime:0.0010s ]
SQL: SELECT * FROM `one_document_home` WHERE `id` = 62  [ RunTime:0.0000s ]
SQL: SHOW COLUMNS FROM `one_document_sixth_list` [ RunTime:0.0030s ]
SQL: SELECT one_document_sixth_list.id,`list_title`,one_document_sixth_list.en_title,one_document_sixth_list.tel,`list_subtitle`,`list_img`,c.name FROM `one_document_sixth_list` INNER JOIN one_document d ON one_document_sixth_list.id=d.id left join one_category c ON d.category_id=c.pid  WHERE d.status = 1  [ RunTime:0.0000s ]
SQL: SHOW COLUMNS FROM `one_document_contact_us` [ RunTime:0.0040s ]
SQL: SELECT c.id,c.list_title,c.en_title,c.tel,d.view,p.path FROM one_document_contact_us c INNER JOIN one_document d ON c.id=d.id INNER JOIN one_picture p ON c.list_img=p.id   [ RunTime:0.0000s ]
SQL: SHOW COLUMNS FROM `one_document_propagandist_video` [ RunTime:0.0040s ]
SQL: SELECT v.id,v.list_title,v.en_title,d.view,p.path,f.savepath,f.savename FROM one_document_propagandist_video v INNER JOIN one_document d ON v.id=d.id INNER JOIN one_picture p ON v.video_img=p.id INNER JOIN one_file f ON v.video=f.id   [ RunTime:0.0010s ]
SQL: SELECT * FROM `one_picture` WHERE `id` = 21 LIMIT 1   [ RunTime:0.0000s ]
SQL: SELECT * FROM `one_picture` WHERE `id` = 21 LIMIT 1   [ RunTime:0.0010s ]
SQL: SELECT * FROM `one_picture` WHERE `id` = 21 LIMIT 1   [ RunTime:0.0000s ]
SQL: SELECT * FROM `one_file` WHERE `id` = 0 LIMIT 1   [ RunTime:0.0000s ]
INFO: [ view_parse ] --START--
INFO: [ template_filter ] --START--
INFO: Run Behavior\ContentReplaceBehavior [ RunTime:0.001000s ]
INFO: [ template_filter ] --END-- [ RunTime:0.001000s ]
SQL: SHOW COLUMNS FROM `one_channel` [ RunTime:0.0040s ]
SQL: SELECT `id`,`pid`,`title`,`en_title`,`url`,`sort`,`create_time`,`update_time`,`status`,`target` FROM `one_channel` WHERE ( status=1 ) ORDER BY `sort`  [ RunTime:0.0000s ]
NOTIC: [8] Use of undefined constant WEB_SITE_ADDRESS - assumed 'WEB_SITE_ADDRESS' D:\project\health2\onethink\wwwroot\Runtime\Cache\Home\769e70f2e46f34ceb60619bbda5e4691.php 第 382 行.
NOTIC: [8] Use of undefined constant WEB_SITE_ICP - assumed 'WEB_SITE_ICP' D:\project\health2\onethink\wwwroot\Runtime\Cache\Home\769e70f2e46f34ceb60619bbda5e4691.php 第 382 行.
NOTIC: [8] Use of undefined constant WEB_SITE_COPYRIGHT - assumed 'WEB_SITE_COPYRIGHT' D:\project\health2\onethink\wwwroot\Runtime\Cache\Home\769e70f2e46f34ceb60619bbda5e4691.php 第 382 行.
INFO: Run Behavior\ParseTemplateBehavior [ RunTime:0.034000s ]
INFO: [ view_parse ] --END-- [ RunTime:0.035000s ]
INFO: [ view_filter ] --START--
INFO: Run Behavior\WriteHtmlCacheBehavior [ RunTime:0.000000s ]
INFO: [ view_filter ] --END-- [ RunTime:0.000000s ]
INFO: [ app_end ] --START--
INFO: Run Behavior\ShowPageTraceBehavior [ RunTime:0.000000s ]
INFO: [ app_end ] --END-- [ RunTime:0.000000s ]

[ 2018-08-09T17:40:51+08:00 ] 127.0.0.1 /
INFO: [ app_init ] --START--
INFO: Run Behavior\BuildLiteBehavior [ RunTime:0.000000s ]
INFO: Run Common\Behavior\InitHookBehavior [ RunTime:0.005000s ]
INFO: [ app_init ] --END-- [ RunTime:0.006000s ]
INFO: [ app_begin ] --START--
INFO: Run Behavior\ReadHtmlCacheBehavior [ RunTime:0.002000s ]
INFO: [ app_begin ] --END-- [ RunTime:0.002000s ]
SQL: SHOW COLUMNS FROM `one_config` [ RunTime:0.0060s ]
SQL: SELECT `type`,`name`,`value` FROM `one_config` WHERE `status` = 1  [ RunTime:0.0010s ]
SQL: SHOW COLUMNS FROM `one_category` [ RunTime:0.0050s ]
SQL: SELECT `id`,`name`,`title`,`pid`,`sort`,`list_row`,`meta_title`,`keywords`,`description`,`template_index`,`template_lists`,`template_detail`,`template_edit`,`model`,`model_sub`,`type`,`link_id`,`allow_publish`,`display`,`reply`,`check`,`reply_model`,`extend`,`create_time`,`update_time`,`status`,`icon`,`groups` FROM `one_category` WHERE `status` = 1 ORDER BY `sort`  [ RunTime:0.0010s ]
SQL: SHOW COLUMNS FROM `one_document` [ RunTime:0.0050s ]
SQL: SELECT `id`,`uid`,`name`,`title`,`category_id`,`group_id`,`description`,`root`,`pid`,`model_id`,`type`,`position`,`link_id`,`cover_id`,`display`,`deadline`,`attach`,`view`,`comment`,`extend`,`level`,`create_time`,`update_time`,`status`,`view_num` FROM `one_document` WHERE `status` = 1 AND `pid` = 0 AND `create_time` < 1533807650 AND ( deadline = 0 OR deadline > 1533807650 ) ORDER BY `id` DESC  [ RunTime:0.0020s ]
NOTIC: [2] Missing argument 4 for Home\Model\DocumentModel::homeMap(), called in D:\project\health2\onethink\wwwroot\Application\Home\Model\DocumentModel.class.php on line 329 and defined D:\project\health2\onethink\wwwroot\Application\Home\Model\DocumentModel.class.php 第 453 行.
NOTIC: [8] Undefined variable: information D:\project\health2\onethink\wwwroot\Application\Home\Model\DocumentModel.class.php 第 467 行.
SQL: SELECT `id`,`uid`,`name`,`title`,`category_id`,`group_id`,`description`,`root`,`pid`,`model_id`,`type`,`position`,`link_id`,`cover_id`,`display`,`deadline`,`attach`,`view`,`comment`,`extend`,`level`,`create_time`,`update_time`,`status`,`view_num` FROM `one_document` WHERE `status` = 1 AND `category_id` = 42 AND ( view_num = 1 ) ORDER BY 1  [ RunTime:0.0010s ]
SQL: SHOW COLUMNS FROM `one_document_home` [ RunTime:0.0040s ]
SQL: SELECT * FROM `one_document_home` WHERE `id` = 11  [ RunTime:0.0010s ]
NOTIC: [8] Undefined index: list D:\project\health2\onethink\wwwroot\Application\Home\Model\DocumentModel.class.php 第 430 行.
NOTIC: [2] Invalid argument supplied for foreach() D:\project\health2\onethink\wwwroot\Application\Home\Model\DocumentModel.class.php 第 430 行.
SQL: SHOW COLUMNS FROM `one_file` [ RunTime:0.0050s ]
SQL: SELECT * FROM `one_file` WHERE `id` = 4 LIMIT 1   [ RunTime:0.0000s ]
NOTIC: [2] Missing argument 4 for Home\Model\DocumentModel::homeMap(), called in D:\project\health2\onethink\wwwroot\Application\Home\Model\DocumentModel.class.php on line 329 and defined D:\project\health2\onethink\wwwroot\Application\Home\Model\DocumentModel.class.php 第 453 行.
NOTIC: [8] Undefined variable: information D:\project\health2\onethink\wwwroot\Application\Home\Model\DocumentModel.class.php 第 467 行.
SQL: SELECT `id`,`uid`,`name`,`title`,`category_id`,`group_id`,`description`,`root`,`pid`,`model_id`,`type`,`position`,`link_id`,`cover_id`,`display`,`deadline`,`attach`,`view`,`comment`,`extend`,`level`,`create_time`,`update_time`,`status`,`view_num` FROM `one_document` WHERE `status` = 1 AND `category_id` = 46 AND ( view_num = 2 ) ORDER BY 1  [ RunTime:0.0000s ]
SQL: SELECT * FROM `one_document_home` WHERE `id` = 13  [ RunTime:0.0000s ]
SQL: SELECT * FROM `one_document_home` WHERE `id` = 15  [ RunTime:0.0000s ]
SQL: SHOW COLUMNS FROM `one_document` [ RunTime:0.0050s ]
SQL: SELECT a.id,a.list_title,a.article,a.sub_title,a.detail_img FROM `one_document` INNER JOIN one_document_article_details a ON one_document.id=a.id  WHERE `category_id` = 47 AND `status` = 1 LIMIT 8   [ RunTime:0.0010s ]
SQL: SHOW COLUMNS FROM `one_picture` [ RunTime:0.0050s ]
SQL: SELECT * FROM `one_picture` WHERE `id` = 6 LIMIT 1   [ RunTime:0.0000s ]
SQL: SELECT * FROM `one_picture` WHERE `id` = 7 LIMIT 1   [ RunTime:0.0000s ]
SQL: SELECT * FROM `one_picture` WHERE `id` = 8 LIMIT 1   [ RunTime:0.0000s ]
SQL: SELECT * FROM `one_picture` WHERE `id` = 9 LIMIT 1   [ RunTime:0.0000s ]
SQL: SELECT * FROM `one_picture` WHERE `id` = 10 LIMIT 1   [ RunTime:0.0010s ]
SQL: SELECT * FROM `one_picture` WHERE `id` = 11 LIMIT 1   [ RunTime:0.0000s ]
SQL: SELECT * FROM `one_picture` WHERE `id` = 12 LIMIT 1   [ RunTime:0.0010s ]
SQL: SELECT * FROM `one_picture` WHERE `id` = 13 LIMIT 1   [ RunTime:0.0000s ]
NOTIC: [8] Undefined index: list_img D:\project\health2\onethink\wwwroot\Application\Home\Model\DocumentModel.class.php 第 432 行.
SQL: SELECT * FROM `one_picture` WHERE `id` = null LIMIT 1   [ RunTime:0.0010s ]
NOTIC: [8] Undefined index: list_img D:\project\health2\onethink\wwwroot\Application\Home\Model\DocumentModel.class.php 第 432 行.
SQL: SELECT * FROM `one_picture` WHERE `id` = null LIMIT 1   [ RunTime:0.0000s ]
NOTIC: [8] Undefined index: list_img D:\project\health2\onethink\wwwroot\Application\Home\Model\DocumentModel.class.php 第 432 行.
SQL: SELECT * FROM `one_picture` WHERE `id` = null LIMIT 1   [ RunTime:0.0010s ]
NOTIC: [8] Undefined index: list_img D:\project\health2\onethink\wwwroot\Application\Home\Model\DocumentModel.class.php 第 432 行.
SQL: SELECT * FROM `one_picture` WHERE `id` = null LIMIT 1   [ RunTime:0.0000s ]
NOTIC: [8] Undefined index: list_img D:\project\health2\onethink\wwwroot\Application\Home\Model\DocumentModel.class.php 第 432 行.
SQL: SELECT * FROM `one_picture` WHERE `id` = null LIMIT 1   [ RunTime:0.0010s ]
NOTIC: [8] Undefined index: list_img D:\project\health2\onethink\wwwroot\Application\Home\Model\DocumentModel.class.php 第 432 行.
SQL: SELECT * FROM `one_picture` WHERE `id` = null LIMIT 1   [ RunTime:0.0000s ]
NOTIC: [8] Undefined index: list_img D:\project\health2\onethink\wwwroot\Application\Home\Model\DocumentModel.class.php 第 432 行.
SQL: SELECT * FROM `one_picture` WHERE `id` = null LIMIT 1   [ RunTime:0.0010s ]
NOTIC: [8] Undefined index: list_img D:\project\health2\onethink\wwwroot\Application\Home\Model\DocumentModel.class.php 第 432 行.
SQL: SELECT * FROM `one_picture` WHERE `id` = null LIMIT 1   [ RunTime:0.0000s ]
SQL: SELECT * FROM `one_file` WHERE `id` = 0 LIMIT 1   [ RunTime:0.0000s ]
NOTIC: [2] Missing argument 4 for Home\Model\DocumentModel::homeMap(), called in D:\project\health2\onethink\wwwroot\Application\Home\Model\DocumentModel.class.php on line 329 and defined D:\project\health2\onethink\wwwroot\Application\Home\Model\DocumentModel.class.php 第 453 行.
NOTIC: [8] Undefined variable: information D:\project\health2\onethink\wwwroot\Application\Home\Model\DocumentModel.class.php 第 467 行.
SQL: SELECT `id`,`uid`,`name`,`title`,`category_id`,`group_id`,`description`,`root`,`pid`,`model_id`,`type`,`position`,`link_id`,`cover_id`,`display`,`deadline`,`attach`,`view`,`comment`,`extend`,`level`,`create_time`,`update_time`,`status`,`view_num` FROM `one_document` WHERE `status` = 1 AND `category_id` = 41 AND ( view_num = 3 ) ORDER BY 1  [ RunTime:0.0000s ]
SQL: SELECT * FROM `one_document_home` WHERE `id` = 9  [ RunTime:0.0000s ]
SQL: SHOW COLUMNS FROM `one_document_third_list` [ RunTime:0.0040s ]
SQL: SELECT one_document_third_list.id,one_document_third_list.list_title,one_document_third_list.en_title,one_document_third_list.list_title,one_document_third_list.list_subtitle,one_document_third_list.list_img,c.name FROM `one_document_third_list` INNER JOIN one_document d ON one_document_third_list.id=d.id INNER JOIN one_category c ON d.category_id=c.pid   [ RunTime:0.0000s ]
SQL: SELECT * FROM `one_picture` WHERE `id` = 24 LIMIT 1   [ RunTime:0.0010s ]
SQL: SELECT * FROM `one_picture` WHERE `id` = 15 LIMIT 1   [ RunTime:0.0000s ]
SQL: SELECT * FROM `one_picture` WHERE `id` = 16 LIMIT 1   [ RunTime:0.0000s ]
SQL: SELECT * FROM `one_picture` WHERE `id` = 17 LIMIT 1   [ RunTime:0.0000s ]
SQL: SELECT * FROM `one_file` WHERE `id` = 0 LIMIT 1   [ RunTime:0.0000s ]
NOTIC: [2] Missing argument 4 for Home\Model\DocumentModel::homeMap(), called in D:\project\health2\onethink\wwwroot\Application\Home\Model\DocumentModel.class.php on line 329 and defined D:\project\health2\onethink\wwwroot\Application\Home\Model\DocumentModel.class.php 第 453 行.
NOTIC: [8] Undefined variable: information D:\project\health2\onethink\wwwroot\Application\Home\Model\DocumentModel.class.php 第 467 行.
SQL: SELECT `id`,`uid`,`name`,`title`,`category_id`,`group_id`,`description`,`root`,`pid`,`model_id`,`type`,`position`,`link_id`,`cover_id`,`display`,`deadline`,`attach`,`view`,`comment`,`extend`,`level`,`create_time`,`update_time`,`status`,`view_num` FROM `one_document` WHERE `status` = 1 AND `category_id` = 48 AND ( view_num = 4 ) ORDER BY 1  [ RunTime:0.0000s ]
SQL: SELECT * FROM `one_document_home` WHERE `id` = 16  [ RunTime:0.0010s ]
SQL: SHOW COLUMNS FROM `one_document_fourth_list` [ RunTime:0.0050s ]
SQL: SELECT one_document_fourth_list.id,one_document_fourth_list.list_title,one_document_fourth_list.en_title,one_document_fourth_list.list_title,one_document_fourth_list.list_subtitle,one_document_fourth_list.list_img,c.name FROM `one_document_fourth_list` INNER JOIN one_document d ON one_document_fourth_list.id=d.id INNER JOIN one_category c ON d.category_id=c.pid   [ RunTime:0.0010s ]
SQL: SELECT * FROM `one_picture` WHERE `id` = 18 LIMIT 1   [ RunTime:0.0000s ]
SQL: SELECT * FROM `one_picture` WHERE `id` = 19 LIMIT 1   [ RunTime:0.0000s ]
SQL: SELECT * FROM `one_picture` WHERE `id` = 20 LIMIT 1   [ RunTime:0.0000s ]
SQL: SELECT * FROM `one_file` WHERE `id` = 0 LIMIT 1   [ RunTime:0.0000s ]
NOTIC: [2] Missing argument 4 for Home\Model\DocumentModel::homeMap(), called in D:\project\health2\onethink\wwwroot\Application\Home\Model\DocumentModel.class.php on line 329 and defined D:\project\health2\onethink\wwwroot\Application\Home\Model\DocumentModel.class.php 第 453 行.
NOTIC: [8] Undefined variable: information D:\project\health2\onethink\wwwroot\Application\Home\Model\DocumentModel.class.php 第 467 行.
SQL: SELECT `id`,`uid`,`name`,`title`,`category_id`,`group_id`,`description`,`root`,`pid`,`model_id`,`type`,`position`,`link_id`,`cover_id`,`display`,`deadline`,`attach`,`view`,`comment`,`extend`,`level`,`create_time`,`update_time`,`status`,`view_num` FROM `one_document` WHERE `status` = 1 AND `category_id` = 50 AND ( view_num = 5 ) ORDER BY 1  [ RunTime:0.0000s ]
SQL: SELECT * FROM `one_document_home` WHERE `id` = 19  [ RunTime:0.0010s ]
SQL: SELECT a.id,a.list_title,a.sub_title,c.name,one_document.create_time FROM `one_document` INNER JOIN one_document_article_details a ON one_document.id=a.id INNER JOIN one_category c ON one_document.category_id=c.id  WHERE `category_id` = 69 ORDER BY `id` desc LIMIT 5   [ RunTime:0.0010s ]
SQL: SELECT a.id,a.list_title,a.sub_title,c.name,one_document.create_time FROM `one_document` INNER JOIN one_document_article_details a ON one_document.id=a.id INNER JOIN one_category c ON one_document.category_id=c.id  WHERE `category_id` = 70 ORDER BY `id` desc LIMIT 5   [ RunTime:0.0010s ]
NOTIC: [8] Undefined index: list D:\project\health2\onethink\wwwroot\Application\Home\Model\DocumentModel.class.php 第 430 行.
NOTIC: [2] Invalid argument supplied for foreach() D:\project\health2\onethink\wwwroot\Application\Home\Model\DocumentModel.class.php 第 430 行.
SQL: SELECT * FROM `one_file` WHERE `id` = 0 LIMIT 1   [ RunTime:0.0000s ]
NOTIC: [2] Missing argument 4 for Home\Model\DocumentModel::homeMap(), called in D:\project\health2\onethink\wwwroot\Application\Home\Model\DocumentModel.class.php on line 329 and defined D:\project\health2\onethink\wwwroot\Application\Home\Model\DocumentModel.class.php 第 453 行.
NOTIC: [8] Undefined variable: information D:\project\health2\onethink\wwwroot\Application\Home\Model\DocumentModel.class.php 第 467 行.
SQL: SELECT `id`,`uid`,`name`,`title`,`category_id`,`group_id`,`description`,`root`,`pid`,`model_id`,`type`,`position`,`link_id`,`cover_id`,`display`,`deadline`,`attach`,`view`,`comment`,`extend`,`level`,`create_time`,`update_time`,`status`,`view_num` FROM `one_document` WHERE `status` = 1 AND `category_id` = 54 AND ( view_num = 6 ) ORDER BY 1  [ RunTime:0.0000s ]
SQL: SELECT * FROM `one_document_home` WHERE `id` = 62  [ RunTime:0.0000s ]
SQL: SHOW COLUMNS FROM `one_document_sixth_list` [ RunTime:0.0050s ]
SQL: SELECT one_document_sixth_list.id,`list_title`,one_document_sixth_list.en_title,one_document_sixth_list.tel,`list_subtitle`,`list_img`,c.name FROM `one_document_sixth_list` INNER JOIN one_document d ON one_document_sixth_list.id=d.id left join one_category c ON d.category_id=c.pid  WHERE d.status = 1  [ RunTime:0.0000s ]
SQL: SHOW COLUMNS FROM `one_document_contact_us` [ RunTime:0.0050s ]
SQL: SELECT c.id,c.list_title,c.en_title,c.tel,d.view,p.path FROM one_document_contact_us c INNER JOIN one_document d ON c.id=d.id INNER JOIN one_picture p ON c.list_img=p.id   [ RunTime:0.0000s ]
SQL: SHOW COLUMNS FROM `one_document_propagandist_video` [ RunTime:0.0040s ]
SQL: SELECT v.id,v.list_title,v.en_title,d.view,p.path,f.savepath,f.savename FROM one_document_propagandist_video v INNER JOIN one_document d ON v.id=d.id INNER JOIN one_picture p ON v.video_img=p.id INNER JOIN one_file f ON v.video=f.id   [ RunTime:0.0010s ]
SQL: SELECT * FROM `one_picture` WHERE `id` = 21 LIMIT 1   [ RunTime:0.0000s ]
SQL: SELECT * FROM `one_picture` WHERE `id` = 21 LIMIT 1   [ RunTime:0.0000s ]
SQL: SELECT * FROM `one_picture` WHERE `id` = 21 LIMIT 1   [ RunTime:0.0000s ]
SQL: SELECT * FROM `one_file` WHERE `id` = 0 LIMIT 1   [ RunTime:0.0000s ]
INFO: [ view_parse ] --START--
INFO: [ template_filter ] --START--
INFO: Run Behavior\ContentReplaceBehavior [ RunTime:0.000000s ]
INFO: [ template_filter ] --END-- [ RunTime:0.000000s ]
SQL: SHOW COLUMNS FROM `one_channel` [ RunTime:0.0030s ]
SQL: SELECT `id`,`pid`,`title`,`en_title`,`url`,`sort`,`create_time`,`update_time`,`status`,`target` FROM `one_channel` WHERE ( status=1 ) ORDER BY `sort`  [ RunTime:0.0000s ]
NOTIC: [8] Use of undefined constant WEB_SITE_ADDRESS - assumed 'WEB_SITE_ADDRESS' D:\project\health2\onethink\wwwroot\Runtime\Cache\Home\769e70f2e46f34ceb60619bbda5e4691.php 第 382 行.
NOTIC: [8] Use of undefined constant WEB_SITE_ICP - assumed 'WEB_SITE_ICP' D:\project\health2\onethink\wwwroot\Runtime\Cache\Home\769e70f2e46f34ceb60619bbda5e4691.php 第 382 行.
NOTIC: [8] Use of undefined constant WEB_SITE_COPYRIGHT - assumed 'WEB_SITE_COPYRIGHT' D:\project\health2\onethink\wwwroot\Runtime\Cache\Home\769e70f2e46f34ceb60619bbda5e4691.php 第 382 行.
INFO: Run Behavior\ParseTemplateBehavior [ RunTime:0.034000s ]
INFO: [ view_parse ] --END-- [ RunTime:0.035000s ]
INFO: [ view_filter ] --START--
INFO: Run Behavior\WriteHtmlCacheBehavior [ RunTime:0.001000s ]
INFO: [ view_filter ] --END-- [ RunTime:0.001000s ]
INFO: [ app_end ] --START--
INFO: Run Behavior\ShowPageTraceBehavior [ RunTime:0.001000s ]
INFO: [ app_end ] --END-- [ RunTime:0.001000s ]

[ 2018-08-09T17:42:52+08:00 ] 127.0.0.1 /index.php?s=/Home/Article/article_lists/category/news_list.html
INFO: [ app_init ] --START--
INFO: Run Behavior\BuildLiteBehavior [ RunTime:0.000000s ]
INFO: Run Common\Behavior\InitHookBehavior [ RunTime:0.003000s ]
INFO: [ app_init ] --END-- [ RunTime:0.004000s ]
INFO: [ app_begin ] --START--
INFO: Run Behavior\ReadHtmlCacheBehavior [ RunTime:0.000000s ]
INFO: [ app_begin ] --END-- [ RunTime:0.000000s ]
SQL: SHOW COLUMNS FROM `one_config` [ RunTime:0.0030s ]
SQL: SELECT `type`,`name`,`value` FROM `one_config` WHERE `status` = 1  [ RunTime:0.0000s ]
SQL: SHOW COLUMNS FROM `one_category` [ RunTime:0.0030s ]
SQL: SELECT `id`,`name`,`title`,`pid`,`sort`,`list_row`,`meta_title`,`keywords`,`description`,`template_index`,`template_lists`,`template_detail`,`template_edit`,`model`,`model_sub`,`type`,`link_id`,`allow_publish`,`display`,`reply`,`check`,`reply_model`,`extend`,`create_time`,`update_time`,`status`,`icon`,`groups` FROM `one_category` WHERE `name` = 'news_list' LIMIT 1   [ RunTime:0.0010s ]
SQL: SHOW COLUMNS FROM `one_document` [ RunTime:0.0030s ]
SQL: SELECT `id`,`uid`,`name`,`title`,`category_id`,`group_id`,`description`,`root`,`pid`,`model_id`,`type`,`position`,`link_id`,`cover_id`,`display`,`deadline`,`attach`,`view`,`comment`,`extend`,`level`,`create_time`,`update_time`,`status`,`view_num` FROM `one_document` WHERE `status` = 1 AND `pid` = 0 AND `category_id` = 70 AND `create_time` < 1533807772 AND ( deadline = 0 OR deadline > 1533807772 ) ORDER BY `id` DESC LIMIT 0,10   [ RunTime:0.0010s ]
SQL: SHOW COLUMNS FROM `one_document_article_details` [ RunTime:0.0030s ]
SQL: SELECT * FROM `one_document_article_details` WHERE `id` = 61  [ RunTime:0.0000s ]
SQL: SHOW COLUMNS FROM `one_picture` [ RunTime:0.0030s ]
SQL: SELECT * FROM `one_picture` WHERE `id` = 4 LIMIT 1   [ RunTime:0.0000s ]
SQL: SELECT * FROM `one_document_article_details` WHERE `id` = 60  [ RunTime:0.0000s ]
SQL: SELECT * FROM `one_picture` WHERE `id` = 1 LIMIT 1   [ RunTime:0.0010s ]
SQL: SELECT * FROM `one_document_article_details` WHERE `id` = 42  [ RunTime:0.0000s ]
SQL: SELECT * FROM `one_picture` WHERE `id` = 4 LIMIT 1   [ RunTime:0.0000s ]
SQL: SHOW COLUMNS FROM `one_category` [ RunTime:0.0030s ]
SQL: SELECT * FROM `one_category` WHERE `id` = 53  [ RunTime:0.0010s ]
INFO: [ view_parse ] --START--
INFO: [ template_filter ] --START--
INFO: Run Behavior\ContentReplaceBehavior [ RunTime:0.000000s ]
INFO: [ template_filter ] --END-- [ RunTime:0.000000s ]
SQL: SHOW COLUMNS FROM `one_channel` [ RunTime:0.0020s ]
SQL: SELECT `id`,`pid`,`title`,`en_title`,`url`,`sort`,`create_time`,`update_time`,`status`,`target` FROM `one_channel` WHERE ( status=1 ) ORDER BY `sort`  [ RunTime:0.0000s ]
SQL: SELECT COUNT(id) AS tp_count FROM `one_document` WHERE `status` = 1 AND `pid` = 0 AND `category_id` = 70 AND `create_time` < 1533807772 AND ( deadline = 0 OR deadline > 1533807772 ) LIMIT 1   [ RunTime:0.0000s ]
NOTIC: [8] Use of undefined constant WEB_SITE_ADDRESS - assumed 'WEB_SITE_ADDRESS' D:\project\health2\onethink\wwwroot\Runtime\Cache\Home\75ab3ca87a47f40c9ebf7df4bd397dee.php 第 170 行.
NOTIC: [8] Use of undefined constant WEB_SITE_ICP - assumed 'WEB_SITE_ICP' D:\project\health2\onethink\wwwroot\Runtime\Cache\Home\75ab3ca87a47f40c9ebf7df4bd397dee.php 第 170 行.
NOTIC: [8] Use of undefined constant WEB_SITE_COPYRIGHT - assumed 'WEB_SITE_COPYRIGHT' D:\project\health2\onethink\wwwroot\Runtime\Cache\Home\75ab3ca87a47f40c9ebf7df4bd397dee.php 第 170 行.
INFO: Run Behavior\ParseTemplateBehavior [ RunTime:0.018000s ]
INFO: [ view_parse ] --END-- [ RunTime:0.018000s ]
INFO: [ view_filter ] --START--
INFO: Run Behavior\WriteHtmlCacheBehavior [ RunTime:0.001000s ]
INFO: [ view_filter ] --END-- [ RunTime:0.001000s ]
INFO: [ app_end ] --START--
INFO: Run Behavior\ShowPageTraceBehavior [ RunTime:0.000000s ]
INFO: [ app_end ] --END-- [ RunTime:0.000000s ]

[ 2018-08-09T17:43:02+08:00 ] 127.0.0.1 /index.php?s=/Home/Index/index
INFO: [ app_init ] --START--
INFO: Run Behavior\BuildLiteBehavior [ RunTime:0.000000s ]
INFO: Run Common\Behavior\InitHookBehavior [ RunTime:0.002000s ]
INFO: [ app_init ] --END-- [ RunTime:0.002000s ]
INFO: [ app_begin ] --START--
INFO: Run Behavior\ReadHtmlCacheBehavior [ RunTime:0.001000s ]
INFO: [ app_begin ] --END-- [ RunTime:0.001000s ]
SQL: SHOW COLUMNS FROM `one_config` [ RunTime:0.0030s ]
SQL: SELECT `type`,`name`,`value` FROM `one_config` WHERE `status` = 1  [ RunTime:0.0010s ]
SQL: SHOW COLUMNS FROM `one_category` [ RunTime:0.0030s ]
SQL: SELECT `id`,`name`,`title`,`pid`,`sort`,`list_row`,`meta_title`,`keywords`,`description`,`template_index`,`template_lists`,`template_detail`,`template_edit`,`model`,`model_sub`,`type`,`link_id`,`allow_publish`,`display`,`reply`,`check`,`reply_model`,`extend`,`create_time`,`update_time`,`status`,`icon`,`groups` FROM `one_category` WHERE `status` = 1 ORDER BY `sort`  [ RunTime:0.0010s ]
SQL: SHOW COLUMNS FROM `one_document` [ RunTime:0.0030s ]
SQL: SELECT `id`,`uid`,`name`,`title`,`category_id`,`group_id`,`description`,`root`,`pid`,`model_id`,`type`,`position`,`link_id`,`cover_id`,`display`,`deadline`,`attach`,`view`,`comment`,`extend`,`level`,`create_time`,`update_time`,`status`,`view_num` FROM `one_document` WHERE `status` = 1 AND `pid` = 0 AND `create_time` < 1533807782 AND ( deadline = 0 OR deadline > 1533807782 ) ORDER BY `id` DESC  [ RunTime:0.0010s ]
NOTIC: [2] Missing argument 4 for Home\Model\DocumentModel::homeMap(), called in D:\project\health2\onethink\wwwroot\Application\Home\Model\DocumentModel.class.php on line 329 and defined D:\project\health2\onethink\wwwroot\Application\Home\Model\DocumentModel.class.php 第 453 行.
NOTIC: [8] Undefined variable: information D:\project\health2\onethink\wwwroot\Application\Home\Model\DocumentModel.class.php 第 467 行.
SQL: SELECT `id`,`uid`,`name`,`title`,`category_id`,`group_id`,`description`,`root`,`pid`,`model_id`,`type`,`position`,`link_id`,`cover_id`,`display`,`deadline`,`attach`,`view`,`comment`,`extend`,`level`,`create_time`,`update_time`,`status`,`view_num` FROM `one_document` WHERE `status` = 1 AND `category_id` = 42 AND ( view_num = 1 ) ORDER BY 1  [ RunTime:0.0010s ]
SQL: SHOW COLUMNS FROM `one_document_home` [ RunTime:0.0030s ]
SQL: SELECT * FROM `one_document_home` WHERE `id` = 11  [ RunTime:0.0000s ]
NOTIC: [8] Undefined index: list D:\project\health2\onethink\wwwroot\Application\Home\Model\DocumentModel.class.php 第 430 行.
NOTIC: [2] Invalid argument supplied for foreach() D:\project\health2\onethink\wwwroot\Application\Home\Model\DocumentModel.class.php 第 430 行.
SQL: SHOW COLUMNS FROM `one_file` [ RunTime:0.0040s ]
SQL: SELECT * FROM `one_file` WHERE `id` = 4 LIMIT 1   [ RunTime:0.0000s ]
NOTIC: [2] Missing argument 4 for Home\Model\DocumentModel::homeMap(), called in D:\project\health2\onethink\wwwroot\Application\Home\Model\DocumentModel.class.php on line 329 and defined D:\project\health2\onethink\wwwroot\Application\Home\Model\DocumentModel.class.php 第 453 行.
NOTIC: [8] Undefined variable: information D:\project\health2\onethink\wwwroot\Application\Home\Model\DocumentModel.class.php 第 467 行.
SQL: SELECT `id`,`uid`,`name`,`title`,`category_id`,`group_id`,`description`,`root`,`pid`,`model_id`,`type`,`position`,`link_id`,`cover_id`,`display`,`deadline`,`attach`,`view`,`comment`,`extend`,`level`,`create_time`,`update_time`,`status`,`view_num` FROM `one_document` WHERE `status` = 1 AND `category_id` = 46 AND ( view_num = 2 ) ORDER BY 1  [ RunTime:0.0010s ]
SQL: SELECT * FROM `one_document_home` WHERE `id` = 13  [ RunTime:0.0000s ]
SQL: SELECT * FROM `one_document_home` WHERE `id` = 15  [ RunTime:0.0000s ]
SQL: SHOW COLUMNS FROM `one_document` [ RunTime:0.0030s ]
SQL: SELECT a.id,a.list_title,a.article,a.sub_title,a.detail_img FROM `one_document` INNER JOIN one_document_article_details a ON one_document.id=a.id  WHERE `category_id` = 47 AND `status` = 1 LIMIT 8   [ RunTime:0.0000s ]
SQL: SHOW COLUMNS FROM `one_picture` [ RunTime:0.0030s ]
SQL: SELECT * FROM `one_picture` WHERE `id` = 6 LIMIT 1   [ RunTime:0.0000s ]
SQL: SELECT * FROM `one_picture` WHERE `id` = 7 LIMIT 1   [ RunTime:0.0000s ]
SQL: SELECT * FROM `one_picture` WHERE `id` = 8 LIMIT 1   [ RunTime:0.0000s ]
SQL: SELECT * FROM `one_picture` WHERE `id` = 9 LIMIT 1   [ RunTime:0.0010s ]
SQL: SELECT * FROM `one_picture` WHERE `id` = 10 LIMIT 1   [ RunTime:0.0000s ]
SQL: SELECT * FROM `one_picture` WHERE `id` = 11 LIMIT 1   [ RunTime:0.0000s ]
SQL: SELECT * FROM `one_picture` WHERE `id` = 12 LIMIT 1   [ RunTime:0.0000s ]
SQL: SELECT * FROM `one_picture` WHERE `id` = 13 LIMIT 1   [ RunTime:0.0000s ]
NOTIC: [8] Undefined index: list_img D:\project\health2\onethink\wwwroot\Application\Home\Model\DocumentModel.class.php 第 432 行.
SQL: SELECT * FROM `one_picture` WHERE `id` = null LIMIT 1   [ RunTime:0.0010s ]
NOTIC: [8] Undefined index: list_img D:\project\health2\onethink\wwwroot\Application\Home\Model\DocumentModel.class.php 第 432 行.
SQL: SELECT * FROM `one_picture` WHERE `id` = null LIMIT 1   [ RunTime:0.0000s ]
NOTIC: [8] Undefined index: list_img D:\project\health2\onethink\wwwroot\Application\Home\Model\DocumentModel.class.php 第 432 行.
SQL: SELECT * FROM `one_picture` WHERE `id` = null LIMIT 1   [ RunTime:0.0000s ]
NOTIC: [8] Undefined index: list_img D:\project\health2\onethink\wwwroot\Application\Home\Model\DocumentModel.class.php 第 432 行.
SQL: SELECT * FROM `one_picture` WHERE `id` = null LIMIT 1   [ RunTime:0.0000s ]
NOTIC: [8] Undefined index: list_img D:\project\health2\onethink\wwwroot\Application\Home\Model\DocumentModel.class.php 第 432 行.
SQL: SELECT * FROM `one_picture` WHERE `id` = null LIMIT 1   [ RunTime:0.0000s ]
NOTIC: [8] Undefined index: list_img D:\project\health2\onethink\wwwroot\Application\Home\Model\DocumentModel.class.php 第 432 行.
SQL: SELECT * FROM `one_picture` WHERE `id` = null LIMIT 1   [ RunTime:0.0000s ]
NOTIC: [8] Undefined index: list_img D:\project\health2\onethink\wwwroot\Application\Home\Model\DocumentModel.class.php 第 432 行.
SQL: SELECT * FROM `one_picture` WHERE `id` = null LIMIT 1   [ RunTime:0.0000s ]
NOTIC: [8] Undefined index: list_img D:\project\health2\onethink\wwwroot\Application\Home\Model\DocumentModel.class.php 第 432 行.
SQL: SELECT * FROM `one_picture` WHERE `id` = null LIMIT 1   [ RunTime:0.0000s ]
SQL: SELECT * FROM `one_file` WHERE `id` = 0 LIMIT 1   [ RunTime:0.0010s ]
NOTIC: [2] Missing argument 4 for Home\Model\DocumentModel::homeMap(), called in D:\project\health2\onethink\wwwroot\Application\Home\Model\DocumentModel.class.php on line 329 and defined D:\project\health2\onethink\wwwroot\Application\Home\Model\DocumentModel.class.php 第 453 行.
NOTIC: [8] Undefined variable: information D:\project\health2\onethink\wwwroot\Application\Home\Model\DocumentModel.class.php 第 467 行.
SQL: SELECT `id`,`uid`,`name`,`title`,`category_id`,`group_id`,`description`,`root`,`pid`,`model_id`,`type`,`position`,`link_id`,`cover_id`,`display`,`deadline`,`attach`,`view`,`comment`,`extend`,`level`,`create_time`,`update_time`,`status`,`view_num` FROM `one_document` WHERE `status` = 1 AND `category_id` = 41 AND ( view_num = 3 ) ORDER BY 1  [ RunTime:0.0000s ]
SQL: SELECT * FROM `one_document_home` WHERE `id` = 9  [ RunTime:0.0000s ]
SQL: SHOW COLUMNS FROM `one_document_third_list` [ RunTime:0.0030s ]
SQL: SELECT one_document_third_list.id,one_document_third_list.list_title,one_document_third_list.en_title,one_document_third_list.list_title,one_document_third_list.list_subtitle,one_document_third_list.list_img,c.name FROM `one_document_third_list` INNER JOIN one_document d ON one_document_third_list.id=d.id INNER JOIN one_category c ON d.category_id=c.pid   [ RunTime:0.0000s ]
SQL: SELECT * FROM `one_picture` WHERE `id` = 24 LIMIT 1   [ RunTime:0.0000s ]
SQL: SELECT * FROM `one_picture` WHERE `id` = 15 LIMIT 1   [ RunTime:0.0000s ]
SQL: SELECT * FROM `one_picture` WHERE `id` = 16 LIMIT 1   [ RunTime:0.0000s ]
SQL: SELECT * FROM `one_picture` WHERE `id` = 17 LIMIT 1   [ RunTime:0.0000s ]
SQL: SELECT * FROM `one_file` WHERE `id` = 0 LIMIT 1   [ RunTime:0.0000s ]
NOTIC: [2] Missing argument 4 for Home\Model\DocumentModel::homeMap(), called in D:\project\health2\onethink\wwwroot\Application\Home\Model\DocumentModel.class.php on line 329 and defined D:\project\health2\onethink\wwwroot\Application\Home\Model\DocumentModel.class.php 第 453 行.
NOTIC: [8] Undefined variable: information D:\project\health2\onethink\wwwroot\Application\Home\Model\DocumentModel.class.php 第 467 行.
SQL: SELECT `id`,`uid`,`name`,`title`,`category_id`,`group_id`,`description`,`root`,`pid`,`model_id`,`type`,`position`,`link_id`,`cover_id`,`display`,`deadline`,`attach`,`view`,`comment`,`extend`,`level`,`create_time`,`update_time`,`status`,`view_num` FROM `one_document` WHERE `status` = 1 AND `category_id` = 48 AND ( view_num = 4 ) ORDER BY 1  [ RunTime:0.0000s ]
SQL: SELECT * FROM `one_document_home` WHERE `id` = 16  [ RunTime:0.0000s ]
SQL: SHOW COLUMNS FROM `one_document_fourth_list` [ RunTime:0.0030s ]
SQL: SELECT one_document_fourth_list.id,one_document_fourth_list.list_title,one_document_fourth_list.en_title,one_document_fourth_list.list_title,one_document_fourth_list.list_subtitle,one_document_fourth_list.list_img,c.name FROM `one_document_fourth_list` INNER JOIN one_document d ON one_document_fourth_list.id=d.id INNER JOIN one_category c ON d.category_id=c.pid   [ RunTime:0.0000s ]
SQL: SELECT * FROM `one_picture` WHERE `id` = 18 LIMIT 1   [ RunTime:0.0000s ]
SQL: SELECT * FROM `one_picture` WHERE `id` = 19 LIMIT 1   [ RunTime:0.0000s ]
SQL: SELECT * FROM `one_picture` WHERE `id` = 20 LIMIT 1   [ RunTime:0.0000s ]
SQL: SELECT * FROM `one_file` WHERE `id` = 0 LIMIT 1   [ RunTime:0.0000s ]
NOTIC: [2] Missing argument 4 for Home\Model\DocumentModel::homeMap(), called in D:\project\health2\onethink\wwwroot\Application\Home\Model\DocumentModel.class.php on line 329 and defined D:\project\health2\onethink\wwwroot\Application\Home\Model\DocumentModel.class.php 第 453 行.
NOTIC: [8] Undefined variable: information D:\project\health2\onethink\wwwroot\Application\Home\Model\DocumentModel.class.php 第 467 行.
SQL: SELECT `id`,`uid`,`name`,`title`,`category_id`,`group_id`,`description`,`root`,`pid`,`model_id`,`type`,`position`,`link_id`,`cover_id`,`display`,`deadline`,`attach`,`view`,`comment`,`extend`,`level`,`create_time`,`update_time`,`status`,`view_num` FROM `one_document` WHERE `status` = 1 AND `category_id` = 50 AND ( view_num = 5 ) ORDER BY 1  [ RunTime:0.0000s ]
SQL: SELECT * FROM `one_document_home` WHERE `id` = 19  [ RunTime:0.0010s ]
SQL: SELECT a.id,a.list_title,a.sub_title,c.name,one_document.create_time FROM `one_document` INNER JOIN one_document_article_details a ON one_document.id=a.id INNER JOIN one_category c ON one_document.category_id=c.id  WHERE `category_id` = 69 ORDER BY `id` desc LIMIT 5   [ RunTime:0.0000s ]
SQL: SELECT a.id,a.list_title,a.sub_title,c.name,one_document.create_time FROM `one_document` INNER JOIN one_document_article_details a ON one_document.id=a.id INNER JOIN one_category c ON one_document.category_id=c.id  WHERE `category_id` = 70 ORDER BY `id` desc LIMIT 5   [ RunTime:0.0000s ]
NOTIC: [8] Undefined index: list D:\project\health2\onethink\wwwroot\Application\Home\Model\DocumentModel.class.php 第 430 行.
NOTIC: [2] Invalid argument supplied for foreach() D:\project\health2\onethink\wwwroot\Application\Home\Model\DocumentModel.class.php 第 430 行.
SQL: SELECT * FROM `one_file` WHERE `id` = 0 LIMIT 1   [ RunTime:0.0000s ]
NOTIC: [2] Missing argument 4 for Home\Model\DocumentModel::homeMap(), called in D:\project\health2\onethink\wwwroot\Application\Home\Model\DocumentModel.class.php on line 329 and defined D:\project\health2\onethink\wwwroot\Application\Home\Model\DocumentModel.class.php 第 453 行.
NOTIC: [8] Undefined variable: information D:\project\health2\onethink\wwwroot\Application\Home\Model\DocumentModel.class.php 第 467 行.
SQL: SELECT `id`,`uid`,`name`,`title`,`category_id`,`group_id`,`description`,`root`,`pid`,`model_id`,`type`,`position`,`link_id`,`cover_id`,`display`,`deadline`,`attach`,`view`,`comment`,`extend`,`level`,`create_time`,`update_time`,`status`,`view_num` FROM `one_document` WHERE `status` = 1 AND `category_id` = 54 AND ( view_num = 6 ) ORDER BY 1  [ RunTime:0.0000s ]
SQL: SELECT * FROM `one_document_home` WHERE `id` = 62  [ RunTime:0.0010s ]
SQL: SHOW COLUMNS FROM `one_document_sixth_list` [ RunTime:0.0030s ]
SQL: SELECT one_document_sixth_list.id,`list_title`,one_document_sixth_list.en_title,one_document_sixth_list.tel,`list_subtitle`,`list_img`,c.name FROM `one_document_sixth_list` INNER JOIN one_document d ON one_document_sixth_list.id=d.id left join one_category c ON d.category_id=c.pid  WHERE d.status = 1  [ RunTime:0.0000s ]
SQL: SHOW COLUMNS FROM `one_document_contact_us` [ RunTime:0.0030s ]
SQL: SELECT c.id,c.list_title,c.en_title,c.tel,d.view,p.path FROM one_document_contact_us c INNER JOIN one_document d ON c.id=d.id INNER JOIN one_picture p ON c.list_img=p.id   [ RunTime:0.0000s ]
SQL: SHOW COLUMNS FROM `one_document_propagandist_video` [ RunTime:0.0030s ]
SQL: SELECT v.id,v.list_title,v.en_title,d.view,p.path,f.savepath,f.savename FROM one_document_propagandist_video v INNER JOIN one_document d ON v.id=d.id INNER JOIN one_picture p ON v.video_img=p.id INNER JOIN one_file f ON v.video=f.id   [ RunTime:0.0010s ]
SQL: SELECT * FROM `one_picture` WHERE `id` = 21 LIMIT 1   [ RunTime:0.0000s ]
SQL: SELECT * FROM `one_picture` WHERE `id` = 21 LIMIT 1   [ RunTime:0.0000s ]
SQL: SELECT * FROM `one_picture` WHERE `id` = 21 LIMIT 1   [ RunTime:0.0000s ]
SQL: SELECT * FROM `one_file` WHERE `id` = 0 LIMIT 1   [ RunTime:0.0010s ]
INFO: [ view_parse ] --START--
INFO: [ template_filter ] --START--
INFO: Run Behavior\ContentReplaceBehavior [ RunTime:0.001000s ]
INFO: [ template_filter ] --END-- [ RunTime:0.001000s ]
SQL: SHOW COLUMNS FROM `one_channel` [ RunTime:0.0040s ]
SQL: SELECT `id`,`pid`,`title`,`en_title`,`url`,`sort`,`create_time`,`update_time`,`status`,`target` FROM `one_channel` WHERE ( status=1 ) ORDER BY `sort`  [ RunTime:0.0000s ]
NOTIC: [8] Use of undefined constant WEB_SITE_ADDRESS - assumed 'WEB_SITE_ADDRESS' D:\project\health2\onethink\wwwroot\Runtime\Cache\Home\769e70f2e46f34ceb60619bbda5e4691.php 第 382 行.
NOTIC: [8] Use of undefined constant WEB_SITE_ICP - assumed 'WEB_SITE_ICP' D:\project\health2\onethink\wwwroot\Runtime\Cache\Home\769e70f2e46f34ceb60619bbda5e4691.php 第 382 行.
NOTIC: [8] Use of undefined constant WEB_SITE_COPYRIGHT - assumed 'WEB_SITE_COPYRIGHT' D:\project\health2\onethink\wwwroot\Runtime\Cache\Home\769e70f2e46f34ceb60619bbda5e4691.php 第 382 行.
INFO: Run Behavior\ParseTemplateBehavior [ RunTime:0.025000s ]
INFO: [ view_parse ] --END-- [ RunTime:0.025000s ]
INFO: [ view_filter ] --START--
INFO: Run Behavior\WriteHtmlCacheBehavior [ RunTime:0.000000s ]
INFO: [ view_filter ] --END-- [ RunTime:0.000000s ]
INFO: [ app_end ] --START--
INFO: Run Behavior\ShowPageTraceBehavior [ RunTime:0.000000s ]
INFO: [ app_end ] --END-- [ RunTime:0.001000s ]

